mode: set
ollama-gateway/internal/function/agent/agent.go:20.139,21.19 1 0
ollama-gateway/internal/function/agent/agent.go:21.19,23.3 1 0
ollama-gateway/internal/function/agent/agent.go:24.2,24.25 1 0
ollama-gateway/internal/function/agent/agent.go:24.25,26.3 1 0
ollama-gateway/internal/function/agent/agent.go:27.2,31.3 1 0
ollama-gateway/internal/function/agent/agent.go:34.50,36.20 2 0
ollama-gateway/internal/function/agent/agent.go:36.20,38.3 1 0
ollama-gateway/internal/function/agent/agent.go:40.2,52.16 5 0
ollama-gateway/internal/function/agent/agent.go:52.16,54.3 1 0
ollama-gateway/internal/function/agent/agent.go:56.2,62.58 2 0
ollama-gateway/internal/function/agent/agent.go:62.58,64.3 1 0
ollama-gateway/internal/function/agent/agent.go:66.2,66.21 1 0
ollama-gateway/internal/function/agent/agent.go:66.21,68.18 2 0
ollama-gateway/internal/function/agent/agent.go:68.18,70.4 1 0
ollama-gateway/internal/function/agent/agent.go:71.3,71.71 1 0
ollama-gateway/internal/function/agent/agent.go:71.71,73.4 1 0
ollama-gateway/internal/function/agent/agent.go:75.3,76.9 2 0
ollama-gateway/internal/function/agent/agent.go:76.9,78.16 2 0
ollama-gateway/internal/function/agent/agent.go:78.16,81.5 2 0
ollama-gateway/internal/function/agent/agent.go:82.4,82.14 1 0
ollama-gateway/internal/function/agent/agent.go:84.3,85.58 2 0
ollama-gateway/internal/function/agent/agent.go:88.2,88.23 1 0
ollama-gateway/internal/function/agent/agent.go:88.23,90.3 1 0
ollama-gateway/internal/function/agent/agent.go:91.2,91.13 1 0
ollama-gateway/internal/function/agent/helpers.go:8.50,9.21 1 0
ollama-gateway/internal/function/agent/helpers.go:9.21,11.3 1 0
ollama-gateway/internal/function/agent/helpers.go:12.2,13.29 2 0
ollama-gateway/internal/function/agent/helpers.go:13.29,16.3 2 0
ollama-gateway/internal/function/agent/helpers.go:17.2,17.38 1 0
ollama-gateway/internal/function/agent/service.go:11.129,13.2 1 0
ollama-gateway/internal/function/agent/transport/agent.go:15.69,17.2 1 0
ollama-gateway/internal/function/agent/transport/agent.go:19.71,21.61 2 0
ollama-gateway/internal/function/agent/transport/agent.go:21.61,24.3 2 0
ollama-gateway/internal/function/agent/transport/agent.go:26.2,26.21 1 0
ollama-gateway/internal/function/agent/transport/agent.go:26.21,29.3 2 0
ollama-gateway/internal/function/agent/transport/agent.go:31.2,32.76 2 0
ollama-gateway/internal/function/agent/transport/http.go:9.59,11.2 1 0
ollama-gateway/cmd/copilot-cli/main.go:20.13,21.49 1 0
ollama-gateway/cmd/copilot-cli/main.go:21.49,24.3 2 0
ollama-gateway/cmd/copilot-cli/main.go:26.2,32.19 6 0
ollama-gateway/cmd/copilot-cli/main.go:32.19,35.3 2 0
ollama-gateway/cmd/copilot-cli/main.go:37.2,48.16 4 0
ollama-gateway/cmd/copilot-cli/main.go:48.16,51.3 2 0
ollama-gateway/cmd/copilot-cli/main.go:52.2,54.14 2 0
ollama-gateway/cmd/copilot-cli/main.go:54.14,56.65 2 0
ollama-gateway/cmd/copilot-cli/main.go:56.65,59.4 2 0
ollama-gateway/cmd/copilot-cli/main.go:60.3,62.9 3 0
ollama-gateway/cmd/copilot-cli/main.go:66.2,67.6 2 0
ollama-gateway/cmd/copilot-cli/main.go:67.6,69.17 2 0
ollama-gateway/cmd/copilot-cli/main.go:69.17,70.21 1 0
ollama-gateway/cmd/copilot-cli/main.go:70.21,71.10 1 0
ollama-gateway/cmd/copilot-cli/main.go:73.4,74.9 2 0
ollama-gateway/cmd/copilot-cli/main.go:76.3,77.17 2 0
ollama-gateway/cmd/copilot-cli/main.go:77.17,78.12 1 0
ollama-gateway/cmd/copilot-cli/main.go:80.3,80.39 1 0
ollama-gateway/cmd/copilot-cli/main.go:80.39,82.27 2 0
ollama-gateway/cmd/copilot-cli/main.go:82.27,83.10 1 0
ollama-gateway/cmd/copilot-cli/main.go:86.4,87.64 2 0
ollama-gateway/cmd/copilot-cli/main.go:87.64,89.13 2 0
ollama-gateway/cmd/copilot-cli/main.go:92.4,92.49 1 0
ollama-gateway/cmd/copilot-cli/main.go:92.49,94.46 1 0
ollama-gateway/cmd/copilot-cli/main.go:94.46,95.64 1 0
ollama-gateway/cmd/copilot-cli/main.go:95.64,96.59 1 0
ollama-gateway/cmd/copilot-cli/main.go:96.59,97.45 1 0
ollama-gateway/cmd/copilot-cli/main.go:97.45,98.59 1 0
ollama-gateway/cmd/copilot-cli/main.go:98.59,99.57 1 0
ollama-gateway/cmd/copilot-cli/main.go:99.57,101.19 2 0
ollama-gateway/cmd/copilot-cli/main.go:105.8,105.45 1 0
ollama-gateway/cmd/copilot-cli/main.go:105.45,106.57 1 0
ollama-gateway/cmd/copilot-cli/main.go:106.57,107.57 1 0
ollama-gateway/cmd/copilot-cli/main.go:107.57,109.19 2 0
ollama-gateway/cmd/copilot-cli/main.go:118.4,119.26 2 0
ollama-gateway/cmd/copilot-cli/main.go:124.35,127.39 3 0
ollama-gateway/cmd/copilot-cli/main.go:127.39,130.3 2 0
ollama-gateway/cmd/copilot-cli/main.go:132.2,141.16 3 0
ollama-gateway/cmd/copilot-cli/main.go:141.16,144.3 2 0
ollama-gateway/cmd/copilot-cli/main.go:145.2,147.53 2 0
ollama-gateway/cmd/copilot-cli/main.go:148.14,150.17 2 0
ollama-gateway/cmd/copilot-cli/main.go:150.17,153.4 2 0
ollama-gateway/cmd/copilot-cli/main.go:154.3,154.22 1 0
ollama-gateway/cmd/copilot-cli/main.go:154.22,157.4 2 0
ollama-gateway/cmd/copilot-cli/main.go:158.3,158.27 1 0
ollama-gateway/cmd/copilot-cli/main.go:158.27,160.4 1 0
ollama-gateway/cmd/copilot-cli/main.go:161.15,162.63 1 0
ollama-gateway/cmd/copilot-cli/main.go:162.63,165.4 2 0
ollama-gateway/cmd/copilot-cli/main.go:166.3,166.36 1 0
ollama-gateway/cmd/copilot-cli/main.go:167.16,168.65 1 0
ollama-gateway/cmd/copilot-cli/main.go:168.65,171.4 2 0
ollama-gateway/cmd/copilot-cli/main.go:172.3,172.41 1 0
ollama-gateway/cmd/copilot-cli/main.go:173.10,175.13 2 0
ollama-gateway/internal/function/api_explorer/transport/api_explorer.go:16.81,19.2 2 0
ollama-gateway/internal/function/api_explorer/transport/api_explorer.go:21.77,23.16 2 0
ollama-gateway/internal/function/api_explorer/transport/api_explorer.go:23.16,26.3 2 0
ollama-gateway/internal/function/api_explorer/transport/api_explorer.go:28.2,30.30 3 0
ollama-gateway/internal/function/api_explorer/transport/api_explorer.go:33.77,38.2 1 0
ollama-gateway/internal/function/api_explorer/transport/http.go:9.59,11.2 1 0
ollama-gateway/cmd/server/main.go:19.13,25.16 5 0
ollama-gateway/cmd/server/main.go:25.16,28.3 2 0
ollama-gateway/cmd/server/main.go:29.2,29.15 1 0
ollama-gateway/cmd/server/main.go:29.15,32.60 3 0
ollama-gateway/cmd/server/main.go:32.60,34.4 1 0
ollama-gateway/cmd/server/main.go:37.2,38.43 2 0
ollama-gateway/cmd/server/main.go:39.15,41.17 2 0
ollama-gateway/cmd/server/main.go:41.17,44.4 2 0
ollama-gateway/cmd/server/main.go:45.3,46.28 2 0
ollama-gateway/cmd/server/main.go:47.10,48.35 1 0
ollama-gateway/cmd/server/main.go:51.2,59.16 2 0
ollama-gateway/cmd/server/main.go:59.16,62.3 2 0
ollama-gateway/cmd/server/main.go:63.2,64.72 2 0
ollama-gateway/cmd/server/main.go:64.72,67.3 2 0
ollama-gateway/cmd/server/main.go:69.2,75.12 5 0
ollama-gateway/cmd/server/main.go:75.12,77.3 1 0
ollama-gateway/cmd/server/main.go:79.2,79.9 1 0
ollama-gateway/cmd/server/main.go:80.22,81.17 1 0
ollama-gateway/cmd/server/main.go:81.17,84.4 2 0
ollama-gateway/cmd/server/main.go:85.20,90.51 4 0
ollama-gateway/cmd/server/main.go:90.51,94.4 3 0
ollama-gateway/cmd/server/main.go:96.3,96.33 1 0
ollama-gateway/cmd/server/main.go:96.33,99.4 2 0
ollama-gateway/cmd/server/main.go:101.3,101.30 1 0
ollama-gateway/internal/function/architect/transport/architect.go:22.73,24.2 1 0
ollama-gateway/internal/function/architect/transport/architect.go:26.83,28.16 2 0
ollama-gateway/internal/function/architect/transport/architect.go:28.16,31.3 2 0
ollama-gateway/internal/function/architect/transport/architect.go:32.2,32.46 1 0
ollama-gateway/internal/function/architect/transport/architect.go:35.84,37.61 2 0
ollama-gateway/internal/function/architect/transport/architect.go:37.61,40.3 2 0
ollama-gateway/internal/function/architect/transport/architect.go:41.2,41.39 1 0
ollama-gateway/internal/function/architect/transport/architect.go:41.39,44.3 2 0
ollama-gateway/internal/function/architect/transport/architect.go:46.2,47.16 2 0
ollama-gateway/internal/function/architect/transport/architect.go:47.16,49.10 2 0
ollama-gateway/internal/function/architect/transport/architect.go:50.93,51.54 1 0
ollama-gateway/internal/function/architect/transport/architect.go:52.39,53.72 1 0
ollama-gateway/internal/function/architect/transport/architect.go:54.11,55.63 1 0
ollama-gateway/internal/function/architect/transport/architect.go:57.3,57.9 1 0
ollama-gateway/internal/function/architect/transport/architect.go:60.2,60.88 1 0
ollama-gateway/internal/function/architect/transport/architect.go:63.83,65.61 2 0
ollama-gateway/internal/function/architect/transport/architect.go:65.61,68.3 2 0
ollama-gateway/internal/function/architect/transport/architect.go:69.2,69.39 1 0
ollama-gateway/internal/function/architect/transport/architect.go:69.39,72.3 2 0
ollama-gateway/internal/function/architect/transport/architect.go:74.2,75.16 2 0
ollama-gateway/internal/function/architect/transport/architect.go:75.16,77.10 2 0
ollama-gateway/internal/function/architect/transport/architect.go:78.93,79.54 1 0
ollama-gateway/internal/function/architect/transport/architect.go:80.39,81.72 1 0
ollama-gateway/internal/function/architect/transport/architect.go:82.11,83.63 1 0
ollama-gateway/internal/function/architect/transport/architect.go:85.3,85.9 1 0
ollama-gateway/internal/function/architect/transport/architect.go:88.2,88.46 1 0
ollama-gateway/internal/function/architect/transport/http.go:9.53,11.2 1 0
ollama-gateway/internal/function/cache/service.go:38.130,39.19 1 0
ollama-gateway/internal/function/cache/service.go:39.19,41.3 1 0
ollama-gateway/internal/function/cache/service.go:42.2,42.14 1 0
ollama-gateway/internal/function/cache/service.go:42.14,44.3 1 0
ollama-gateway/internal/function/cache/service.go:45.2,46.18 2 0
ollama-gateway/internal/function/cache/service.go:46.18,48.3 1 0
ollama-gateway/internal/function/cache/service.go:49.2,56.3 1 0
ollama-gateway/internal/function/cache/service.go:59.104,60.34 1 0
ollama-gateway/internal/function/cache/service.go:60.34,62.3 1 0
ollama-gateway/internal/function/cache/service.go:63.2,64.16 2 0
ollama-gateway/internal/function/cache/service.go:64.16,66.3 1 0
ollama-gateway/internal/function/cache/service.go:67.2,68.34 2 0
ollama-gateway/internal/function/cache/service.go:68.34,71.3 2 0
ollama-gateway/internal/function/cache/service.go:72.2,72.16 1 0
ollama-gateway/internal/function/cache/service.go:72.16,74.3 1 0
ollama-gateway/internal/function/cache/service.go:75.2,76.48 2 0
ollama-gateway/internal/function/cache/service.go:76.48,79.3 2 0
ollama-gateway/internal/function/cache/service.go:80.2,81.23 2 0
ollama-gateway/internal/function/cache/service.go:84.102,85.34 1 0
ollama-gateway/internal/function/cache/service.go:85.34,87.3 1 0
ollama-gateway/internal/function/cache/service.go:88.2,89.16 2 0
ollama-gateway/internal/function/cache/service.go:89.16,91.3 1 0
ollama-gateway/internal/function/cache/service.go:92.2,94.16 3 0
ollama-gateway/internal/function/cache/service.go:94.16,96.3 1 0
ollama-gateway/internal/function/cache/service.go:97.2,97.43 1 0
ollama-gateway/internal/function/cache/service.go:100.101,101.34 1 0
ollama-gateway/internal/function/cache/service.go:101.34,103.3 1 0
ollama-gateway/internal/function/cache/service.go:104.2,105.16 2 0
ollama-gateway/internal/function/cache/service.go:105.16,107.3 1 0
ollama-gateway/internal/function/cache/service.go:108.2,109.34 2 0
ollama-gateway/internal/function/cache/service.go:109.34,111.3 1 0
ollama-gateway/internal/function/cache/service.go:112.2,112.16 1 0
ollama-gateway/internal/function/cache/service.go:112.16,114.3 1 0
ollama-gateway/internal/function/cache/service.go:115.2,115.29 1 0
ollama-gateway/internal/function/cache/service.go:118.96,119.34 1 0
ollama-gateway/internal/function/cache/service.go:119.34,121.3 1 0
ollama-gateway/internal/function/cache/service.go:122.2,123.16 2 0
ollama-gateway/internal/function/cache/service.go:123.16,125.3 1 0
ollama-gateway/internal/function/cache/service.go:126.2,126.53 1 0
ollama-gateway/internal/function/cache/service.go:129.79,130.34 1 0
ollama-gateway/internal/function/cache/service.go:130.34,132.3 1 0
ollama-gateway/internal/function/cache/service.go:133.2,135.86 3 0
ollama-gateway/internal/function/cache/service.go:135.86,137.3 1 0
ollama-gateway/internal/function/cache/service.go:138.2,141.12 4 0
ollama-gateway/internal/function/cache/service.go:144.107,146.16 2 0
ollama-gateway/internal/function/cache/service.go:146.16,148.3 1 0
ollama-gateway/internal/function/cache/service.go:149.2,150.99 2 0
ollama-gateway/internal/function/cache/service.go:153.95,155.16 2 0
ollama-gateway/internal/function/cache/service.go:155.16,157.3 1 0
ollama-gateway/internal/function/cache/service.go:158.2,159.100 2 0
ollama-gateway/internal/function/cache/service.go:162.86,165.51 3 0
ollama-gateway/internal/function/cache/service.go:165.51,168.3 2 0
ollama-gateway/internal/function/cache/service.go:169.2,173.34 4 0
ollama-gateway/internal/function/cache/service.go:173.34,175.64 2 0
ollama-gateway/internal/function/cache/service.go:175.64,177.4 1 0
ollama-gateway/internal/function/cache/service.go:178.3,181.16 4 0
ollama-gateway/internal/function/cache/service.go:183.2,183.16 1 0
ollama-gateway/internal/function/cache/service.go:183.16,185.3 1 0
ollama-gateway/internal/function/cache/service.go:186.2,187.13 2 0
ollama-gateway/internal/function/cache/service.go:187.13,189.3 1 0
ollama-gateway/internal/function/cache/service.go:190.2,193.15 4 0
ollama-gateway/internal/function/cache/service.go:196.55,198.2 1 0
ollama-gateway/internal/function/cache/service.go:200.50,202.21 2 0
ollama-gateway/internal/function/cache/service.go:202.21,204.3 1 0
ollama-gateway/internal/function/cache/service.go:205.2,208.18 4 0
ollama-gateway/internal/function/cache/service.go:211.38,215.2 3 0
ollama-gateway/internal/function/cache/service.go:217.32,218.34 1 0
ollama-gateway/internal/function/cache/service.go:218.34,220.3 1 0
ollama-gateway/internal/function/cache/service.go:221.2,221.29 1 0
ollama-gateway/internal/function/cache/service.go:224.33,225.34 1 0
ollama-gateway/internal/function/cache/service.go:225.34,227.3 1 0
ollama-gateway/internal/function/cache/service.go:228.2,228.30 1 0
ollama-gateway/internal/function/auth/transport/auth.go:18.52,20.2 1 0
ollama-gateway/internal/function/auth/transport/auth.go:22.69,24.61 2 0
ollama-gateway/internal/function/auth/transport/auth.go:24.61,27.3 2 0
ollama-gateway/internal/function/auth/transport/auth.go:29.2,29.46 1 0
ollama-gateway/internal/function/auth/transport/auth.go:29.46,32.3 2 0
ollama-gateway/internal/function/auth/transport/auth.go:36.2,36.56 1 0
ollama-gateway/internal/function/auth/transport/auth.go:36.56,39.3 2 0
ollama-gateway/internal/function/auth/transport/auth.go:41.2,42.74 2 0
ollama-gateway/internal/function/auth/transport/auth.go:45.57,55.2 3 0
ollama-gateway/internal/function/auth/transport/http.go:5.44,7.2 1 0
ollama-gateway/internal/function/audit/transport/audit.go:16.53,18.2 1 0
ollama-gateway/internal/function/audit/transport/audit.go:20.64,21.30 1 0
ollama-gateway/internal/function/audit/transport/audit.go:21.30,24.3 2 0
ollama-gateway/internal/function/audit/transport/audit.go:26.2,27.69 2 0
ollama-gateway/internal/function/audit/transport/audit.go:27.69,28.46 1 0
ollama-gateway/internal/function/audit/transport/audit.go:28.46,30.4 1 0
ollama-gateway/internal/function/audit/transport/audit.go:32.2,36.78 4 0
ollama-gateway/internal/function/audit/transport/audit.go:36.78,39.58 3 0
ollama-gateway/internal/function/audit/transport/audit.go:39.58,41.4 1 0
ollama-gateway/internal/function/audit/transport/audit.go:42.3,42.9 1 0
ollama-gateway/internal/function/audit/transport/audit.go:45.2,48.4 1 0
ollama-gateway/internal/function/chat/transport/chat.go:15.63,17.2 1 0
ollama-gateway/internal/function/chat/transport/chat.go:19.70,21.61 2 0
ollama-gateway/internal/function/chat/transport/chat.go:21.61,24.3 2 0
ollama-gateway/internal/function/chat/transport/chat.go:26.2,26.28 1 0
ollama-gateway/internal/function/chat/transport/chat.go:26.28,29.3 2 0
ollama-gateway/internal/function/chat/transport/chat.go:31.2,32.33 2 0
ollama-gateway/internal/function/chat/transport/chat.go:32.33,34.3 1 0
ollama-gateway/internal/function/chat/transport/chat.go:35.2,37.16 2 0
ollama-gateway/internal/function/chat/transport/chat.go:37.16,38.53 1 0
ollama-gateway/internal/function/chat/transport/chat.go:38.53,41.4 2 0
ollama-gateway/internal/function/chat/transport/chat.go:42.3,42.85 1 0
ollama-gateway/internal/function/chat/transport/chat.go:42.85,48.4 1 0
ollama-gateway/internal/function/chat/transport/chat.go:48.18,50.4 1 0
ollama-gateway/internal/function/chat/transport/chat.go:51.3,52.9 2 0
ollama-gateway/internal/function/chat/transport/chat.go:55.2,56.16 2 0
ollama-gateway/internal/function/chat/transport/chat.go:56.16,59.3 2 0
ollama-gateway/internal/function/chat/transport/chat.go:61.2,72.48 2 0
ollama-gateway/internal/function/chat/transport/http.go:9.48,11.2 1 0
ollama-gateway/internal/function/chat/transport/prompt_context.go:9.65,10.14 1 0
ollama-gateway/internal/function/chat/transport/prompt_context.go:10.14,12.3 1 0
ollama-gateway/internal/function/chat/transport/prompt_context.go:13.2,14.21 2 0
ollama-gateway/internal/function/chat/transport/prompt_context.go:14.21,16.3 1 0
ollama-gateway/internal/function/chat/transport/prompt_context.go:17.2,17.52 1 0
ollama-gateway/internal/function/commitgen/transport/commitgen.go:24.73,26.2 1 0
ollama-gateway/internal/function/commitgen/transport/commitgen.go:28.76,30.61 2 0
ollama-gateway/internal/function/commitgen/transport/commitgen.go:30.61,33.3 2 0
ollama-gateway/internal/function/commitgen/transport/commitgen.go:34.2,34.39 1 0
ollama-gateway/internal/function/commitgen/transport/commitgen.go:34.39,37.3 2 0
ollama-gateway/internal/function/commitgen/transport/commitgen.go:39.2,40.16 2 0
ollama-gateway/internal/function/commitgen/transport/commitgen.go:40.16,43.3 2 0
ollama-gateway/internal/function/commitgen/transport/commitgen.go:45.2,48.4 1 0
ollama-gateway/internal/function/commitgen/transport/commitgen.go:51.75,53.25 2 0
ollama-gateway/internal/function/commitgen/transport/commitgen.go:53.25,54.62 1 0
ollama-gateway/internal/function/commitgen/transport/commitgen.go:54.62,57.4 2 0
ollama-gateway/internal/function/commitgen/transport/commitgen.go:60.2,61.16 2 0
ollama-gateway/internal/function/commitgen/transport/commitgen.go:61.16,64.3 2 0
ollama-gateway/internal/function/commitgen/transport/commitgen.go:66.2,69.4 1 0
ollama-gateway/internal/function/commitgen/transport/commitgen.go:72.80,74.9 2 0
ollama-gateway/internal/function/commitgen/transport/commitgen.go:75.259,76.53 1 0
ollama-gateway/internal/function/commitgen/transport/commitgen.go:77.10,78.62 1 0
ollama-gateway/internal/function/commitgen/transport/http.go:9.53,11.2 1 0
ollama-gateway/internal/function/cicd/transport/cicd.go:29.58,31.2 1 0
ollama-gateway/internal/function/cicd/transport/cicd.go:33.80,35.61 2 0
ollama-gateway/internal/function/cicd/transport/cicd.go:35.61,38.3 2 0
ollama-gateway/internal/function/cicd/transport/cicd.go:39.2,39.43 1 0
ollama-gateway/internal/function/cicd/transport/cicd.go:39.43,42.3 2 0
ollama-gateway/internal/function/cicd/transport/cicd.go:44.2,45.16 2 0
ollama-gateway/internal/function/cicd/transport/cicd.go:45.16,48.3 2 0
ollama-gateway/internal/function/cicd/transport/cicd.go:50.2,52.15 3 0
ollama-gateway/internal/function/cicd/transport/cicd.go:52.15,54.17 2 0
ollama-gateway/internal/function/cicd/transport/cicd.go:54.17,57.4 2 0
ollama-gateway/internal/function/cicd/transport/cicd.go:60.2,67.4 1 0
ollama-gateway/internal/function/cicd/transport/cicd.go:70.80,72.61 2 0
ollama-gateway/internal/function/cicd/transport/cicd.go:72.61,75.3 2 0
ollama-gateway/internal/function/cicd/transport/cicd.go:76.2,76.43 1 0
ollama-gateway/internal/function/cicd/transport/cicd.go:76.43,79.3 2 0
ollama-gateway/internal/function/cicd/transport/cicd.go:80.2,80.43 1 0
ollama-gateway/internal/function/cicd/transport/cicd.go:80.43,83.3 2 0
ollama-gateway/internal/function/cicd/transport/cicd.go:85.2,86.16 2 0
ollama-gateway/internal/function/cicd/transport/cicd.go:86.16,89.3 2 0
ollama-gateway/internal/function/cicd/transport/cicd.go:91.2,95.4 1 0
ollama-gateway/internal/function/cicd/transport/cicd.go:98.75,100.9 2 0
ollama-gateway/internal/function/cicd/transport/cicd.go:101.212,102.53 1 0
ollama-gateway/internal/function/cicd/transport/cicd.go:103.38,104.71 1 0
ollama-gateway/internal/function/cicd/transport/cicd.go:105.10,106.62 1 0
ollama-gateway/internal/function/cicd/transport/http.go:9.48,11.2 1 0
ollama-gateway/internal/function/complete/service.go:32.82,33.43 1 0
ollama-gateway/internal/function/complete/service.go:33.43,35.3 1 0
ollama-gateway/internal/function/complete/service.go:36.2,36.61 1 0
ollama-gateway/internal/function/complete/service.go:39.91,40.33 1 0
ollama-gateway/internal/function/complete/service.go:40.33,42.3 1 0
ollama-gateway/internal/function/complete/service.go:43.2,44.56 2 0
ollama-gateway/internal/function/complete/service.go:44.56,46.3 1 0
ollama-gateway/internal/function/complete/service.go:47.2,48.17 2 0
ollama-gateway/internal/function/complete/service.go:48.17,50.3 1 0
ollama-gateway/internal/function/complete/service.go:51.2,53.16 3 0
ollama-gateway/internal/function/complete/service.go:53.16,55.3 1 0
ollama-gateway/internal/function/complete/service.go:56.2,57.16 2 0
ollama-gateway/internal/function/complete/service.go:57.16,59.3 1 0
ollama-gateway/internal/function/complete/service.go:60.2,60.78 1 0
ollama-gateway/internal/function/complete/transport/complete.go:18.56,20.2 1 0
ollama-gateway/internal/function/complete/transport/complete.go:22.68,23.30 1 0
ollama-gateway/internal/function/complete/transport/complete.go:23.30,26.3 2 0
ollama-gateway/internal/function/complete/transport/complete.go:28.2,29.61 2 0
ollama-gateway/internal/function/complete/transport/complete.go:29.61,32.3 2 0
ollama-gateway/internal/function/complete/transport/complete.go:34.2,38.16 4 0
ollama-gateway/internal/function/complete/transport/complete.go:38.16,40.50 2 0
ollama-gateway/internal/function/complete/transport/complete.go:40.50,42.4 1 0
ollama-gateway/internal/function/complete/transport/complete.go:43.3,43.83 1 0
ollama-gateway/internal/function/complete/transport/complete.go:43.83,45.4 1 0
ollama-gateway/internal/function/complete/transport/complete.go:46.3,47.9 2 0
ollama-gateway/internal/function/complete/transport/complete.go:50.2,53.4 1 0
ollama-gateway/internal/function/context/service.go:63.67,64.19 1 0
ollama-gateway/internal/function/context/service.go:64.19,66.3 1 0
ollama-gateway/internal/function/context/service.go:67.2,68.21 2 0
ollama-gateway/internal/function/context/service.go:68.21,70.3 1 0
ollama-gateway/internal/function/context/service.go:71.2,75.3 1 0
ollama-gateway/internal/function/context/service.go:78.83,80.16 2 0
ollama-gateway/internal/function/context/service.go:80.16,82.3 1 0
ollama-gateway/internal/function/context/service.go:83.2,83.30 1 0
ollama-gateway/internal/function/context/service.go:83.30,85.3 1 0
ollama-gateway/internal/function/context/service.go:87.2,88.15 2 0
ollama-gateway/internal/function/context/service.go:88.15,90.3 1 0
ollama-gateway/internal/function/context/service.go:91.2,92.19 2 0
ollama-gateway/internal/function/context/service.go:92.19,94.3 1 0
ollama-gateway/internal/function/context/service.go:96.2,100.70 4 0
ollama-gateway/internal/function/context/service.go:100.70,103.3 2 0
ollama-gateway/internal/function/context/service.go:104.2,104.65 1 0
ollama-gateway/internal/function/context/service.go:104.65,106.39 2 0
ollama-gateway/internal/function/context/service.go:106.39,108.4 1 0
ollama-gateway/internal/function/context/service.go:111.2,112.46 2 0
ollama-gateway/internal/function/context/service.go:112.46,114.3 1 0
ollama-gateway/internal/function/context/service.go:116.2,117.38 2 0
ollama-gateway/internal/function/context/service.go:117.38,119.3 1 0
ollama-gateway/internal/function/context/service.go:121.2,121.25 1 0
ollama-gateway/internal/function/context/service.go:121.25,128.32 4 0
ollama-gateway/internal/function/context/service.go:128.32,131.4 2 0
ollama-gateway/internal/function/context/service.go:132.3,132.22 1 0
ollama-gateway/internal/function/context/service.go:132.22,135.33 3 0
ollama-gateway/internal/function/context/service.go:135.33,136.13 1 0
ollama-gateway/internal/function/context/service.go:138.4,139.56 2 0
ollama-gateway/internal/function/context/service.go:139.56,141.59 2 0
ollama-gateway/internal/function/context/service.go:141.59,143.6 1 0
ollama-gateway/internal/function/context/service.go:144.5,144.63 1 0
ollama-gateway/internal/function/context/service.go:144.63,145.14 1 0
ollama-gateway/internal/function/context/service.go:147.5,148.67 2 0
ollama-gateway/internal/function/context/service.go:153.2,153.21 1 0
ollama-gateway/internal/function/context/service.go:153.21,154.39 1 0
ollama-gateway/internal/function/context/service.go:154.39,156.18 2 0
ollama-gateway/internal/function/context/service.go:156.18,157.13 1 0
ollama-gateway/internal/function/context/service.go:159.4,160.37 2 0
ollama-gateway/internal/function/context/service.go:160.37,162.5 1 0
ollama-gateway/internal/function/context/service.go:166.2,166.22 1 0
ollama-gateway/internal/function/context/service.go:166.22,168.3 1 0
ollama-gateway/internal/function/context/service.go:170.2,171.34 2 0
ollama-gateway/internal/function/context/service.go:171.34,175.17 4 0
ollama-gateway/internal/function/context/service.go:175.17,177.4 1 0
ollama-gateway/internal/function/context/service.go:177.9,177.31 1 0
ollama-gateway/internal/function/context/service.go:177.31,179.4 1 0
ollama-gateway/internal/function/context/service.go:180.3,186.5 1 0
ollama-gateway/internal/function/context/service.go:189.2,189.42 1 0
ollama-gateway/internal/function/context/service.go:189.42,190.43 1 0
ollama-gateway/internal/function/context/service.go:190.43,191.44 1 0
ollama-gateway/internal/function/context/service.go:191.44,193.5 1 0
ollama-gateway/internal/function/context/service.go:194.4,194.46 1 0
ollama-gateway/internal/function/context/service.go:196.3,196.45 1 0
ollama-gateway/internal/function/context/service.go:198.2,198.25 1 0
ollama-gateway/internal/function/context/service.go:198.25,200.3 1 0
ollama-gateway/internal/function/context/service.go:201.2,201.21 1 0
ollama-gateway/internal/function/context/service.go:204.53,209.16 5 0
ollama-gateway/internal/function/context/service.go:209.16,211.3 1 0
ollama-gateway/internal/function/context/service.go:213.2,214.16 2 0
ollama-gateway/internal/function/context/service.go:214.16,215.31 1 0
ollama-gateway/internal/function/context/service.go:215.31,218.4 2 0
ollama-gateway/internal/function/context/service.go:219.3,219.30 1 0
ollama-gateway/internal/function/context/service.go:222.2,225.19 4 0
ollama-gateway/internal/function/context/service.go:228.55,239.35 5 0
ollama-gateway/internal/function/context/service.go:239.35,241.17 2 0
ollama-gateway/internal/function/context/service.go:241.17,242.12 1 0
ollama-gateway/internal/function/context/service.go:244.3,245.87 2 0
ollama-gateway/internal/function/context/service.go:245.87,246.22 1 0
ollama-gateway/internal/function/context/service.go:246.22,248.5 1 0
ollama-gateway/internal/function/context/service.go:249.4,249.17 1 0
ollama-gateway/internal/function/context/service.go:249.17,251.101 2 0
ollama-gateway/internal/function/context/service.go:251.101,253.6 1 0
ollama-gateway/internal/function/context/service.go:254.5,254.15 1 0
ollama-gateway/internal/function/context/service.go:256.4,257.80 2 0
ollama-gateway/internal/function/context/service.go:257.80,259.5 1 0
ollama-gateway/internal/function/context/service.go:261.4,263.25 3 0
ollama-gateway/internal/function/context/service.go:263.25,265.19 2 0
ollama-gateway/internal/function/context/service.go:265.19,267.6 1 0
ollama-gateway/internal/function/context/service.go:268.5,268.40 1 0
ollama-gateway/internal/function/context/service.go:268.40,270.17 2 0
ollama-gateway/internal/function/context/service.go:270.17,272.7 1 0
ollama-gateway/internal/function/context/service.go:276.4,277.18 2 0
ollama-gateway/internal/function/context/service.go:277.18,279.5 1 0
ollama-gateway/internal/function/context/service.go:280.4,282.21 3 0
ollama-gateway/internal/function/context/service.go:282.21,284.5 1 0
ollama-gateway/internal/function/context/service.go:286.4,291.57 5 0
ollama-gateway/internal/function/context/service.go:291.57,293.5 1 0
ollama-gateway/internal/function/context/service.go:294.4,294.24 1 0
ollama-gateway/internal/function/context/service.go:294.24,295.21 1 0
ollama-gateway/internal/function/context/service.go:295.21,297.6 1 0
ollama-gateway/internal/function/context/service.go:297.11,299.6 1 0
ollama-gateway/internal/function/context/service.go:301.4,301.14 1 0
ollama-gateway/internal/function/context/service.go:305.2,308.32 4 0
ollama-gateway/internal/function/context/service.go:308.32,311.3 2 0
ollama-gateway/internal/function/context/service.go:312.2,312.31 1 0
ollama-gateway/internal/function/context/service.go:312.31,313.36 1 0
ollama-gateway/internal/function/context/service.go:313.36,315.32 2 0
ollama-gateway/internal/function/context/service.go:315.32,316.19 1 0
ollama-gateway/internal/function/context/service.go:316.19,317.14 1 0
ollama-gateway/internal/function/context/service.go:319.5,320.31 2 0
ollama-gateway/internal/function/context/service.go:325.2,325.96 1 0
ollama-gateway/internal/function/context/service.go:328.69,330.15 2 0
ollama-gateway/internal/function/context/service.go:330.15,332.3 1 0
ollama-gateway/internal/function/context/service.go:333.2,333.39 1 0
ollama-gateway/internal/function/context/service.go:336.75,338.15 2 0
ollama-gateway/internal/function/context/service.go:338.15,340.3 1 0
ollama-gateway/internal/function/context/service.go:341.2,341.43 1 0
ollama-gateway/internal/function/context/service.go:341.43,343.3 1 0
ollama-gateway/internal/function/context/service.go:344.2,344.44 1 0
ollama-gateway/internal/function/context/service.go:344.44,345.45 1 0
ollama-gateway/internal/function/context/service.go:345.45,347.4 1 0
ollama-gateway/internal/function/context/service.go:349.2,349.12 1 0
ollama-gateway/internal/function/context/service.go:352.38,353.20 1 0
ollama-gateway/internal/function/context/service.go:353.20,355.3 1 0
ollama-gateway/internal/function/context/service.go:356.2,358.29 3 0
ollama-gateway/internal/function/context/service.go:358.29,359.30 1 0
ollama-gateway/internal/function/context/service.go:359.30,360.12 1 0
ollama-gateway/internal/function/context/service.go:362.3,363.26 2 0
ollama-gateway/internal/function/context/service.go:365.2,365.12 1 0
ollama-gateway/internal/function/context/service.go:368.93,370.21 2 0
ollama-gateway/internal/function/context/service.go:370.21,372.3 1 0
ollama-gateway/internal/function/context/service.go:373.2,373.31 1 0
ollama-gateway/internal/function/context/service.go:373.31,374.52 1 0
ollama-gateway/internal/function/context/service.go:374.52,375.38 1 0
ollama-gateway/internal/function/context/service.go:375.38,377.5 1 0
ollama-gateway/internal/function/context/service.go:379.8,380.36 1 0
ollama-gateway/internal/function/context/service.go:380.36,382.50 2 0
ollama-gateway/internal/function/context/service.go:382.50,383.39 1 0
ollama-gateway/internal/function/context/service.go:383.39,385.6 1 0
ollama-gateway/internal/function/context/service.go:390.2,391.25 2 0
ollama-gateway/internal/function/context/service.go:391.25,392.56 1 0
ollama-gateway/internal/function/context/service.go:392.56,394.4 1 0
ollama-gateway/internal/function/context/service.go:396.2,396.18 1 0
ollama-gateway/internal/function/context/service.go:399.70,401.16 2 0
ollama-gateway/internal/function/context/service.go:401.16,403.3 1 0
ollama-gateway/internal/function/context/service.go:404.2,404.35 1 0
ollama-gateway/internal/function/context/service.go:404.35,405.75 1 0
ollama-gateway/internal/function/context/service.go:405.75,407.4 1 0
ollama-gateway/internal/function/context/service.go:409.2,409.18 1 0
ollama-gateway/internal/function/context/service.go:414.64,416.22 2 0
ollama-gateway/internal/function/context/service.go:416.22,418.3 1 0
ollama-gateway/internal/function/context/service.go:419.2,420.31 2 0
ollama-gateway/internal/function/context/service.go:420.31,422.17 2 0
ollama-gateway/internal/function/context/service.go:422.17,423.12 1 0
ollama-gateway/internal/function/context/service.go:425.3,425.33 1 0
ollama-gateway/internal/function/context/service.go:425.33,427.77 2 0
ollama-gateway/internal/function/context/service.go:427.77,429.5 1 0
ollama-gateway/internal/function/context/service.go:432.2,432.20 1 0
ollama-gateway/internal/function/context/service.go:437.53,440.32 3 0
ollama-gateway/internal/function/context/service.go:440.32,442.3 1 0
ollama-gateway/internal/function/context/service.go:443.2,443.14 1 0
ollama-gateway/internal/function/context/service.go:446.72,447.22 1 0
ollama-gateway/internal/function/context/service.go:447.22,449.3 1 0
ollama-gateway/internal/function/context/service.go:450.2,452.36 3 0
ollama-gateway/internal/function/context/service.go:452.36,453.36 1 0
ollama-gateway/internal/function/context/service.go:453.36,455.4 1 0
ollama-gateway/internal/function/context/service.go:457.2,457.17 1 0
ollama-gateway/internal/function/context/service.go:457.17,459.3 1 0
ollama-gateway/internal/function/context/service.go:460.2,460.14 1 0
ollama-gateway/internal/function/context/service.go:463.41,465.16 2 0
ollama-gateway/internal/function/context/service.go:465.16,467.3 1 0
ollama-gateway/internal/function/context/service.go:468.2,468.54 1 0
ollama-gateway/internal/function/context/service.go:468.54,470.44 2 0
ollama-gateway/internal/function/context/service.go:470.44,472.4 1 0
ollama-gateway/internal/function/context/service.go:474.2,474.11 1 0
ollama-gateway/internal/function/context/service.go:479.59,481.33 2 0
ollama-gateway/internal/function/context/service.go:481.33,483.3 1 0
ollama-gateway/internal/function/context/service.go:484.2,486.21 3 0
ollama-gateway/internal/function/context/service.go:486.21,488.97 2 0
ollama-gateway/internal/function/context/service.go:488.97,489.12 1 0
ollama-gateway/internal/function/context/service.go:491.3,491.51 1 0
ollama-gateway/internal/function/context/service.go:491.51,492.17 1 0
ollama-gateway/internal/function/context/service.go:492.17,494.5 1 0
ollama-gateway/internal/function/context/service.go:497.2,497.24 1 0
ollama-gateway/internal/function/context/service.go:502.50,504.23 2 0
ollama-gateway/internal/function/context/service.go:504.23,506.3 1 0
ollama-gateway/internal/function/context/service.go:507.2,508.28 2 0
ollama-gateway/internal/function/context/service.go:508.28,509.17 1 0
ollama-gateway/internal/function/context/service.go:509.17,511.4 1 0
ollama-gateway/internal/function/context/service.go:513.2,513.12 1 0
ollama-gateway/internal/function/context/transport/context.go:23.55,25.2 1 0
ollama-gateway/internal/function/context/transport/context.go:27.67,28.30 1 0
ollama-gateway/internal/function/context/transport/context.go:28.30,31.3 2 0
ollama-gateway/internal/function/context/transport/context.go:33.2,34.61 2 0
ollama-gateway/internal/function/context/transport/context.go:34.61,37.3 2 0
ollama-gateway/internal/function/context/transport/context.go:38.2,38.82 1 0
ollama-gateway/internal/function/context/transport/context.go:38.82,41.3 2 0
ollama-gateway/internal/function/context/transport/context.go:43.2,49.16 2 0
ollama-gateway/internal/function/context/transport/context.go:49.16,52.3 2 0
ollama-gateway/internal/function/context/transport/context.go:54.2,60.4 1 0
ollama-gateway/internal/config/config.go:80.21,82.16 2 1
ollama-gateway/internal/config/config.go:82.16,85.3 2 0
ollama-gateway/internal/config/config.go:86.2,86.12 1 1
ollama-gateway/internal/config/config.go:89.39,90.53 1 1
ollama-gateway/internal/config/config.go:90.53,92.3 1 1
ollama-gateway/internal/config/config.go:93.2,93.27 1 1
ollama-gateway/internal/config/config.go:96.28,100.24 4 1
ollama-gateway/internal/config/config.go:100.24,102.3 1 1
ollama-gateway/internal/config/config.go:103.2,163.3 3 1
ollama-gateway/internal/config/config.go:166.50,168.9 2 1
ollama-gateway/internal/config/config.go:168.9,170.3 1 1
ollama-gateway/internal/config/config.go:171.2,172.16 2 1
ollama-gateway/internal/config/config.go:172.16,174.3 1 0
ollama-gateway/internal/config/config.go:175.2,176.16 2 1
ollama-gateway/internal/config/config.go:176.16,178.3 1 0
ollama-gateway/internal/config/config.go:179.2,180.16 2 1
ollama-gateway/internal/config/config.go:180.16,182.3 1 1
ollama-gateway/internal/config/config.go:183.2,184.25 2 1
ollama-gateway/internal/config/config.go:184.25,185.41 1 1
ollama-gateway/internal/config/config.go:185.41,187.4 1 0
ollama-gateway/internal/config/config.go:188.3,188.12 1 1
ollama-gateway/internal/config/config.go:190.2,190.26 1 1
ollama-gateway/internal/config/config.go:193.45,195.13 2 1
ollama-gateway/internal/config/config.go:195.13,197.3 1 1
ollama-gateway/internal/config/config.go:198.2,198.16 1 1
ollama-gateway/internal/config/config.go:201.65,203.19 2 1
ollama-gateway/internal/config/config.go:203.19,205.3 1 0
ollama-gateway/internal/config/config.go:206.2,207.65 2 1
ollama-gateway/internal/config/config.go:207.65,209.3 1 1
ollama-gateway/internal/config/config.go:210.2,210.22 1 1
ollama-gateway/internal/config/config.go:210.22,212.3 1 0
ollama-gateway/internal/config/config.go:213.2,214.33 2 1
ollama-gateway/internal/config/config.go:214.33,216.14 2 1
ollama-gateway/internal/config/config.go:216.14,217.12 1 0
ollama-gateway/internal/config/config.go:219.3,220.17 2 1
ollama-gateway/internal/config/config.go:220.17,222.4 1 0
ollama-gateway/internal/config/config.go:223.3,223.13 1 1
ollama-gateway/internal/config/config.go:225.2,225.17 1 1
ollama-gateway/internal/config/config.go:228.61,229.19 1 1
ollama-gateway/internal/config/config.go:229.19,231.3 1 0
ollama-gateway/internal/config/config.go:232.2,233.55 2 1
ollama-gateway/internal/config/config.go:233.55,235.3 1 1
ollama-gateway/internal/config/config.go:236.2,237.53 2 1
ollama-gateway/internal/config/config.go:237.53,238.13 1 0
ollama-gateway/internal/config/config.go:238.13,240.4 1 0
ollama-gateway/internal/config/config.go:241.3,241.22 1 0
ollama-gateway/internal/config/config.go:243.2,244.55 2 1
ollama-gateway/internal/config/config.go:244.55,246.3 1 1
ollama-gateway/internal/config/config.go:247.2,248.52 2 1
ollama-gateway/internal/config/config.go:248.52,250.3 1 0
ollama-gateway/internal/config/config.go:251.2,252.16 2 1
ollama-gateway/internal/config/config.go:252.16,254.3 1 0
ollama-gateway/internal/config/config.go:255.2,255.29 1 1
ollama-gateway/internal/config/config.go:258.32,260.13 2 1
ollama-gateway/internal/config/config.go:260.13,263.27 3 1
ollama-gateway/internal/config/config.go:263.27,264.54 1 1
ollama-gateway/internal/config/config.go:264.54,266.5 1 1
ollama-gateway/internal/config/config.go:268.3,268.21 1 1
ollama-gateway/internal/config/config.go:268.21,270.4 1 1
ollama-gateway/internal/config/config.go:272.2,272.43 1 1
ollama-gateway/internal/config/config.go:275.42,276.34 1 1
ollama-gateway/internal/config/config.go:276.34,278.3 1 1
ollama-gateway/internal/config/config.go:279.2,279.17 1 1
ollama-gateway/internal/config/config.go:282.48,284.13 2 1
ollama-gateway/internal/config/config.go:284.13,286.3 1 1
ollama-gateway/internal/config/config.go:287.2,288.16 2 1
ollama-gateway/internal/config/config.go:288.16,291.3 2 1
ollama-gateway/internal/config/config.go:292.2,292.16 1 1
ollama-gateway/internal/config/config.go:292.16,295.3 2 0
ollama-gateway/internal/config/config.go:296.2,296.15 1 1
ollama-gateway/internal/config/config.go:299.51,301.13 2 1
ollama-gateway/internal/config/config.go:301.13,303.3 1 1
ollama-gateway/internal/config/config.go:304.2,304.11 1 1
ollama-gateway/internal/config/config.go:305.32,306.14 1 1
ollama-gateway/internal/config/config.go:307.33,308.15 1 0
ollama-gateway/internal/config/config.go:309.10,311.18 2 1
ollama-gateway/internal/config/config.go:315.73,317.13 2 1
ollama-gateway/internal/config/config.go:317.13,319.3 1 0
ollama-gateway/internal/config/config.go:320.2,321.59 2 1
ollama-gateway/internal/config/config.go:321.59,324.3 2 0
ollama-gateway/internal/config/config.go:325.2,325.27 1 1
ollama-gateway/internal/config/config.go:325.27,326.13 1 1
ollama-gateway/internal/config/config.go:326.13,328.4 1 1
ollama-gateway/internal/config/config.go:330.2,330.15 1 1
ollama-gateway/internal/config/config.go:333.29,335.13 2 1
ollama-gateway/internal/config/config.go:335.13,338.41 3 1
ollama-gateway/internal/config/config.go:338.41,340.4 1 0
ollama-gateway/internal/config/config.go:341.3,341.11 1 1
ollama-gateway/internal/config/config.go:343.2,344.16 2 1
ollama-gateway/internal/config/config.go:344.16,345.18 1 1
ollama-gateway/internal/config/config.go:345.18,347.4 1 1
ollama-gateway/internal/config/config.go:348.3,348.19 1 1
ollama-gateway/internal/config/config.go:350.2,350.16 1 1
ollama-gateway/internal/config/logger.go:9.45,12.18 3 1
ollama-gateway/internal/config/logger.go:12.18,14.3 1 0
ollama-gateway/internal/config/logger.go:16.2,17.22 2 1
ollama-gateway/internal/config/logger.go:17.22,19.3 1 1
ollama-gateway/internal/config/logger.go:20.2,20.55 1 1
ollama-gateway/internal/config/logger.go:23.45,24.51 1 1
ollama-gateway/internal/config/logger.go:25.15,26.25 1 1
ollama-gateway/internal/config/logger.go:27.25,28.24 1 1
ollama-gateway/internal/config/logger.go:29.15,30.25 1 1
ollama-gateway/internal/config/logger.go:31.10,32.24 1 1
ollama-gateway/internal/function/architect/architect.go:33.130,34.19 1 1
ollama-gateway/internal/function/architect/architect.go:34.19,36.3 1 1
ollama-gateway/internal/function/architect/architect.go:37.2,37.90 1 1
ollama-gateway/internal/function/architect/architect.go:40.72,41.22 1 0
ollama-gateway/internal/function/architect/architect.go:41.22,42.47 1 0
ollama-gateway/internal/function/architect/architect.go:42.47,44.4 1 0
ollama-gateway/internal/function/architect/architect.go:47.2,48.16 2 0
ollama-gateway/internal/function/architect/architect.go:48.16,50.3 1 0
ollama-gateway/internal/function/architect/architect.go:51.2,51.21 1 0
ollama-gateway/internal/function/architect/architect.go:51.21,53.3 1 0
ollama-gateway/internal/function/architect/architect.go:55.2,65.16 4 0
ollama-gateway/internal/function/architect/architect.go:65.16,67.3 1 0
ollama-gateway/internal/function/architect/architect.go:68.2,68.29 1 0
ollama-gateway/internal/function/architect/architect.go:71.73,73.16 2 0
ollama-gateway/internal/function/architect/architect.go:73.16,75.3 1 0
ollama-gateway/internal/function/architect/architect.go:76.2,77.16 2 0
ollama-gateway/internal/function/architect/architect.go:77.16,79.3 1 0
ollama-gateway/internal/function/architect/architect.go:81.2,94.16 4 0
ollama-gateway/internal/function/architect/architect.go:94.16,96.3 1 0
ollama-gateway/internal/function/architect/architect.go:97.2,97.56 1 0
ollama-gateway/internal/function/architect/architect.go:100.94,102.16 2 1
ollama-gateway/internal/function/architect/architect.go:102.16,104.3 1 0
ollama-gateway/internal/function/architect/architect.go:105.2,106.16 2 1
ollama-gateway/internal/function/architect/architect.go:106.16,108.3 1 0
ollama-gateway/internal/function/architect/architect.go:110.2,119.22 8 1
ollama-gateway/internal/function/architect/architect.go:119.22,128.3 2 0
ollama-gateway/internal/function/architect/architect.go:129.2,129.20 1 1
ollama-gateway/internal/function/architect/architect.go:129.20,138.3 2 0
ollama-gateway/internal/function/architect/architect.go:139.2,139.19 1 1
ollama-gateway/internal/function/architect/architect.go:139.19,148.3 2 1
ollama-gateway/internal/function/architect/architect.go:149.2,149.15 1 1
ollama-gateway/internal/function/architect/architect.go:149.15,157.3 2 0
ollama-gateway/internal/function/architect/architect.go:158.2,158.41 1 1
ollama-gateway/internal/function/architect/architect.go:158.41,167.3 2 0
ollama-gateway/internal/function/architect/architect.go:169.2,169.27 1 1
ollama-gateway/internal/function/architect/architect.go:169.27,177.3 2 0
ollama-gateway/internal/function/architect/architect.go:179.2,179.16 1 1
ollama-gateway/internal/function/architect/architect.go:179.16,181.3 1 0
ollama-gateway/internal/function/architect/architect.go:182.2,183.16 2 1
ollama-gateway/internal/function/architect/architect.go:183.16,185.3 1 0
ollama-gateway/internal/function/architect/architect.go:185.8,185.23 1 1
ollama-gateway/internal/function/architect/architect.go:185.23,187.3 1 0
ollama-gateway/internal/function/architect/architect.go:189.2,194.8 1 1
ollama-gateway/internal/function/architect/architect.go:197.61,199.16 2 1
ollama-gateway/internal/function/architect/architect.go:199.16,201.3 1 0
ollama-gateway/internal/function/architect/architect.go:203.2,204.19 2 1
ollama-gateway/internal/function/architect/architect.go:204.19,206.3 1 0
ollama-gateway/internal/function/architect/architect.go:208.2,209.66 2 1
ollama-gateway/internal/function/architect/architect.go:209.66,211.3 1 0
ollama-gateway/internal/function/architect/architect.go:213.2,225.27 7 1
ollama-gateway/internal/function/architect/architect.go:225.27,227.3 1 0
ollama-gateway/internal/function/architect/architect.go:228.2,228.28 1 1
ollama-gateway/internal/function/architect/architect.go:228.28,230.3 1 0
ollama-gateway/internal/function/architect/architect.go:231.2,231.20 1 1
ollama-gateway/internal/function/architect/architect.go:234.31,235.23 1 1
ollama-gateway/internal/function/architect/architect.go:236.15,237.16 1 1
ollama-gateway/internal/function/architect/architect.go:238.11,239.11 1 0
ollama-gateway/internal/function/architect/architect.go:240.13,241.16 1 0
ollama-gateway/internal/function/architect/architect.go:242.14,244.14 2 0
ollama-gateway/internal/function/architect/architect.go:244.14,246.4 1 0
ollama-gateway/internal/function/architect/architect.go:247.3,249.13 3 0
ollama-gateway/internal/function/architect/architect.go:250.10,251.11 1 0
ollama-gateway/internal/function/architect/architect.go:255.44,257.9 2 1
ollama-gateway/internal/function/architect/architect.go:257.9,259.3 1 0
ollama-gateway/internal/function/architect/architect.go:260.2,261.27 2 1
ollama-gateway/internal/function/architect/architect.go:261.27,262.33 1 1
ollama-gateway/internal/function/architect/architect.go:262.33,264.15 2 1
ollama-gateway/internal/function/architect/architect.go:264.15,266.5 1 1
ollama-gateway/internal/function/architect/architect.go:269.2,269.12 1 1
ollama-gateway/internal/function/architect/architect.go:272.63,274.9 2 1
ollama-gateway/internal/function/architect/architect.go:274.9,276.3 1 0
ollama-gateway/internal/function/architect/architect.go:277.2,278.27 2 1
ollama-gateway/internal/function/architect/architect.go:278.27,279.27 1 1
ollama-gateway/internal/function/architect/architect.go:280.15,282.15 2 1
ollama-gateway/internal/function/architect/architect.go:282.15,284.5 1 1
ollama-gateway/internal/function/architect/architect.go:285.31,291.21 2 0
ollama-gateway/internal/function/architect/architect.go:291.21,293.5 1 0
ollama-gateway/internal/function/architect/architect.go:294.4,294.22 1 0
ollama-gateway/internal/function/architect/architect.go:294.22,296.5 1 0
ollama-gateway/internal/function/architect/architect.go:297.4,297.24 1 0
ollama-gateway/internal/function/architect/architect.go:297.24,299.5 1 0
ollama-gateway/internal/function/architect/architect.go:300.4,300.39 1 0
ollama-gateway/internal/function/architect/architect.go:300.39,302.5 1 0
ollama-gateway/internal/function/architect/architect.go:305.2,305.12 1 1
ollama-gateway/internal/function/architect/architect.go:308.37,309.29 1 0
ollama-gateway/internal/function/architect/architect.go:309.29,311.3 1 0
ollama-gateway/internal/function/architect/architect.go:312.2,312.11 1 0
ollama-gateway/internal/function/architect/architect.go:315.59,317.9 2 1
ollama-gateway/internal/function/architect/architect.go:317.9,319.3 1 0
ollama-gateway/internal/function/architect/architect.go:320.2,321.24 2 1
ollama-gateway/internal/function/architect/architect.go:321.24,323.3 1 1
ollama-gateway/internal/function/architect/architect.go:324.2,324.12 1 1
ollama-gateway/internal/function/architect/architect.go:327.48,330.42 3 1
ollama-gateway/internal/function/architect/architect.go:330.42,332.3 1 0
ollama-gateway/internal/function/architect/architect.go:333.2,333.28 1 1
ollama-gateway/internal/function/architect/architect.go:336.79,337.16 1 0
ollama-gateway/internal/function/architect/architect.go:337.16,339.3 1 0
ollama-gateway/internal/function/architect/architect.go:340.2,341.16 2 0
ollama-gateway/internal/function/architect/architect.go:341.16,343.3 1 0
ollama-gateway/internal/function/architect/architect.go:345.2,346.88 2 0
ollama-gateway/internal/function/architect/architect.go:346.88,347.36 1 0
ollama-gateway/internal/function/architect/architect.go:347.36,349.4 1 0
ollama-gateway/internal/function/architect/architect.go:350.3,350.19 1 0
ollama-gateway/internal/function/architect/architect.go:350.19,352.85 2 0
ollama-gateway/internal/function/architect/architect.go:352.85,354.5 1 0
ollama-gateway/internal/function/architect/architect.go:355.4,355.14 1 0
ollama-gateway/internal/function/architect/architect.go:357.3,357.32 1 0
ollama-gateway/internal/function/architect/architect.go:357.32,359.4 1 0
ollama-gateway/internal/function/architect/architect.go:360.3,363.13 4 0
ollama-gateway/internal/function/architect/architect.go:365.2,365.16 1 0
ollama-gateway/internal/function/architect/architect.go:365.16,367.3 1 0
ollama-gateway/internal/function/architect/architect.go:369.2,369.45 1 0
ollama-gateway/internal/function/architect/architect.go:369.45,370.49 1 0
ollama-gateway/internal/function/architect/architect.go:370.49,372.4 1 0
ollama-gateway/internal/function/architect/architect.go:373.3,373.51 1 0
ollama-gateway/internal/function/architect/architect.go:375.2,375.29 1 0
ollama-gateway/internal/function/architect/architect.go:375.29,377.3 1 0
ollama-gateway/internal/function/architect/architect.go:378.2,378.24 1 0
ollama-gateway/internal/function/architect/architect.go:381.43,384.91 3 0
ollama-gateway/internal/function/architect/architect.go:384.91,386.3 1 0
ollama-gateway/internal/function/architect/architect.go:387.2,387.13 1 0
ollama-gateway/internal/function/architect/architect.go:388.46,389.14 1 0
ollama-gateway/internal/function/architect/architect.go:390.10,391.15 1 0
ollama-gateway/internal/function/architect/architect.go:395.42,397.16 2 0
ollama-gateway/internal/function/architect/architect.go:397.16,399.3 1 0
ollama-gateway/internal/function/architect/architect.go:400.2,403.29 4 0
ollama-gateway/internal/function/architect/architect.go:403.29,405.3 1 0
ollama-gateway/internal/function/architect/architect.go:406.2,406.14 1 0
ollama-gateway/internal/function/architect/architect.go:409.97,410.19 1 1
ollama-gateway/internal/function/architect/architect.go:410.19,412.3 1 0
ollama-gateway/internal/function/architect/architect.go:413.2,415.26 3 1
ollama-gateway/internal/function/architect/architect.go:415.26,416.21 1 1
ollama-gateway/internal/function/architect/architect.go:416.21,417.9 1 0
ollama-gateway/internal/function/architect/architect.go:419.3,420.17 2 1
ollama-gateway/internal/function/architect/architect.go:420.17,421.12 1 1
ollama-gateway/internal/function/architect/architect.go:423.3,427.31 5 0
ollama-gateway/internal/function/architect/architect.go:427.31,429.4 1 0
ollama-gateway/internal/function/architect/architect.go:430.3,432.33 3 0
ollama-gateway/internal/function/architect/architect.go:434.2,434.19 1 1
ollama-gateway/internal/function/architect/architect.go:437.75,439.19 2 1
ollama-gateway/internal/function/architect/architect.go:439.19,441.3 1 0
ollama-gateway/internal/function/architect/architect.go:442.2,443.16 2 1
ollama-gateway/internal/function/architect/architect.go:443.16,445.3 1 0
ollama-gateway/internal/function/architect/architect.go:446.2,447.32 2 1
ollama-gateway/internal/function/architect/architect.go:447.32,449.3 1 1
ollama-gateway/internal/function/architect/architect.go:450.2,451.16 2 1
ollama-gateway/internal/function/architect/architect.go:451.16,453.3 1 0
ollama-gateway/internal/function/architect/architect.go:454.2,454.89 1 1
ollama-gateway/internal/function/architect/architect.go:454.89,456.3 1 0
ollama-gateway/internal/function/architect/architect.go:457.2,457.21 1 1
ollama-gateway/internal/function/architect/architect.go:460.61,462.16 2 1
ollama-gateway/internal/function/architect/architect.go:462.16,464.3 1 0
ollama-gateway/internal/function/architect/architect.go:465.2,466.16 2 1
ollama-gateway/internal/function/architect/architect.go:466.16,468.3 1 0
ollama-gateway/internal/function/architect/architect.go:469.2,469.30 1 1
ollama-gateway/internal/function/architect/ast_analyzer.go:67.54,69.2 1 1
ollama-gateway/internal/function/architect/ast_analyzer.go:71.46,74.29 3 1
ollama-gateway/internal/function/architect/ast_analyzer.go:74.29,76.20 2 1
ollama-gateway/internal/function/architect/ast_analyzer.go:76.20,77.12 1 0
ollama-gateway/internal/function/architect/ast_analyzer.go:79.3,80.17 2 1
ollama-gateway/internal/function/architect/ast_analyzer.go:80.17,81.12 1 0
ollama-gateway/internal/function/architect/ast_analyzer.go:83.3,83.29 1 1
ollama-gateway/internal/function/architect/ast_analyzer.go:83.29,84.12 1 0
ollama-gateway/internal/function/architect/ast_analyzer.go:86.3,87.25 2 1
ollama-gateway/internal/function/architect/ast_analyzer.go:89.2,89.19 1 1
ollama-gateway/internal/function/architect/ast_analyzer.go:89.19,90.40 1 0
ollama-gateway/internal/function/architect/ast_analyzer.go:90.40,92.4 1 0
ollama-gateway/internal/function/architect/ast_analyzer.go:94.2,94.12 1 1
ollama-gateway/internal/function/architect/ast_analyzer.go:97.71,99.16 2 1
ollama-gateway/internal/function/architect/ast_analyzer.go:99.16,101.3 1 1
ollama-gateway/internal/function/architect/ast_analyzer.go:103.2,105.16 3 1
ollama-gateway/internal/function/architect/ast_analyzer.go:105.16,107.3 1 0
ollama-gateway/internal/function/architect/ast_analyzer.go:109.2,119.31 2 1
ollama-gateway/internal/function/architect/ast_analyzer.go:119.31,120.27 1 1
ollama-gateway/internal/function/architect/ast_analyzer.go:121.22,127.6 1 1
ollama-gateway/internal/function/architect/ast_analyzer.go:128.21,129.27 1 1
ollama-gateway/internal/function/architect/ast_analyzer.go:129.27,130.13 1 1
ollama-gateway/internal/function/architect/ast_analyzer.go:132.4,132.33 1 1
ollama-gateway/internal/function/architect/ast_analyzer.go:132.33,134.12 2 1
ollama-gateway/internal/function/architect/ast_analyzer.go:134.12,135.14 1 0
ollama-gateway/internal/function/architect/ast_analyzer.go:137.5,137.32 1 1
ollama-gateway/internal/function/architect/ast_analyzer.go:138.26,143.8 1 1
ollama-gateway/internal/function/architect/ast_analyzer.go:144.29,149.8 1 1
ollama-gateway/internal/function/architect/ast_analyzer.go:155.2,155.16 1 1
ollama-gateway/internal/function/architect/ast_analyzer.go:155.16,157.3 1 1
ollama-gateway/internal/function/architect/ast_analyzer.go:158.2,158.22 1 1
ollama-gateway/internal/function/architect/ast_analyzer.go:161.80,163.16 2 1
ollama-gateway/internal/function/architect/ast_analyzer.go:163.16,165.3 1 0
ollama-gateway/internal/function/architect/ast_analyzer.go:167.2,168.16 2 1
ollama-gateway/internal/function/architect/ast_analyzer.go:168.16,170.3 1 0
ollama-gateway/internal/function/architect/ast_analyzer.go:172.2,173.32 2 1
ollama-gateway/internal/function/architect/ast_analyzer.go:173.32,174.80 1 1
ollama-gateway/internal/function/architect/ast_analyzer.go:174.80,175.12 1 0
ollama-gateway/internal/function/architect/ast_analyzer.go:177.3,178.17 2 1
ollama-gateway/internal/function/architect/ast_analyzer.go:178.17,179.12 1 0
ollama-gateway/internal/function/architect/ast_analyzer.go:181.3,181.29 1 1
ollama-gateway/internal/function/architect/ast_analyzer.go:184.2,185.16 2 1
ollama-gateway/internal/function/architect/ast_analyzer.go:185.16,187.3 1 0
ollama-gateway/internal/function/architect/ast_analyzer.go:189.2,191.19 3 1
ollama-gateway/internal/function/architect/ast_analyzer.go:191.19,193.3 1 0
ollama-gateway/internal/function/architect/ast_analyzer.go:195.2,196.24 2 1
ollama-gateway/internal/function/architect/ast_analyzer.go:196.24,198.3 1 0
ollama-gateway/internal/function/architect/ast_analyzer.go:200.2,205.8 1 1
ollama-gateway/internal/function/architect/ast_analyzer.go:208.86,212.82 3 1
ollama-gateway/internal/function/architect/ast_analyzer.go:212.82,213.17 1 1
ollama-gateway/internal/function/architect/ast_analyzer.go:213.17,215.4 1 0
ollama-gateway/internal/function/architect/ast_analyzer.go:216.3,216.16 1 1
ollama-gateway/internal/function/architect/ast_analyzer.go:216.16,218.68 2 1
ollama-gateway/internal/function/architect/ast_analyzer.go:218.68,220.5 1 0
ollama-gateway/internal/function/architect/ast_analyzer.go:221.4,221.14 1 1
ollama-gateway/internal/function/architect/ast_analyzer.go:223.3,223.55 1 1
ollama-gateway/internal/function/architect/ast_analyzer.go:223.55,225.4 1 0
ollama-gateway/internal/function/architect/ast_analyzer.go:227.3,229.20 3 1
ollama-gateway/internal/function/architect/ast_analyzer.go:229.20,231.4 1 0
ollama-gateway/internal/function/architect/ast_analyzer.go:232.3,235.22 3 1
ollama-gateway/internal/function/architect/ast_analyzer.go:235.22,237.4 1 0
ollama-gateway/internal/function/architect/ast_analyzer.go:238.3,239.13 2 1
ollama-gateway/internal/function/architect/ast_analyzer.go:241.2,241.16 1 1
ollama-gateway/internal/function/architect/ast_analyzer.go:241.16,243.3 1 0
ollama-gateway/internal/function/architect/ast_analyzer.go:245.2,246.26 2 1
ollama-gateway/internal/function/architect/ast_analyzer.go:246.26,248.3 1 1
ollama-gateway/internal/function/architect/ast_analyzer.go:250.2,251.41 2 1
ollama-gateway/internal/function/architect/ast_analyzer.go:251.41,253.3 1 1
ollama-gateway/internal/function/architect/ast_analyzer.go:254.2,254.31 1 1
ollama-gateway/internal/function/architect/ast_analyzer.go:254.31,255.30 1 1
ollama-gateway/internal/function/architect/ast_analyzer.go:255.30,257.4 1 0
ollama-gateway/internal/function/architect/ast_analyzer.go:259.2,259.18 1 1
ollama-gateway/internal/function/architect/ast_analyzer.go:262.53,264.30 2 1
ollama-gateway/internal/function/architect/ast_analyzer.go:264.30,265.32 1 1
ollama-gateway/internal/function/architect/ast_analyzer.go:265.32,266.17 1 1
ollama-gateway/internal/function/architect/ast_analyzer.go:266.17,267.13 1 0
ollama-gateway/internal/function/architect/ast_analyzer.go:269.4,269.53 1 1
ollama-gateway/internal/function/architect/ast_analyzer.go:269.53,271.5 1 1
ollama-gateway/internal/function/architect/ast_analyzer.go:274.2,275.23 2 1
ollama-gateway/internal/function/architect/ast_analyzer.go:275.23,277.3 1 1
ollama-gateway/internal/function/architect/ast_analyzer.go:278.2,279.12 2 1
ollama-gateway/internal/function/architect/ast_analyzer.go:282.44,284.32 2 1
ollama-gateway/internal/function/architect/ast_analyzer.go:284.32,286.17 2 1
ollama-gateway/internal/function/architect/ast_analyzer.go:286.17,288.4 1 1
ollama-gateway/internal/function/architect/ast_analyzer.go:290.2,291.12 2 1
ollama-gateway/internal/function/architect/ast_analyzer.go:294.78,295.40 1 1
ollama-gateway/internal/function/architect/ast_analyzer.go:295.40,297.3 1 0
ollama-gateway/internal/function/architect/ast_analyzer.go:298.2,299.34 2 1
ollama-gateway/internal/function/architect/ast_analyzer.go:299.34,301.28 2 1
ollama-gateway/internal/function/architect/ast_analyzer.go:301.28,303.12 2 1
ollama-gateway/internal/function/architect/ast_analyzer.go:305.3,305.36 1 1
ollama-gateway/internal/function/architect/ast_analyzer.go:305.36,307.4 1 1
ollama-gateway/internal/function/architect/ast_analyzer.go:309.2,309.12 1 1
ollama-gateway/internal/function/architect/ast_analyzer.go:312.79,313.44 1 1
ollama-gateway/internal/function/architect/ast_analyzer.go:313.44,315.3 1 0
ollama-gateway/internal/function/architect/ast_analyzer.go:316.2,317.36 2 1
ollama-gateway/internal/function/architect/ast_analyzer.go:317.36,320.23 3 1
ollama-gateway/internal/function/architect/ast_analyzer.go:320.23,322.4 1 1
ollama-gateway/internal/function/architect/ast_analyzer.go:323.3,323.28 1 1
ollama-gateway/internal/function/architect/ast_analyzer.go:323.28,325.12 2 0
ollama-gateway/internal/function/architect/ast_analyzer.go:327.3,327.36 1 1
ollama-gateway/internal/function/architect/ast_analyzer.go:327.36,329.4 1 1
ollama-gateway/internal/function/architect/ast_analyzer.go:331.2,331.12 1 1
ollama-gateway/internal/function/architect/ast_analyzer.go:334.84,335.44 1 1
ollama-gateway/internal/function/architect/ast_analyzer.go:335.44,337.3 1 0
ollama-gateway/internal/function/architect/ast_analyzer.go:338.2,339.36 2 1
ollama-gateway/internal/function/architect/ast_analyzer.go:339.36,341.10 2 1
ollama-gateway/internal/function/architect/ast_analyzer.go:341.10,342.12 1 0
ollama-gateway/internal/function/architect/ast_analyzer.go:344.3,344.28 1 1
ollama-gateway/internal/function/architect/ast_analyzer.go:344.28,350.12 2 0
ollama-gateway/internal/function/architect/ast_analyzer.go:352.3,352.36 1 1
ollama-gateway/internal/function/architect/ast_analyzer.go:352.36,358.4 1 1
ollama-gateway/internal/function/architect/ast_analyzer.go:360.2,360.12 1 1
ollama-gateway/internal/function/architect/ast_analyzer.go:363.62,364.17 1 1
ollama-gateway/internal/function/architect/ast_analyzer.go:364.17,366.3 1 0
ollama-gateway/internal/function/architect/ast_analyzer.go:367.2,368.55 2 1
ollama-gateway/internal/function/architect/ast_analyzer.go:368.55,370.3 1 0
ollama-gateway/internal/function/architect/ast_analyzer.go:371.2,371.19 1 1
ollama-gateway/internal/function/architect/ast_analyzer.go:374.50,375.18 1 1
ollama-gateway/internal/function/architect/ast_analyzer.go:375.18,377.3 1 1
ollama-gateway/internal/function/architect/ast_analyzer.go:378.2,378.40 1 1
ollama-gateway/internal/function/architect/ast_analyzer.go:381.45,382.27 1 1
ollama-gateway/internal/function/architect/ast_analyzer.go:382.27,383.53 1 1
ollama-gateway/internal/function/architect/ast_analyzer.go:383.53,385.4 1 1
ollama-gateway/internal/function/architect/ast_analyzer.go:387.2,387.11 1 1
ollama-gateway/internal/function/architect/ast_analyzer.go:390.79,392.16 2 1
ollama-gateway/internal/function/architect/ast_analyzer.go:392.16,394.3 1 0
ollama-gateway/internal/function/architect/ast_analyzer.go:395.2,395.35 1 1
ollama-gateway/internal/function/architect/ast_analyzer.go:395.35,396.83 1 1
ollama-gateway/internal/function/architect/ast_analyzer.go:396.83,398.4 1 1
ollama-gateway/internal/function/architect/ast_analyzer.go:400.2,400.67 1 1
ollama-gateway/internal/function/architect/helpers.go:5.44,7.37 2 0
ollama-gateway/internal/function/architect/helpers.go:7.37,9.3 1 0
ollama-gateway/internal/function/architect/helpers.go:10.2,11.20 2 0
ollama-gateway/internal/function/architect/helpers.go:11.20,13.3 1 0
ollama-gateway/internal/function/architect/helpers.go:14.2,16.39 3 0
ollama-gateway/internal/function/architect/helpers.go:16.39,17.60 1 0
ollama-gateway/internal/function/architect/helpers.go:17.60,19.9 2 0
ollama-gateway/internal/function/architect/helpers.go:22.2,22.18 1 0
ollama-gateway/internal/function/architect/helpers.go:22.18,24.3 1 0
ollama-gateway/internal/function/architect/helpers.go:25.2,25.45 1 0
ollama-gateway/internal/function/architect/service.go:11.110,13.2 1 0
ollama-gateway/internal/function/audit/adapter.go:3.106,14.2 1 0
ollama-gateway/internal/function/audit/adapter.go:16.78,25.2 1 0
ollama-gateway/internal/function/audit/service.go:42.40,43.19 1 1
ollama-gateway/internal/function/audit/service.go:43.19,45.3 1 0
ollama-gateway/internal/function/audit/service.go:46.2,46.73 1 1
ollama-gateway/internal/function/audit/service.go:49.42,50.14 1 1
ollama-gateway/internal/function/audit/service.go:50.14,52.3 1 0
ollama-gateway/internal/function/audit/service.go:53.2,68.32 5 1
ollama-gateway/internal/function/audit/service.go:68.32,71.3 2 0
ollama-gateway/internal/function/audit/service.go:74.73,75.14 1 1
ollama-gateway/internal/function/audit/service.go:75.14,77.3 1 0
ollama-gateway/internal/function/audit/service.go:78.2,78.16 1 1
ollama-gateway/internal/function/audit/service.go:78.16,80.3 1 0
ollama-gateway/internal/function/audit/service.go:81.2,81.18 1 1
ollama-gateway/internal/function/audit/service.go:81.18,83.3 1 0
ollama-gateway/internal/function/audit/service.go:84.2,90.42 6 1
ollama-gateway/internal/function/audit/service.go:90.42,92.41 2 1
ollama-gateway/internal/function/audit/service.go:92.41,93.12 1 0
ollama-gateway/internal/function/audit/service.go:95.3,95.41 1 1
ollama-gateway/internal/function/audit/service.go:95.41,96.12 1 0
ollama-gateway/internal/function/audit/service.go:98.3,99.29 2 1
ollama-gateway/internal/function/audit/service.go:99.29,100.9 1 0
ollama-gateway/internal/function/audit/service.go:103.2,103.17 1 1
ollama-gateway/internal/function/audit/service.go:106.50,109.137 3 1
ollama-gateway/internal/function/audit/service.go:109.137,111.3 1 0
ollama-gateway/internal/function/audit/service.go:113.2,115.41 3 1
ollama-gateway/internal/function/audit/service.go:115.41,117.3 1 0
ollama-gateway/internal/function/audit/service.go:119.2,119.27 1 1
ollama-gateway/internal/function/audit/service.go:119.27,130.18 1 1
ollama-gateway/internal/function/audit/service.go:130.18,132.4 1 0
ollama-gateway/internal/function/audit/service.go:134.2,134.19 1 1
ollama-gateway/internal/function/debug/transport/debug.go:25.61,27.2 1 0
ollama-gateway/internal/function/debug/transport/debug.go:29.77,31.61 2 0
ollama-gateway/internal/function/debug/transport/debug.go:31.61,34.3 2 0
ollama-gateway/internal/function/debug/transport/debug.go:35.2,35.45 1 0
ollama-gateway/internal/function/debug/transport/debug.go:35.45,38.3 2 0
ollama-gateway/internal/function/debug/transport/debug.go:40.2,41.16 2 0
ollama-gateway/internal/function/debug/transport/debug.go:41.16,44.3 2 0
ollama-gateway/internal/function/debug/transport/debug.go:45.2,45.46 1 0
ollama-gateway/internal/function/debug/transport/debug.go:48.75,50.61 2 0
ollama-gateway/internal/function/debug/transport/debug.go:50.61,53.3 2 0
ollama-gateway/internal/function/debug/transport/debug.go:54.2,54.38 1 0
ollama-gateway/internal/function/debug/transport/debug.go:54.38,57.3 2 0
ollama-gateway/internal/function/debug/transport/debug.go:59.2,60.19 2 0
ollama-gateway/internal/function/debug/transport/debug.go:60.19,62.29 2 0
ollama-gateway/internal/function/debug/transport/debug.go:62.29,64.4 1 0
ollama-gateway/internal/function/debug/transport/debug.go:65.3,65.38 1 0
ollama-gateway/internal/function/debug/transport/debug.go:68.2,69.16 2 0
ollama-gateway/internal/function/debug/transport/debug.go:69.16,72.3 2 0
ollama-gateway/internal/function/debug/transport/debug.go:73.2,73.46 1 0
ollama-gateway/internal/function/debug/transport/http.go:9.49,11.2 1 0
ollama-gateway/internal/function/dashboard/transport/dashboard.go:30.162,32.19 2 0
ollama-gateway/internal/function/dashboard/transport/dashboard.go:32.19,34.3 1 0
ollama-gateway/internal/function/dashboard/transport/dashboard.go:35.2,35.102 1 0
ollama-gateway/internal/function/dashboard/transport/dashboard.go:38.75,41.2 2 0
ollama-gateway/internal/function/dashboard/transport/dashboard.go:43.75,45.22 2 0
ollama-gateway/internal/function/dashboard/transport/dashboard.go:45.22,47.3 1 0
ollama-gateway/internal/function/dashboard/transport/dashboard.go:49.2,50.22 2 0
ollama-gateway/internal/function/dashboard/transport/dashboard.go:50.22,52.3 1 0
ollama-gateway/internal/function/dashboard/transport/dashboard.go:54.2,70.4 1 0
ollama-gateway/internal/function/dashboard/transport/dashboard.go:73.79,74.19 1 0
ollama-gateway/internal/function/dashboard/transport/dashboard.go:74.19,77.3 2 0
ollama-gateway/internal/function/dashboard/transport/dashboard.go:78.2,78.52 1 0
ollama-gateway/internal/function/dashboard/transport/dashboard.go:78.52,81.3 2 0
ollama-gateway/internal/function/dashboard/transport/dashboard.go:83.2,83.43 1 0
ollama-gateway/internal/function/dashboard/transport/dashboard.go:83.43,85.3 1 0
ollama-gateway/internal/function/dashboard/transport/dashboard.go:87.2,93.6 5 0
ollama-gateway/internal/function/dashboard/transport/dashboard.go:93.6,94.10 1 0
ollama-gateway/internal/function/dashboard/transport/dashboard.go:95.29,96.10 1 0
ollama-gateway/internal/function/dashboard/transport/dashboard.go:97.26,98.11 1 0
ollama-gateway/internal/function/dashboard/transport/dashboard.go:98.11,100.5 1 0
ollama-gateway/internal/function/dashboard/transport/dashboard.go:101.4,101.106 1 0
ollama-gateway/internal/function/dashboard/transport/dashboard.go:101.106,103.5 1 0
ollama-gateway/internal/function/dashboard/transport/dashboard.go:104.19,105.120 1 0
ollama-gateway/internal/function/dashboard/transport/dashboard.go:105.120,107.5 1 0
ollama-gateway/internal/function/dashboard/transport/http.go:18.126,20.2 1 0
ollama-gateway/internal/function/core/prompts/prompts.go:5.35,7.21 2 0
ollama-gateway/internal/function/core/prompts/prompts.go:7.21,9.3 1 0
ollama-gateway/internal/function/core/prompts/prompts.go:11.2,12.19 2 0
ollama-gateway/internal/function/core/prompts/prompts.go:13.12,14.13 1 0
ollama-gateway/internal/function/core/prompts/prompts.go:15.12,16.13 1 0
ollama-gateway/internal/function/core/prompts/prompts.go:17.10,18.13 1 0
ollama-gateway/internal/function/core/prompts/prompts.go:21.2,21.59 1 0
ollama-gateway/internal/function/core/prompts/prompts.go:21.59,23.3 1 0
ollama-gateway/internal/function/core/prompts/prompts.go:24.2,24.26 1 0
ollama-gateway/internal/function/core/prompts/prompts.go:24.26,26.3 1 0
ollama-gateway/internal/function/core/prompts/prompts.go:27.2,27.11 1 0
ollama-gateway/internal/function/commitgen/commitgen.go:22.104,23.19 1 1
ollama-gateway/internal/function/commitgen/commitgen.go:23.19,25.3 1 1
ollama-gateway/internal/function/commitgen/commitgen.go:26.2,26.72 1 1
ollama-gateway/internal/function/commitgen/commitgen.go:29.73,31.16 2 1
ollama-gateway/internal/function/commitgen/commitgen.go:31.16,33.3 1 0
ollama-gateway/internal/function/commitgen/commitgen.go:35.2,35.24 1 1
ollama-gateway/internal/function/commitgen/commitgen.go:35.24,37.3 1 0
ollama-gateway/internal/function/commitgen/commitgen.go:39.2,50.16 3 1
ollama-gateway/internal/function/commitgen/commitgen.go:50.16,52.3 1 0
ollama-gateway/internal/function/commitgen/commitgen.go:54.2,55.15 2 1
ollama-gateway/internal/function/commitgen/commitgen.go:55.15,57.3 1 0
ollama-gateway/internal/function/commitgen/commitgen.go:58.2,58.17 1 1
ollama-gateway/internal/function/commitgen/commitgen.go:61.80,63.16 2 1
ollama-gateway/internal/function/commitgen/commitgen.go:63.16,65.3 1 1
ollama-gateway/internal/function/commitgen/commitgen.go:67.2,72.16 5 1
ollama-gateway/internal/function/commitgen/commitgen.go:72.16,73.44 1 0
ollama-gateway/internal/function/commitgen/commitgen.go:73.44,75.4 1 0
ollama-gateway/internal/function/commitgen/commitgen.go:76.3,76.42 1 0
ollama-gateway/internal/function/commitgen/commitgen.go:76.42,78.20 2 0
ollama-gateway/internal/function/commitgen/commitgen.go:78.20,80.5 1 0
ollama-gateway/internal/function/commitgen/commitgen.go:82.3,82.52 1 0
ollama-gateway/internal/function/commitgen/commitgen.go:85.2,86.16 2 1
ollama-gateway/internal/function/commitgen/commitgen.go:86.16,88.3 1 0
ollama-gateway/internal/function/commitgen/commitgen.go:90.2,90.32 1 1
ollama-gateway/internal/function/commitgen/commitgen.go:93.74,95.16 2 1
ollama-gateway/internal/function/commitgen/commitgen.go:95.16,97.3 1 0
ollama-gateway/internal/function/commitgen/commitgen.go:99.2,100.21 2 1
ollama-gateway/internal/function/commitgen/commitgen.go:100.21,102.3 1 1
ollama-gateway/internal/function/commitgen/commitgen.go:103.2,103.32 1 1
ollama-gateway/internal/function/commitgen/commitgen.go:103.32,105.3 1 0
ollama-gateway/internal/function/commitgen/commitgen.go:106.2,107.16 2 1
ollama-gateway/internal/function/commitgen/commitgen.go:107.16,109.3 1 0
ollama-gateway/internal/function/commitgen/commitgen.go:111.2,112.56 2 1
ollama-gateway/internal/function/commitgen/commitgen.go:112.56,114.3 1 1
ollama-gateway/internal/function/commitgen/commitgen.go:115.2,116.55 2 1
ollama-gateway/internal/function/commitgen/commitgen.go:116.55,118.3 1 1
ollama-gateway/internal/function/commitgen/commitgen.go:120.2,120.107 1 1
ollama-gateway/internal/function/commitgen/commitgen.go:120.107,122.3 1 1
ollama-gateway/internal/function/commitgen/commitgen.go:123.2,123.17 1 1
ollama-gateway/internal/function/commitgen/helpers.go:5.44,7.37 2 1
ollama-gateway/internal/function/commitgen/helpers.go:7.37,9.3 1 1
ollama-gateway/internal/function/commitgen/helpers.go:10.2,11.20 2 0
ollama-gateway/internal/function/commitgen/helpers.go:11.20,13.3 1 0
ollama-gateway/internal/function/commitgen/helpers.go:14.2,16.39 3 0
ollama-gateway/internal/function/commitgen/helpers.go:16.39,17.60 1 0
ollama-gateway/internal/function/commitgen/helpers.go:17.60,19.9 2 0
ollama-gateway/internal/function/commitgen/helpers.go:22.2,22.18 1 0
ollama-gateway/internal/function/commitgen/helpers.go:22.18,24.3 1 0
ollama-gateway/internal/function/commitgen/helpers.go:25.2,25.45 1 0
ollama-gateway/internal/function/commitgen/service.go:11.86,13.2 1 0
ollama-gateway/internal/function/cicd/cicd.go:19.94,20.19 1 1
ollama-gateway/internal/function/cicd/cicd.go:20.19,22.3 1 1
ollama-gateway/internal/function/cicd/cicd.go:23.2,23.67 1 1
ollama-gateway/internal/function/cicd/cicd.go:26.83,28.20 2 1
ollama-gateway/internal/function/cicd/cicd.go:28.20,30.3 1 1
ollama-gateway/internal/function/cicd/cicd.go:32.2,33.16 2 1
ollama-gateway/internal/function/cicd/cicd.go:33.16,35.3 1 0
ollama-gateway/internal/function/cicd/cicd.go:37.2,47.16 4 1
ollama-gateway/internal/function/cicd/cicd.go:47.16,49.3 1 0
ollama-gateway/internal/function/cicd/cicd.go:50.2,50.56 1 1
ollama-gateway/internal/function/cicd/cicd.go:53.90,55.20 2 1
ollama-gateway/internal/function/cicd/cicd.go:55.20,57.3 1 0
ollama-gateway/internal/function/cicd/cicd.go:58.2,59.20 2 1
ollama-gateway/internal/function/cicd/cicd.go:59.20,61.3 1 0
ollama-gateway/internal/function/cicd/cicd.go:63.2,76.16 4 1
ollama-gateway/internal/function/cicd/cicd.go:76.16,78.3 1 0
ollama-gateway/internal/function/cicd/cicd.go:79.2,79.56 1 1
ollama-gateway/internal/function/cicd/cicd.go:82.97,84.20 2 1
ollama-gateway/internal/function/cicd/cicd.go:84.20,86.3 1 0
ollama-gateway/internal/function/cicd/cicd.go:87.2,87.38 1 1
ollama-gateway/internal/function/cicd/cicd.go:87.38,89.3 1 0
ollama-gateway/internal/function/cicd/cicd.go:90.2,91.16 2 1
ollama-gateway/internal/function/cicd/cicd.go:91.16,93.3 1 0
ollama-gateway/internal/function/cicd/cicd.go:95.2,97.16 3 1
ollama-gateway/internal/function/cicd/cicd.go:97.16,99.3 1 0
ollama-gateway/internal/function/cicd/cicd.go:101.2,101.68 1 1
ollama-gateway/internal/function/cicd/cicd.go:101.68,103.3 1 0
ollama-gateway/internal/function/cicd/cicd.go:105.2,106.65 2 1
ollama-gateway/internal/function/cicd/cicd.go:106.65,108.63 2 0
ollama-gateway/internal/function/cicd/cicd.go:108.63,110.4 1 0
ollama-gateway/internal/function/cicd/cicd.go:113.2,113.72 1 1
ollama-gateway/internal/function/cicd/cicd.go:113.72,115.3 1 0
ollama-gateway/internal/function/cicd/cicd.go:116.2,116.31 1 1
ollama-gateway/internal/function/cicd/cicd.go:119.49,121.11 2 1
ollama-gateway/internal/function/cicd/cicd.go:122.41,123.26 1 1
ollama-gateway/internal/function/cicd/cicd.go:124.41,125.21 1 1
ollama-gateway/internal/function/cicd/cicd.go:126.32,127.19 1 1
ollama-gateway/internal/function/cicd/cicd.go:128.10,129.12 1 1
ollama-gateway/internal/function/cicd/cicd.go:133.49,134.45 1 1
ollama-gateway/internal/function/cicd/cicd.go:135.24,136.75 1 1
ollama-gateway/internal/function/cicd/cicd.go:137.19,138.26 1 0
ollama-gateway/internal/function/cicd/cicd.go:139.17,140.23 1 0
ollama-gateway/internal/function/cicd/cicd.go:141.10,142.12 1 0
ollama-gateway/internal/function/cicd/cicd.go:146.69,148.16 2 1
ollama-gateway/internal/function/cicd/cicd.go:148.16,150.3 1 0
ollama-gateway/internal/function/cicd/cicd.go:152.2,153.21 2 1
ollama-gateway/internal/function/cicd/cicd.go:153.21,155.3 1 1
ollama-gateway/internal/function/cicd/cicd.go:156.2,156.32 1 1
ollama-gateway/internal/function/cicd/cicd.go:156.32,158.3 1 0
ollama-gateway/internal/function/cicd/cicd.go:159.2,160.16 2 1
ollama-gateway/internal/function/cicd/cicd.go:160.16,162.3 1 0
ollama-gateway/internal/function/cicd/cicd.go:164.2,164.75 1 1
ollama-gateway/internal/function/cicd/cicd.go:164.75,166.3 1 0
ollama-gateway/internal/function/cicd/cicd.go:167.2,167.17 1 1
ollama-gateway/internal/function/cicd/cicd.go:170.86,171.34 1 1
ollama-gateway/internal/function/cicd/cicd.go:171.34,173.3 1 0
ollama-gateway/internal/function/cicd/cicd.go:174.2,176.16 3 1
ollama-gateway/internal/function/cicd/cicd.go:176.16,178.3 1 0
ollama-gateway/internal/function/cicd/cicd.go:179.2,179.75 1 1
ollama-gateway/internal/function/cicd/cicd.go:179.75,181.3 1 0
ollama-gateway/internal/function/cicd/cicd.go:182.2,182.17 1 1
ollama-gateway/internal/function/cicd/cicd.go:185.63,187.16 2 1
ollama-gateway/internal/function/cicd/cicd.go:187.16,189.3 1 0
ollama-gateway/internal/function/cicd/cicd.go:190.2,193.26 3 1
ollama-gateway/internal/function/cicd/cicd.go:193.26,195.21 2 1
ollama-gateway/internal/function/cicd/cicd.go:195.21,196.12 1 0
ollama-gateway/internal/function/cicd/cicd.go:198.3,199.21 2 1
ollama-gateway/internal/function/cicd/cicd.go:199.21,200.12 1 1
ollama-gateway/internal/function/cicd/cicd.go:202.3,203.20 2 1
ollama-gateway/internal/function/cicd/cicd.go:203.20,205.4 1 0
ollama-gateway/internal/function/cicd/cicd.go:206.3,210.26 5 1
ollama-gateway/internal/function/cicd/cicd.go:210.26,212.4 1 0
ollama-gateway/internal/function/cicd/cicd.go:213.3,214.24 2 1
ollama-gateway/internal/function/cicd/cicd.go:217.2,217.18 1 1
ollama-gateway/internal/function/cicd/cicd.go:217.18,219.3 1 1
ollama-gateway/internal/function/cicd/cicd.go:220.2,220.38 1 1
ollama-gateway/internal/function/cicd/helpers.go:5.44,7.37 2 1
ollama-gateway/internal/function/cicd/helpers.go:7.37,9.3 1 1
ollama-gateway/internal/function/cicd/helpers.go:10.2,11.20 2 1
ollama-gateway/internal/function/cicd/helpers.go:11.20,13.3 1 0
ollama-gateway/internal/function/cicd/helpers.go:14.2,16.39 3 1
ollama-gateway/internal/function/cicd/helpers.go:16.39,17.60 1 1
ollama-gateway/internal/function/cicd/helpers.go:17.60,19.9 2 1
ollama-gateway/internal/function/cicd/helpers.go:22.2,22.18 1 1
ollama-gateway/internal/function/cicd/helpers.go:22.18,24.3 1 0
ollama-gateway/internal/function/cicd/helpers.go:25.2,25.45 1 1
ollama-gateway/internal/function/cicd/service.go:11.86,13.2 1 0
ollama-gateway/internal/function/docgen/transport/docgen.go:28.64,30.2 1 0
ollama-gateway/internal/function/docgen/transport/docgen.go:32.81,34.61 2 0
ollama-gateway/internal/function/docgen/transport/docgen.go:34.61,37.3 2 0
ollama-gateway/internal/function/docgen/transport/docgen.go:38.2,38.39 1 0
ollama-gateway/internal/function/docgen/transport/docgen.go:38.39,41.3 2 0
ollama-gateway/internal/function/docgen/transport/docgen.go:43.2,44.16 2 0
ollama-gateway/internal/function/docgen/transport/docgen.go:44.16,47.3 2 0
ollama-gateway/internal/function/docgen/transport/docgen.go:49.2,50.15 2 0
ollama-gateway/internal/function/docgen/transport/docgen.go:50.15,52.17 2 0
ollama-gateway/internal/function/docgen/transport/docgen.go:52.17,55.4 2 0
ollama-gateway/internal/function/docgen/transport/docgen.go:58.2,63.4 1 0
ollama-gateway/internal/function/docgen/transport/docgen.go:66.80,68.25 2 0
ollama-gateway/internal/function/docgen/transport/docgen.go:68.25,69.62 1 0
[...]
ollama-gateway/pkg/httpclient/retry.go:125.2,125.24 1 0
ollama-gateway/pkg/httpclient/retry.go:125.24,127.3 1 0
ollama-gateway/pkg/httpclient/retry.go:128.2,129.16 2 0
ollama-gateway/pkg/httpclient/retry.go:129.16,131.3 1 0
ollama-gateway/pkg/httpclient/retry.go:132.2,133.20 2 0
ollama-gateway/pkg/httpclient/retry.go:136.67,137.18 1 1
ollama-gateway/pkg/httpclient/retry.go:137.18,139.3 1 0
ollama-gateway/pkg/httpclient/retry.go:140.2,141.28 2 1
ollama-gateway/pkg/httpclient/retry.go:141.28,143.3 1 0
ollama-gateway/pkg/httpclient/retry.go:144.2,144.40 1 1
ollama-gateway/pkg/httpclient/retry.go:144.40,146.3 1 0
ollama-gateway/pkg/httpclient/retry.go:147.2,151.13 5 1
ollama-gateway/pkg/httpclient/retry.go:151.13,153.3 1 0
ollama-gateway/pkg/httpclient/retry.go:154.2,154.39 1 1
ollama-gateway/pkg/httpclient/retry.go:157.66,160.9 3 1
ollama-gateway/pkg/httpclient/retry.go:161.20,162.15 1 1
ollama-gateway/pkg/httpclient/retry.go:163.13,164.14 1 1
ollama-gateway/pkg/httpclient/retry.go:168.119,170.21 2 1
ollama-gateway/pkg/httpclient/retry.go:170.21,172.3 1 1
ollama-gateway/pkg/httpclient/retry.go:173.2,173.16 1 1
ollama-gateway/pkg/httpclient/retry.go:173.16,177.3 2 0
ollama-gateway/pkg/httpclient/retry.go:178.2,179.17 2 1
ollama-gateway/pkg/httpclient/retry.go:179.17,181.3 1 1
ollama-gateway/pkg/httpclient/retry.go:182.2,183.82 1 1
ollama-gateway/internal/utils/observability/log_stream.go:22.44,23.19 1 1
ollama-gateway/internal/utils/observability/log_stream.go:23.19,25.3 1 0
ollama-gateway/internal/utils/observability/log_stream.go:26.2,30.3 1 1
ollama-gateway/internal/utils/observability/log_stream.go:33.45,34.30 1 1
ollama-gateway/internal/utils/observability/log_stream.go:34.30,36.3 1 1
ollama-gateway/internal/utils/observability/log_stream.go:38.2,39.33 2 1
ollama-gateway/internal/utils/observability/log_stream.go:39.33,42.3 2 1
ollama-gateway/internal/utils/observability/log_stream.go:42.8,44.3 1 1
ollama-gateway/internal/utils/observability/log_stream.go:45.2,45.32 1 1
ollama-gateway/internal/utils/observability/log_stream.go:45.32,46.10 1 1
ollama-gateway/internal/utils/observability/log_stream.go:47.20,47.20 0 1
ollama-gateway/internal/utils/observability/log_stream.go:48.11,48.11 0 0
ollama-gateway/internal/utils/observability/log_stream.go:51.2,51.15 1 1
ollama-gateway/internal/utils/observability/log_stream.go:54.50,58.41 3 1
ollama-gateway/internal/utils/observability/log_stream.go:58.41,60.3 1 1
ollama-gateway/internal/utils/observability/log_stream.go:61.2,64.12 4 1
ollama-gateway/internal/utils/observability/log_stream.go:67.59,74.24 5 1
ollama-gateway/internal/utils/observability/log_stream.go:74.24,76.37 2 1
ollama-gateway/internal/utils/observability/log_stream.go:76.37,79.4 2 1
ollama-gateway/internal/utils/observability/log_stream.go:80.3,80.16 1 1
ollama-gateway/internal/utils/observability/log_stream.go:83.2,83.24 1 1
ollama-gateway/internal/utils/observability/metrics.go:88.46,94.2 1 1
ollama-gateway/internal/utils/observability/metrics.go:96.68,97.33 1 1
ollama-gateway/internal/utils/observability/metrics.go:97.33,99.3 1 0
ollama-gateway/internal/utils/observability/metrics.go:100.2,102.32 3 1
ollama-gateway/internal/utils/observability/metrics.go:102.32,104.3 1 0
ollama-gateway/internal/utils/observability/metrics.go:105.2,105.68 1 1
ollama-gateway/internal/utils/observability/metrics.go:108.73,112.9 4 1
ollama-gateway/internal/utils/observability/metrics.go:112.9,114.3 1 0
ollama-gateway/internal/utils/observability/metrics.go:115.2,116.26 2 1
ollama-gateway/internal/utils/observability/metrics.go:116.26,118.3 1 1
ollama-gateway/internal/utils/observability/metrics.go:119.2,119.12 1 1
ollama-gateway/internal/utils/observability/metrics.go:119.12,121.3 1 1
ollama-gateway/internal/utils/observability/metrics.go:122.2,122.48 1 1
ollama-gateway/internal/utils/observability/metrics.go:125.60,129.9 4 1
ollama-gateway/internal/utils/observability/metrics.go:129.9,131.3 1 0
ollama-gateway/internal/utils/observability/metrics.go:132.2,132.17 1 1
ollama-gateway/internal/utils/observability/metrics.go:132.17,134.3 1 1
ollama-gateway/internal/utils/observability/metrics.go:135.2,135.48 1 1
ollama-gateway/internal/utils/observability/metrics.go:138.93,146.18 6 1
ollama-gateway/internal/utils/observability/metrics.go:146.18,149.3 2 1
ollama-gateway/internal/utils/observability/metrics.go:151.2,154.19 4 1
ollama-gateway/internal/utils/observability/metrics.go:154.19,156.3 1 0
ollama-gateway/internal/utils/observability/metrics.go:157.2,158.49 2 1
ollama-gateway/internal/utils/observability/metrics.go:158.49,160.3 1 1
ollama-gateway/internal/utils/observability/metrics.go:161.2,162.19 2 1
ollama-gateway/internal/utils/observability/metrics.go:162.19,164.3 1 1
ollama-gateway/internal/utils/observability/metrics.go:167.46,171.2 3 0
ollama-gateway/internal/utils/observability/metrics.go:173.47,177.2 3 0
ollama-gateway/internal/utils/observability/metrics.go:179.62,180.30 1 0
ollama-gateway/internal/utils/observability/metrics.go:180.30,182.3 1 0
ollama-gateway/internal/utils/observability/metrics.go:183.2,186.17 4 0
ollama-gateway/internal/utils/observability/metrics.go:186.17,188.3 1 0
ollama-gateway/internal/utils/observability/metrics.go:191.55,197.28 5 1
ollama-gateway/internal/utils/observability/metrics.go:197.28,199.3 1 1
ollama-gateway/internal/utils/observability/metrics.go:200.2,200.35 1 1
ollama-gateway/internal/utils/observability/metrics.go:200.35,203.25 3 1
ollama-gateway/internal/utils/observability/metrics.go:203.25,205.4 1 1
ollama-gateway/internal/utils/observability/metrics.go:206.3,219.5 5 1
ollama-gateway/internal/utils/observability/metrics.go:222.2,222.41 1 1
ollama-gateway/internal/utils/observability/metrics.go:222.41,223.39 1 0
ollama-gateway/internal/utils/observability/metrics.go:223.39,225.4 1 0
ollama-gateway/internal/utils/observability/metrics.go:226.3,226.41 1 0
ollama-gateway/internal/utils/observability/metrics.go:228.2,228.40 1 1
ollama-gateway/internal/utils/observability/metrics.go:228.40,230.3 1 0
ollama-gateway/internal/utils/observability/metrics.go:232.2,240.3 1 1
ollama-gateway/internal/utils/observability/metrics.go:243.65,252.35 7 0
ollama-gateway/internal/utils/observability/metrics.go:252.35,254.33 2 0
ollama-gateway/internal/utils/observability/metrics.go:254.33,255.12 1 0
ollama-gateway/internal/utils/observability/metrics.go:257.3,257.24 1 0
ollama-gateway/internal/utils/observability/metrics.go:257.24,259.26 2 0
ollama-gateway/internal/utils/observability/metrics.go:259.26,262.5 2 0
ollama-gateway/internal/utils/observability/metrics.go:264.3,264.36 1 0
ollama-gateway/internal/utils/observability/metrics.go:264.36,266.24 2 0
ollama-gateway/internal/utils/observability/metrics.go:266.24,268.5 1 0
ollama-gateway/internal/utils/observability/metrics.go:272.2,273.27 2 0
ollama-gateway/internal/utils/observability/metrics.go:273.27,275.3 1 0
ollama-gateway/internal/utils/observability/metrics.go:277.2,278.26 2 0
ollama-gateway/internal/utils/observability/metrics.go:278.26,280.3 1 0
ollama-gateway/internal/utils/observability/metrics.go:282.2,283.23 2 0
ollama-gateway/internal/utils/observability/metrics.go:283.23,285.3 1 0
ollama-gateway/internal/utils/observability/metrics.go:287.2,296.3 1 0
ollama-gateway/internal/utils/observability/metrics.go:299.73,311.35 5 1
ollama-gateway/internal/utils/observability/metrics.go:311.35,315.15 4 1
ollama-gateway/internal/utils/observability/metrics.go:315.15,318.4 2 1
ollama-gateway/internal/utils/observability/metrics.go:319.3,321.25 3 1
ollama-gateway/internal/utils/observability/metrics.go:321.25,323.4 1 1
ollama-gateway/internal/utils/observability/metrics.go:324.3,324.64 1 1
ollama-gateway/internal/utils/observability/metrics.go:327.2,328.36 2 1
ollama-gateway/internal/utils/observability/metrics.go:328.36,330.21 2 1
ollama-gateway/internal/utils/observability/metrics.go:330.21,332.4 1 1
ollama-gateway/internal/utils/observability/metrics.go:333.3,341.5 2 1
ollama-gateway/internal/utils/observability/metrics.go:344.2,344.43 1 1
ollama-gateway/internal/utils/observability/metrics.go:344.43,345.51 1 1
ollama-gateway/internal/utils/observability/metrics.go:345.51,347.4 1 0
ollama-gateway/internal/utils/observability/metrics.go:348.3,348.53 1 1
ollama-gateway/internal/utils/observability/metrics.go:351.2,354.3 1 1
ollama-gateway/internal/utils/observability/metrics.go:357.36,360.4 1 0
ollama-gateway/internal/utils/observability/metrics.go:360.4,361.38 1 0
ollama-gateway/internal/utils/observability/metrics.go:361.38,363.4 1 0
ollama-gateway/internal/utils/observability/metrics.go:365.2,365.14 1 0
ollama-gateway/internal/utils/observability/metrics.go:368.48,370.2 1 0
ollama-gateway/internal/utils/observability/metrics.go:372.47,373.31 1 1
ollama-gateway/internal/utils/observability/metrics.go:373.31,375.3 1 0
ollama-gateway/internal/utils/observability/metrics.go:376.2,376.79 1 1
ollama-gateway/internal/utils/observability/metrics.go:376.79,378.3 1 0
ollama-gateway/internal/utils/observability/metrics.go:379.2,381.21 3 1
ollama-gateway/internal/utils/observability/metrics.go:381.21,383.3 1 0
ollama-gateway/internal/utils/observability/metrics.go:384.2,384.23 1 1
ollama-gateway/internal/utils/observability/metrics.go:384.23,385.64 1 1
ollama-gateway/internal/utils/observability/metrics.go:385.64,387.4 1 1
ollama-gateway/internal/utils/observability/metrics.go:388.3,388.22 1 1
ollama-gateway/internal/utils/observability/metrics.go:388.22,390.4 1 1
ollama-gateway/internal/utils/observability/metrics.go:391.3,391.15 1 0
ollama-gateway/internal/utils/observability/metrics.go:393.2,393.17 1 0
ollama-gateway/internal/utils/observability/metrics.go:396.79,397.14 1 1
ollama-gateway/internal/utils/observability/metrics.go:397.14,399.3 1 0
ollama-gateway/internal/utils/observability/metrics.go:400.2,400.17 1 1
ollama-gateway/internal/utils/observability/metrics.go:401.57,408.4 1 1
ollama-gateway/internal/utils/observability/metrics.go:409.62,414.4 1 1
ollama-gateway/internal/utils/observability/metrics.go:415.10,418.4 1 0
ollama-gateway/internal/utils/observability/metrics.go:422.48,423.19 1 1
ollama-gateway/internal/utils/observability/metrics.go:423.19,425.3 1 0
ollama-gateway/internal/utils/observability/metrics.go:426.2,426.43 1 1
ollama-gateway/internal/utils/observability/metrics.go:429.47,431.16 2 1
ollama-gateway/internal/utils/observability/metrics.go:431.16,433.3 1 1
ollama-gateway/internal/utils/observability/metrics.go:434.2,434.39 1 0
ollama-gateway/internal/utils/observability/metrics.go:437.48,439.16 2 1
ollama-gateway/internal/utils/observability/metrics.go:439.16,441.3 1 1
ollama-gateway/internal/utils/observability/metrics.go:442.2,442.41 1 0
ollama-gateway/internal/utils/observability/metrics.go:445.50,446.32 1 1
ollama-gateway/internal/utils/observability/metrics.go:446.32,447.20 1 1
ollama-gateway/internal/utils/observability/metrics.go:447.20,449.4 1 1
ollama-gateway/internal/utils/observability/metrics.go:451.2,451.16 1 0
ollama-gateway/internal/utils/observability/metrics.go:454.56,455.45 1 1
ollama-gateway/internal/utils/observability/metrics.go:455.45,457.3 1 0
ollama-gateway/internal/utils/observability/metrics.go:458.2,459.42 2 1
ollama-gateway/internal/utils/observability/metrics.go:459.42,461.3 1 1
ollama-gateway/internal/utils/observability/metrics.go:462.2,462.12 1 1
ollama-gateway/internal/utils/observability/metrics.go:465.51,466.23 1 1
ollama-gateway/internal/utils/observability/metrics.go:466.23,468.3 1 0
ollama-gateway/internal/utils/observability/metrics.go:469.2,469.12 1 1
ollama-gateway/internal/utils/observability/metrics.go:469.12,471.3 1 0
ollama-gateway/internal/utils/observability/metrics.go:472.2,472.14 1 1
ollama-gateway/internal/utils/observability/metrics.go:472.14,474.3 1 0
ollama-gateway/internal/utils/observability/metrics.go:475.2,479.13 5 1
ollama-gateway/internal/utils/observability/metrics.go:479.13,481.3 1 0
ollama-gateway/internal/utils/observability/metrics.go:482.2,482.24 1 1
ollama-gateway/internal/utils/observability/metrics.go:482.24,484.3 1 0
ollama-gateway/internal/utils/observability/metrics.go:485.2,485.20 1 1
ollama-gateway/internal/utils/observability/otel.go:19.75,20.36 1 0
ollama-gateway/internal/utils/observability/otel.go:20.36,21.38 1 0
ollama-gateway/internal/utils/observability/otel.go:21.38,21.52 1 0
ollama-gateway/internal/utils/observability/otel.go:24.2,25.20 2 0
ollama-gateway/internal/utils/observability/otel.go:25.20,27.3 1 0
ollama-gateway/internal/utils/observability/otel.go:29.2,33.30 4 0
ollama-gateway/internal/utils/observability/otel.go:33.30,35.3 1 0
ollama-gateway/internal/utils/observability/otel.go:37.2,38.16 2 0
ollama-gateway/internal/utils/observability/otel.go:38.16,40.3 1 0
ollama-gateway/internal/utils/observability/otel.go:42.2,43.23 2 0
ollama-gateway/internal/utils/observability/otel.go:43.23,45.3 1 0
ollama-gateway/internal/utils/observability/otel.go:46.2,46.25 1 0
ollama-gateway/internal/utils/observability/otel.go:46.25,48.3 1 0
ollama-gateway/internal/utils/observability/otel.go:50.2,51.23 2 0
ollama-gateway/internal/utils/observability/otel.go:51.23,53.3 1 0
ollama-gateway/internal/utils/observability/otel.go:55.2,60.16 2 0
ollama-gateway/internal/utils/observability/otel.go:60.16,62.3 1 0
ollama-gateway/internal/utils/observability/otel.go:64.2,76.25 4 0
ollama-gateway/internal/utils/observability/prometheus.go:44.13,46.2 1 1
ollama-gateway/internal/utils/observability/prometheus.go:49.81,51.19 2 1
ollama-gateway/internal/utils/observability/prometheus.go:51.19,53.3 1 1
ollama-gateway/internal/utils/observability/prometheus.go:54.2,54.79 1 1
ollama-gateway/internal/utils/observability/prometheus.go:57.56,58.18 1 1
ollama-gateway/internal/utils/observability/prometheus.go:58.18,60.3 1 1
ollama-gateway/internal/utils/observability/prometheus.go:61.2,61.68 1 1
ollama-gateway/internal/utils/observability/rate_limiter.go:29.67,34.2 1 1
ollama-gateway/internal/utils/observability/rate_limiter.go:36.46,37.14 1 0
ollama-gateway/internal/utils/observability/rate_limiter.go:37.14,39.3 1 0
ollama-gateway/internal/utils/observability/rate_limiter.go:40.2,41.25 2 0
ollama-gateway/internal/utils/observability/rate_limiter.go:44.84,45.28 1 1
ollama-gateway/internal/utils/observability/rate_limiter.go:45.28,47.3 1 0
ollama-gateway/internal/utils/observability/rate_limiter.go:49.2,54.42 4 1
ollama-gateway/internal/utils/observability/rate_limiter.go:54.42,55.43 1 1
ollama-gateway/internal/utils/observability/rate_limiter.go:55.43,57.4 1 0
ollama-gateway/internal/utils/observability/rate_limiter.go:60.2,61.18 2 1
ollama-gateway/internal/utils/observability/rate_limiter.go:61.18,64.3 2 1
ollama-gateway/internal/utils/observability/rate_limiter.go:66.2,67.44 2 1
ollama-gateway/internal/utils/observability/rate_limiter.go:67.44,70.3 2 1
ollama-gateway/internal/utils/observability/rate_limiter.go:72.2,73.24 2 1
ollama-gateway/internal/utils/observability/rate_limiter.go:73.24,75.3 1 1
ollama-gateway/internal/utils/observability/rate_limiter.go:76.2,77.19 2 1
ollama-gateway/internal/utils/observability/rate_limiter.go:77.19,79.3 1 0
ollama-gateway/internal/utils/observability/rate_limiter.go:80.2,82.14 3 1
ollama-gateway/internal/utils/observability/rate_limiter.go:82.14,84.21 2 1
ollama-gateway/internal/utils/observability/rate_limiter.go:84.21,86.4 1 0
ollama-gateway/internal/utils/observability/rate_limiter.go:89.2,95.3 1 1
ollama-gateway/internal/utils/observability/trace_context.go:9.53,10.16 1 0
ollama-gateway/internal/utils/observability/trace_context.go:10.16,12.3 1 0
ollama-gateway/internal/utils/observability/trace_context.go:13.2,14.24 2 0
ollama-gateway/internal/utils/observability/trace_context.go:14.24,16.3 1 0
ollama-gateway/internal/utils/observability/trace_context.go:17.2,17.35 1 0
ollama-gateway/pkg/httputil/pagination.go:9.64,13.45 3 1
ollama-gateway/pkg/httputil/pagination.go:13.45,14.63 1 1
ollama-gateway/pkg/httputil/pagination.go:14.63,16.4 1 1
ollama-gateway/pkg/httputil/pagination.go:18.2,18.50 1 1
ollama-gateway/pkg/httputil/pagination.go:18.50,19.63 1 1
ollama-gateway/pkg/httputil/pagination.go:19.63,21.4 1 1
ollama-gateway/pkg/httputil/pagination.go:24.2,24.20 1 1
ollama-gateway/pkg/httputil/pagination.go:24.20,26.3 1 1
ollama-gateway/pkg/httputil/pagination.go:28.2,28.23 1 1
ollama-gateway/pkg/httputil/pagination.go:31.102,33.18 2 1
ollama-gateway/pkg/httputil/pagination.go:33.18,35.3 1 1
ollama-gateway/pkg/httputil/pagination.go:36.2,42.4 1 1
ollama-gateway/pkg/httputil/response.go:14.66,18.2 3 1
ollama-gateway/pkg/httputil/response.go:20.64,22.2 1 1
ollama-gateway/pkg/httputil/response.go:24.51,25.36 1 1
ollama-gateway/pkg/httputil/response.go:25.36,27.3 1 1
ollama-gateway/pkg/httputil/response.go:28.2,31.12 4 1
ollama-gateway/pkg/httputil/response.go:34.69,36.16 2 1
ollama-gateway/pkg/httputil/response.go:36.16,38.3 1 0
ollama-gateway/pkg/httputil/response.go:39.2,39.64 1 1
ollama-gateway/pkg/httputil/response.go:39.64,41.3 1 0
ollama-gateway/pkg/httputil/response.go:42.2,42.41 1 1
ollama-gateway/pkg/httputil/response.go:42.41,44.3 1 1
ollama-gateway/pkg/httputil/response.go:45.2,45.12 1 1
ollama-gateway/pkg/httputil/response.go:48.48,49.61 1 1
ollama-gateway/pkg/httputil/response.go:49.61,51.3 1 0
ollama-gateway/pkg/httputil/response.go:52.2,52.41 1 1
ollama-gateway/pkg/httputil/response.go:52.41,54.3 1 1
ollama-gateway/pkg/httputil/response.go:55.2,55.12 1 1
ollama-gateway/pkg/reposcope/reposcope.go:12.49,15.29 3 1
ollama-gateway/pkg/reposcope/reposcope.go:15.29,17.20 2 1
ollama-gateway/pkg/reposcope/reposcope.go:17.20,18.12 1 1
ollama-gateway/pkg/reposcope/reposcope.go:20.3,21.17 2 1
ollama-gateway/pkg/reposcope/reposcope.go:21.17,22.12 1 0
ollama-gateway/pkg/reposcope/reposcope.go:24.3,24.29 1 1
ollama-gateway/pkg/reposcope/reposcope.go:24.29,25.12 1 1
ollama-gateway/pkg/reposcope/reposcope.go:27.3,28.25 2 1
ollama-gateway/pkg/reposcope/reposcope.go:30.2,30.12 1 1
ollama-gateway/pkg/reposcope/reposcope.go:33.39,37.19 4 1
ollama-gateway/pkg/reposcope/reposcope.go:37.19,39.3 1 1
ollama-gateway/pkg/reposcope/reposcope.go:40.2,40.12 1 0
ollama-gateway/pkg/reposcope/reposcope.go:43.45,45.13 2 1
ollama-gateway/pkg/reposcope/reposcope.go:45.13,47.3 1 0
ollama-gateway/pkg/reposcope/reposcope.go:48.2,48.20 1 1
ollama-gateway/pkg/reposcope/reposcope.go:51.62,53.13 2 1
ollama-gateway/pkg/reposcope/reposcope.go:53.13,55.3 1 0
ollama-gateway/pkg/reposcope/reposcope.go:57.2,59.44 3 1
ollama-gateway/pkg/reposcope/reposcope.go:59.44,61.32 2 1
ollama-gateway/pkg/reposcope/reposcope.go:61.32,64.4 2 1
ollama-gateway/pkg/reposcope/reposcope.go:66.2,66.15 1 1
ollama-gateway/pkg/reposcope/reposcope.go:66.15,68.3 1 0
ollama-gateway/pkg/reposcope/reposcope.go:69.2,69.70 1 1
ollama-gateway/pkg/reposcope/reposcope.go:72.68,74.18 2 1
ollama-gateway/pkg/reposcope/reposcope.go:74.18,76.3 1 0
ollama-gateway/pkg/reposcope/reposcope.go:78.2,79.28 2 1
ollama-gateway/pkg/reposcope/reposcope.go:79.28,80.51 1 0
ollama-gateway/pkg/reposcope/reposcope.go:80.51,82.4 1 0
ollama-gateway/pkg/reposcope/reposcope.go:85.2,85.29 1 1
ollama-gateway/pkg/reposcope/reposcope.go:85.29,86.43 1 1
ollama-gateway/pkg/reposcope/reposcope.go:86.43,88.4 1 0
ollama-gateway/pkg/reposcope/reposcope.go:89.3,89.53 1 1
ollama-gateway/pkg/reposcope/reposcope.go:89.53,91.4 1 1
ollama-gateway/pkg/reposcope/reposcope.go:92.3,92.21 1 0
ollama-gateway/pkg/reposcope/reposcope.go:92.21,94.4 1 0
ollama-gateway/pkg/reposcope/reposcope.go:96.2,96.18 1 0
ollama-gateway/pkg/reposcope/reposcope.go:99.54,101.16 2 1
ollama-gateway/pkg/reposcope/reposcope.go:101.16,103.3 1 0
ollama-gateway/pkg/reposcope/reposcope.go:104.2,105.29 2 1
ollama-gateway/pkg/reposcope/reposcope.go:105.29,106.83 1 1
ollama-gateway/pkg/reposcope/reposcope.go:106.83,107.32 1 1
ollama-gateway/pkg/reposcope/reposcope.go:107.32,109.5 1 1
ollama-gateway/pkg/reposcope/reposcope.go:112.2,112.16 1 1
