mode: set
ollama-gateway/cmd/server/main.go:17.13,23.43 5 0
ollama-gateway/cmd/server/main.go:24.15,26.17 2 0
ollama-gateway/cmd/server/main.go:26.17,29.4 2 0
ollama-gateway/cmd/server/main.go:30.3,31.28 2 0
ollama-gateway/cmd/server/main.go:32.10,33.35 1 0
ollama-gateway/cmd/server/main.go:36.2,42.12 5 0
ollama-gateway/cmd/server/main.go:42.12,44.3 1 0
ollama-gateway/cmd/server/main.go:46.2,46.9 1 0
ollama-gateway/cmd/server/main.go:47.22,48.17 1 0
ollama-gateway/cmd/server/main.go:48.17,51.4 2 0
ollama-gateway/cmd/server/main.go:52.20,57.51 4 0
ollama-gateway/cmd/server/main.go:57.51,61.4 3 0
ollama-gateway/cmd/server/main.go:63.3,63.33 1 0
ollama-gateway/cmd/server/main.go:63.33,66.4 2 0
ollama-gateway/cmd/server/main.go:68.3,68.30 1 0
ollama-gateway/cmd/copilot-cli/main.go:15.13,22.19 6 0
ollama-gateway/cmd/copilot-cli/main.go:22.19,25.3 2 0
ollama-gateway/cmd/copilot-cli/main.go:27.2,38.16 4 0
ollama-gateway/cmd/copilot-cli/main.go:38.16,41.3 2 0
ollama-gateway/cmd/copilot-cli/main.go:42.2,44.14 2 0
ollama-gateway/cmd/copilot-cli/main.go:44.14,46.65 2 0
ollama-gateway/cmd/copilot-cli/main.go:46.65,49.4 2 0
ollama-gateway/cmd/copilot-cli/main.go:50.3,52.9 3 0
ollama-gateway/cmd/copilot-cli/main.go:56.2,57.6 2 0
ollama-gateway/cmd/copilot-cli/main.go:57.6,59.17 2 0
ollama-gateway/cmd/copilot-cli/main.go:59.17,60.21 1 0
ollama-gateway/cmd/copilot-cli/main.go:60.21,61.10 1 0
ollama-gateway/cmd/copilot-cli/main.go:63.4,64.9 2 0
ollama-gateway/cmd/copilot-cli/main.go:66.3,67.17 2 0
ollama-gateway/cmd/copilot-cli/main.go:67.17,68.12 1 0
ollama-gateway/cmd/copilot-cli/main.go:70.3,70.39 1 0
ollama-gateway/cmd/copilot-cli/main.go:70.39,72.27 2 0
ollama-gateway/cmd/copilot-cli/main.go:72.27,73.10 1 0
ollama-gateway/cmd/copilot-cli/main.go:76.4,77.64 2 0
ollama-gateway/cmd/copilot-cli/main.go:77.64,79.13 2 0
ollama-gateway/cmd/copilot-cli/main.go:82.4,82.49 1 0
ollama-gateway/cmd/copilot-cli/main.go:82.49,84.46 1 0
ollama-gateway/cmd/copilot-cli/main.go:84.46,85.64 1 0
ollama-gateway/cmd/copilot-cli/main.go:85.64,86.59 1 0
ollama-gateway/cmd/copilot-cli/main.go:86.59,87.45 1 0
ollama-gateway/cmd/copilot-cli/main.go:87.45,88.59 1 0
ollama-gateway/cmd/copilot-cli/main.go:88.59,89.57 1 0
ollama-gateway/cmd/copilot-cli/main.go:89.57,91.19 2 0
ollama-gateway/cmd/copilot-cli/main.go:95.8,95.45 1 0
ollama-gateway/cmd/copilot-cli/main.go:95.45,96.57 1 0
ollama-gateway/cmd/copilot-cli/main.go:96.57,97.57 1 0
ollama-gateway/cmd/copilot-cli/main.go:97.57,99.19 2 0
ollama-gateway/cmd/copilot-cli/main.go:108.4,109.26 2 0
ollama-gateway/internal/config/config.go:48.21,52.24 4 1
ollama-gateway/internal/config/config.go:52.24,54.3 1 1
ollama-gateway/internal/config/config.go:55.2,84.3 3 1
ollama-gateway/internal/config/config.go:87.32,89.13 2 1
ollama-gateway/internal/config/config.go:89.13,92.27 3 1
ollama-gateway/internal/config/config.go:92.27,93.54 1 1
ollama-gateway/internal/config/config.go:93.54,95.5 1 1
ollama-gateway/internal/config/config.go:97.3,97.21 1 1
ollama-gateway/internal/config/config.go:97.21,99.4 1 1
ollama-gateway/internal/config/config.go:101.2,101.43 1 0
ollama-gateway/internal/config/config.go:104.42,105.34 1 1
ollama-gateway/internal/config/config.go:105.34,107.3 1 0
ollama-gateway/internal/config/config.go:108.2,108.17 1 1
ollama-gateway/internal/config/config.go:111.48,113.13 2 1
ollama-gateway/internal/config/config.go:113.13,115.3 1 1
ollama-gateway/internal/config/config.go:116.2,117.16 2 1
ollama-gateway/internal/config/config.go:117.16,120.3 2 1
ollama-gateway/internal/config/config.go:121.2,121.16 1 1
ollama-gateway/internal/config/config.go:121.16,124.3 2 0
ollama-gateway/internal/config/config.go:125.2,125.15 1 1
ollama-gateway/internal/config/config.go:128.51,130.13 2 1
ollama-gateway/internal/config/config.go:130.13,132.3 1 1
ollama-gateway/internal/config/config.go:133.2,133.11 1 1
ollama-gateway/internal/config/config.go:134.32,135.14 1 1
ollama-gateway/internal/config/config.go:136.33,137.15 1 0
ollama-gateway/internal/config/config.go:138.10,140.18 2 1
ollama-gateway/internal/config/config.go:144.73,146.13 2 1
ollama-gateway/internal/config/config.go:146.13,148.3 1 0
ollama-gateway/internal/config/config.go:149.2,150.59 2 1
ollama-gateway/internal/config/config.go:150.59,153.3 2 0
ollama-gateway/internal/config/config.go:154.2,154.27 1 1
ollama-gateway/internal/config/config.go:154.27,155.13 1 1
ollama-gateway/internal/config/config.go:155.13,157.4 1 1
ollama-gateway/internal/config/config.go:159.2,159.15 1 1
ollama-gateway/internal/config/config.go:162.29,164.13 2 1
ollama-gateway/internal/config/config.go:164.13,167.41 3 1
ollama-gateway/internal/config/config.go:167.41,169.4 1 0
ollama-gateway/internal/config/config.go:170.3,170.11 1 1
ollama-gateway/internal/config/config.go:172.2,173.16 2 1
ollama-gateway/internal/config/config.go:173.16,174.18 1 1
ollama-gateway/internal/config/config.go:174.18,176.4 1 1
ollama-gateway/internal/config/config.go:177.3,177.19 1 1
ollama-gateway/internal/config/config.go:179.2,179.16 1 1
ollama-gateway/internal/config/logger.go:9.45,12.18 3 1
ollama-gateway/internal/config/logger.go:12.18,14.3 1 0
ollama-gateway/internal/config/logger.go:16.2,17.22 2 1
ollama-gateway/internal/config/logger.go:17.22,19.3 1 1
ollama-gateway/internal/config/logger.go:20.2,20.55 1 1
ollama-gateway/internal/config/logger.go:23.45,24.51 1 1
ollama-gateway/internal/config/logger.go:25.15,26.25 1 1
ollama-gateway/internal/config/logger.go:27.25,28.24 1 1
ollama-gateway/internal/config/logger.go:29.15,30.25 1 1
ollama-gateway/internal/config/logger.go:31.10,32.24 1 1
ollama-gateway/internal/handlers/agent.go:15.69,17.2 1 1
ollama-gateway/internal/handlers/agent.go:19.71,21.61 2 1
ollama-gateway/internal/handlers/agent.go:21.61,24.3 2 1
ollama-gateway/internal/handlers/agent.go:26.2,26.21 1 1
ollama-gateway/internal/handlers/agent.go:26.21,29.3 2 0
ollama-gateway/internal/handlers/agent.go:31.2,32.76 2 1
ollama-gateway/internal/handlers/api_explorer.go:16.81,19.2 2 1
ollama-gateway/internal/handlers/api_explorer.go:21.77,23.16 2 1
ollama-gateway/internal/handlers/api_explorer.go:23.16,26.3 2 0
ollama-gateway/internal/handlers/api_explorer.go:28.2,30.30 3 1
ollama-gateway/internal/handlers/api_explorer.go:33.77,38.2 1 1
ollama-gateway/internal/handlers/architect.go:27.66,29.2 1 1
ollama-gateway/internal/handlers/architect.go:31.83,33.16 2 1
ollama-gateway/internal/handlers/architect.go:33.16,36.3 2 0
ollama-gateway/internal/handlers/architect.go:37.2,37.46 1 1
ollama-gateway/internal/handlers/architect.go:40.84,42.61 2 1
ollama-gateway/internal/handlers/architect.go:42.61,45.3 2 0
ollama-gateway/internal/handlers/architect.go:46.2,46.39 1 1
ollama-gateway/internal/handlers/architect.go:46.39,49.3 2 1
ollama-gateway/internal/handlers/architect.go:51.2,52.16 2 1
ollama-gateway/internal/handlers/architect.go:52.16,54.10 2 0
ollama-gateway/internal/handlers/architect.go:55.93,56.54 1 0
ollama-gateway/internal/handlers/architect.go:57.39,58.72 1 0
ollama-gateway/internal/handlers/architect.go:59.11,60.63 1 0
ollama-gateway/internal/handlers/architect.go:62.3,62.9 1 0
ollama-gateway/internal/handlers/architect.go:65.2,65.88 1 1
ollama-gateway/internal/handlers/auth.go:18.52,20.2 1 0
ollama-gateway/internal/handlers/auth.go:22.69,24.61 2 0
ollama-gateway/internal/handlers/auth.go:24.61,27.3 2 0
ollama-gateway/internal/handlers/auth.go:29.2,29.46 1 0
ollama-gateway/internal/handlers/auth.go:29.46,32.3 2 0
ollama-gateway/internal/handlers/auth.go:36.2,36.56 1 0
ollama-gateway/internal/handlers/auth.go:36.56,39.3 2 0
ollama-gateway/internal/handlers/auth.go:41.2,42.74 2 0
ollama-gateway/internal/handlers/auth.go:45.57,53.2 3 0
ollama-gateway/internal/handlers/chat.go:15.63,17.2 1 1
ollama-gateway/internal/handlers/chat.go:19.70,21.61 2 1
ollama-gateway/internal/handlers/chat.go:21.61,24.3 2 0
ollama-gateway/internal/handlers/chat.go:26.2,26.28 1 1
ollama-gateway/internal/handlers/chat.go:26.28,29.3 2 1
ollama-gateway/internal/handlers/chat.go:31.2,32.33 2 1
ollama-gateway/internal/handlers/chat.go:32.33,34.3 1 1
ollama-gateway/internal/handlers/chat.go:35.2,37.16 2 1
ollama-gateway/internal/handlers/chat.go:37.16,38.53 1 0
ollama-gateway/internal/handlers/chat.go:38.53,41.4 2 0
ollama-gateway/internal/handlers/chat.go:42.3,42.85 1 0
ollama-gateway/internal/handlers/chat.go:42.85,48.4 1 0
ollama-gateway/internal/handlers/chat.go:48.18,50.4 1 0
ollama-gateway/internal/handlers/chat.go:51.3,52.9 2 0
ollama-gateway/internal/handlers/chat.go:55.2,56.16 2 1
ollama-gateway/internal/handlers/chat.go:56.16,59.3 2 0
ollama-gateway/internal/handlers/chat.go:61.2,72.48 2 1
ollama-gateway/internal/handlers/cicd.go:34.51,36.2 1 1
ollama-gateway/internal/handlers/cicd.go:38.80,40.61 2 1
ollama-gateway/internal/handlers/cicd.go:40.61,43.3 2 0
ollama-gateway/internal/handlers/cicd.go:44.2,44.43 1 1
ollama-gateway/internal/handlers/cicd.go:44.43,47.3 2 1
ollama-gateway/internal/handlers/cicd.go:49.2,50.16 2 1
ollama-gateway/internal/handlers/cicd.go:50.16,53.3 2 0
ollama-gateway/internal/handlers/cicd.go:55.2,57.15 3 1
ollama-gateway/internal/handlers/cicd.go:57.15,59.17 2 1
ollama-gateway/internal/handlers/cicd.go:59.17,62.4 2 0
ollama-gateway/internal/handlers/cicd.go:65.2,72.4 1 1
ollama-gateway/internal/handlers/cicd.go:75.80,77.61 2 1
ollama-gateway/internal/handlers/cicd.go:77.61,80.3 2 0
ollama-gateway/internal/handlers/cicd.go:81.2,81.43 1 1
ollama-gateway/internal/handlers/cicd.go:81.43,84.3 2 0
ollama-gateway/internal/handlers/cicd.go:85.2,85.43 1 1
ollama-gateway/internal/handlers/cicd.go:85.43,88.3 2 0
ollama-gateway/internal/handlers/cicd.go:90.2,91.16 2 1
ollama-gateway/internal/handlers/cicd.go:91.16,94.3 2 0
ollama-gateway/internal/handlers/cicd.go:96.2,100.4 1 1
ollama-gateway/internal/handlers/cicd.go:103.75,105.9 2 0
ollama-gateway/internal/handlers/cicd.go:106.212,107.53 1 0
ollama-gateway/internal/handlers/cicd.go:108.38,109.71 1 0
ollama-gateway/internal/handlers/cicd.go:110.10,111.62 1 0
ollama-gateway/internal/handlers/commitgen.go:28.66,30.2 1 1
ollama-gateway/internal/handlers/commitgen.go:32.76,34.61 2 1
ollama-gateway/internal/handlers/commitgen.go:34.61,37.3 2 1
ollama-gateway/internal/handlers/commitgen.go:38.2,38.39 1 1
ollama-gateway/internal/handlers/commitgen.go:38.39,41.3 2 0
ollama-gateway/internal/handlers/commitgen.go:43.2,44.16 2 1
ollama-gateway/internal/handlers/commitgen.go:44.16,47.3 2 0
ollama-gateway/internal/handlers/commitgen.go:49.2,52.4 1 1
ollama-gateway/internal/handlers/commitgen.go:55.75,57.25 2 1
ollama-gateway/internal/handlers/commitgen.go:57.25,58.62 1 1
ollama-gateway/internal/handlers/commitgen.go:58.62,61.4 2 0
ollama-gateway/internal/handlers/commitgen.go:64.2,65.16 2 1
ollama-gateway/internal/handlers/commitgen.go:65.16,68.3 2 1
ollama-gateway/internal/handlers/commitgen.go:70.2,73.4 1 0
ollama-gateway/internal/handlers/commitgen.go:76.80,78.9 2 1
ollama-gateway/internal/handlers/commitgen.go:79.259,80.53 1 1
ollama-gateway/internal/handlers/commitgen.go:81.10,82.62 1 0
ollama-gateway/internal/handlers/dashboard.go:30.162,32.19 2 0
ollama-gateway/internal/handlers/dashboard.go:32.19,34.3 1 0
ollama-gateway/internal/handlers/dashboard.go:35.2,35.102 1 0
ollama-gateway/internal/handlers/dashboard.go:38.75,41.2 2 0
ollama-gateway/internal/handlers/dashboard.go:43.75,45.22 2 0
ollama-gateway/internal/handlers/dashboard.go:45.22,47.3 1 0
ollama-gateway/internal/handlers/dashboard.go:49.2,50.22 2 0
ollama-gateway/internal/handlers/dashboard.go:50.22,52.3 1 0
ollama-gateway/internal/handlers/dashboard.go:54.2,70.4 1 0
ollama-gateway/internal/handlers/dashboard.go:73.79,74.19 1 0
ollama-gateway/internal/handlers/dashboard.go:74.19,77.3 2 0
ollama-gateway/internal/handlers/dashboard.go:78.2,78.52 1 0
ollama-gateway/internal/handlers/dashboard.go:78.52,81.3 2 0
ollama-gateway/internal/handlers/dashboard.go:83.2,83.43 1 0
ollama-gateway/internal/handlers/dashboard.go:83.43,85.3 1 0
ollama-gateway/internal/handlers/dashboard.go:87.2,93.6 5 0
ollama-gateway/internal/handlers/dashboard.go:93.6,94.10 1 0
ollama-gateway/internal/handlers/dashboard.go:95.29,96.10 1 0
ollama-gateway/internal/handlers/dashboard.go:97.26,98.11 1 0
ollama-gateway/internal/handlers/dashboard.go:98.11,100.5 1 0
ollama-gateway/internal/handlers/dashboard.go:101.4,101.106 1 0
ollama-gateway/internal/handlers/dashboard.go:101.106,103.5 1 0
ollama-gateway/internal/handlers/dashboard.go:104.19,105.120 1 0
ollama-gateway/internal/handlers/dashboard.go:105.120,107.5 1 0
ollama-gateway/internal/handlers/debug.go:30.54,32.2 1 1
ollama-gateway/internal/handlers/debug.go:34.77,36.61 2 1
ollama-gateway/internal/handlers/debug.go:36.61,39.3 2 0
ollama-gateway/internal/handlers/debug.go:40.2,40.45 1 1
ollama-gateway/internal/handlers/debug.go:40.45,43.3 2 1
ollama-gateway/internal/handlers/debug.go:45.2,46.16 2 1
ollama-gateway/internal/handlers/debug.go:46.16,49.3 2 0
ollama-gateway/internal/handlers/debug.go:50.2,50.46 1 1
ollama-gateway/internal/handlers/debug.go:53.75,55.61 2 0
ollama-gateway/internal/handlers/debug.go:55.61,58.3 2 0
ollama-gateway/internal/handlers/debug.go:59.2,59.38 1 0
ollama-gateway/internal/handlers/debug.go:59.38,62.3 2 0
ollama-gateway/internal/handlers/debug.go:64.2,65.19 2 0
ollama-gateway/internal/handlers/debug.go:65.19,67.29 2 0
ollama-gateway/internal/handlers/debug.go:67.29,69.4 1 0
ollama-gateway/internal/handlers/debug.go:70.3,70.38 1 0
ollama-gateway/internal/handlers/debug.go:73.2,74.16 2 0
ollama-gateway/internal/handlers/debug.go:74.16,77.3 2 0
ollama-gateway/internal/handlers/debug.go:78.2,78.46 1 0
ollama-gateway/internal/handlers/docgen.go:33.57,35.2 1 1
ollama-gateway/internal/handlers/docgen.go:37.81,39.61 2 1
ollama-gateway/internal/handlers/docgen.go:39.61,42.3 2 0
ollama-gateway/internal/handlers/docgen.go:43.2,43.39 1 1
ollama-gateway/internal/handlers/docgen.go:43.39,46.3 2 1
ollama-gateway/internal/handlers/docgen.go:48.2,49.16 2 1
ollama-gateway/internal/handlers/docgen.go:49.16,52.3 2 0
ollama-gateway/internal/handlers/docgen.go:54.2,55.15 2 1
ollama-gateway/internal/handlers/docgen.go:55.15,57.17 2 1
ollama-gateway/internal/handlers/docgen.go:57.17,60.4 2 0
ollama-gateway/internal/handlers/docgen.go:63.2,68.4 1 1
ollama-gateway/internal/handlers/docgen.go:71.80,73.25 2 1
ollama-gateway/internal/handlers/docgen.go:73.25,74.62 1 1
ollama-gateway/internal/handlers/docgen.go:74.62,77.4 2 0
ollama-gateway/internal/handlers/docgen.go:80.2,81.16 2 1
ollama-gateway/internal/handlers/docgen.go:81.16,84.3 2 0
ollama-gateway/internal/handlers/docgen.go:86.2,87.15 2 1
ollama-gateway/internal/handlers/docgen.go:87.15,89.44 2 0
ollama-gateway/internal/handlers/docgen.go:89.44,91.4 1 0
ollama-gateway/internal/handlers/docgen.go:92.3,93.17 2 0
ollama-gateway/internal/handlers/docgen.go:93.17,96.4 2 0
ollama-gateway/internal/handlers/docgen.go:99.2,103.4 1 1
ollama-gateway/internal/handlers/docgen.go:106.77,108.9 2 0
ollama-gateway/internal/handlers/docgen.go:109.142,110.53 1 0
ollama-gateway/internal/handlers/docgen.go:111.38,112.71 1 0
ollama-gateway/internal/handlers/docgen.go:113.10,114.62 1 0
ollama-gateway/internal/handlers/generate.go:15.71,17.2 1 1
ollama-gateway/internal/handlers/generate.go:19.74,21.61 2 1
ollama-gateway/internal/handlers/generate.go:21.61,24.3 2 1
ollama-gateway/internal/handlers/generate.go:26.2,26.22 1 1
ollama-gateway/internal/handlers/generate.go:26.22,29.3 2 0
ollama-gateway/internal/handlers/generate.go:31.2,31.16 1 1
ollama-gateway/internal/handlers/generate.go:31.16,32.53 1 0
ollama-gateway/internal/handlers/generate.go:32.53,35.4 2 0
ollama-gateway/internal/handlers/generate.go:36.3,37.85 2 0
ollama-gateway/internal/handlers/generate.go:37.85,39.4 1 0
ollama-gateway/internal/handlers/generate.go:39.18,41.4 1 0
ollama-gateway/internal/handlers/generate.go:42.3,43.9 2 0
ollama-gateway/internal/handlers/generate.go:46.2,48.16 3 1
ollama-gateway/internal/handlers/generate.go:48.16,51.3 2 0
ollama-gateway/internal/handlers/generate.go:53.2,53.71 1 1
ollama-gateway/internal/handlers/health.go:35.58,39.16 2 1
ollama-gateway/internal/handlers/health.go:39.16,42.3 2 1
ollama-gateway/internal/handlers/health.go:43.2,43.10 1 1
ollama-gateway/internal/handlers/health.go:46.74,48.2 1 1
ollama-gateway/internal/handlers/health.go:50.75,57.12 4 1
ollama-gateway/internal/handlers/health.go:57.12,60.3 2 1
ollama-gateway/internal/handlers/health.go:62.2,62.12 1 1
ollama-gateway/internal/handlers/health.go:62.12,65.3 2 1
ollama-gateway/internal/handlers/health.go:67.2,70.37 3 1
ollama-gateway/internal/handlers/health.go:70.37,72.3 1 0
ollama-gateway/internal/handlers/health.go:73.2,73.37 1 1
ollama-gateway/internal/handlers/health.go:73.37,75.3 1 0
ollama-gateway/internal/handlers/health.go:77.2,78.22 2 1
ollama-gateway/internal/handlers/health.go:79.9,80.21 1 0
ollama-gateway/internal/handlers/health.go:81.9,82.23 1 1
ollama-gateway/internal/handlers/health.go:85.2,88.4 1 1
ollama-gateway/internal/handlers/health.go:91.100,92.37 1 1
ollama-gateway/internal/handlers/health.go:92.37,94.3 1 1
ollama-gateway/internal/handlers/health.go:96.2,102.16 6 0
ollama-gateway/internal/handlers/health.go:102.16,104.3 1 0
ollama-gateway/internal/handlers/health.go:106.2,108.16 3 0
ollama-gateway/internal/handlers/health.go:108.16,110.3 1 0
ollama-gateway/internal/handlers/health.go:111.2,113.53 2 0
ollama-gateway/internal/handlers/health.go:113.53,115.3 1 0
ollama-gateway/internal/handlers/health.go:117.2,117.66 1 0
ollama-gateway/internal/handlers/indexer.go:18.60,20.2 1 1
ollama-gateway/internal/handlers/indexer.go:22.74,25.2 2 1
ollama-gateway/internal/handlers/indexer.go:27.79,28.45 1 0
ollama-gateway/internal/handlers/indexer.go:28.45,31.3 2 0
ollama-gateway/internal/handlers/indexer.go:32.2,32.86 1 0
ollama-gateway/internal/handlers/indexer.go:35.78,38.2 2 0
ollama-gateway/internal/handlers/indexer.go:40.77,41.43 1 0
ollama-gateway/internal/handlers/indexer.go:41.43,44.3 2 0
ollama-gateway/internal/handlers/indexer.go:45.2,45.84 1 0
ollama-gateway/internal/handlers/indexer.go:48.73,49.55 1 1
ollama-gateway/internal/handlers/indexer.go:49.55,52.3 2 1
ollama-gateway/internal/handlers/indexer.go:53.2,58.4 1 0
ollama-gateway/internal/handlers/metrics.go:18.68,20.2 1 1
ollama-gateway/internal/handlers/metrics.go:22.73,24.2 1 1
ollama-gateway/internal/handlers/openai.go:27.18,29.2 1 1
ollama-gateway/internal/handlers/openai.go:35.76,37.61 2 1
ollama-gateway/internal/handlers/openai.go:37.61,40.3 2 0
ollama-gateway/internal/handlers/openai.go:41.2,42.16 2 1
ollama-gateway/internal/handlers/openai.go:42.16,45.3 2 0
ollama-gateway/internal/handlers/openai.go:46.2,49.44 2 1
ollama-gateway/internal/handlers/openai.go:67.77,69.61 2 1
ollama-gateway/internal/handlers/openai.go:69.61,72.3 2 0
ollama-gateway/internal/handlers/openai.go:73.2,73.16 1 1
ollama-gateway/internal/handlers/openai.go:73.16,75.53 2 0
ollama-gateway/internal/handlers/openai.go:75.53,78.4 2 0
ollama-gateway/internal/handlers/openai.go:79.3,79.78 1 0
ollama-gateway/internal/handlers/openai.go:79.78,87.4 1 0
ollama-gateway/internal/handlers/openai.go:87.18,89.4 1 0
ollama-gateway/internal/handlers/openai.go:90.3,91.9 2 0
ollama-gateway/internal/handlers/openai.go:93.2,95.16 3 1
ollama-gateway/internal/handlers/openai.go:95.16,98.3 2 0
ollama-gateway/internal/handlers/openai.go:99.2,100.44 2 1
ollama-gateway/internal/handlers/openai.go:103.81,105.61 2 0
ollama-gateway/internal/handlers/openai.go:105.61,108.3 2 0
ollama-gateway/internal/handlers/openai.go:109.2,109.28 1 0
ollama-gateway/internal/handlers/openai.go:109.28,112.3 2 0
ollama-gateway/internal/handlers/openai.go:113.2,116.48 4 0
ollama-gateway/internal/handlers/openai.go:116.48,117.96 1 0
ollama-gateway/internal/handlers/openai.go:117.96,118.55 1 0
ollama-gateway/internal/handlers/openai.go:118.55,120.5 1 0
ollama-gateway/internal/handlers/openai.go:121.4,121.83 1 0
ollama-gateway/internal/handlers/openai.go:121.83,123.5 1 0
ollama-gateway/internal/handlers/openai.go:124.4,124.57 1 0
ollama-gateway/internal/handlers/openai.go:124.57,127.5 2 0
ollama-gateway/internal/handlers/openai.go:128.4,128.53 1 0
ollama-gateway/internal/handlers/openai.go:128.53,131.5 2 0
ollama-gateway/internal/handlers/openai.go:134.2,134.30 1 0
ollama-gateway/internal/handlers/openai.go:134.30,135.29 1 0
ollama-gateway/internal/handlers/openai.go:135.29,138.4 2 0
ollama-gateway/internal/handlers/openai.go:139.3,140.17 2 0
ollama-gateway/internal/handlers/openai.go:140.17,143.4 2 0
ollama-gateway/internal/handlers/openai.go:144.3,144.98 1 0
ollama-gateway/internal/handlers/openai.go:146.2,146.70 1 0
ollama-gateway/internal/handlers/openai.go:146.70,148.3 1 0
ollama-gateway/internal/handlers/openai.go:150.2,153.17 4 0
ollama-gateway/internal/handlers/openai.go:153.17,155.3 1 0
ollama-gateway/internal/handlers/openai.go:156.2,159.16 3 0
ollama-gateway/internal/handlers/openai.go:159.16,161.53 2 0
ollama-gateway/internal/handlers/openai.go:161.53,164.4 2 0
ollama-gateway/internal/handlers/openai.go:165.3,174.18 1 0
ollama-gateway/internal/handlers/openai.go:174.18,176.4 1 0
ollama-gateway/internal/handlers/openai.go:177.3,177.84 1 0
ollama-gateway/internal/handlers/openai.go:177.84,189.4 2 0
ollama-gateway/internal/handlers/openai.go:189.18,191.4 1 0
ollama-gateway/internal/handlers/openai.go:193.3,194.17 2 0
ollama-gateway/internal/handlers/openai.go:194.17,198.4 1 0
ollama-gateway/internal/handlers/openai.go:198.9,200.4 1 0
ollama-gateway/internal/handlers/openai.go:202.3,215.9 3 0
ollama-gateway/internal/handlers/openai.go:218.2,219.16 2 0
ollama-gateway/internal/handlers/openai.go:219.16,222.3 2 0
ollama-gateway/internal/handlers/openai.go:224.2,225.16 2 0
ollama-gateway/internal/handlers/openai.go:225.16,228.3 2 0
ollama-gateway/internal/handlers/openai.go:229.2,245.4 2 0
ollama-gateway/internal/handlers/openai.go:248.175,249.28 1 0
ollama-gateway/internal/handlers/openai.go:249.28,251.3 1 0
ollama-gateway/internal/handlers/openai.go:253.2,254.26 2 0
ollama-gateway/internal/handlers/openai.go:254.26,256.17 2 0
ollama-gateway/internal/handlers/openai.go:256.17,258.4 1 0
ollama-gateway/internal/handlers/openai.go:259.3,259.25 1 0
ollama-gateway/internal/handlers/openai.go:262.2,263.16 2 0
ollama-gateway/internal/handlers/openai.go:263.16,265.3 1 0
ollama-gateway/internal/handlers/openai.go:266.2,266.24 1 0
ollama-gateway/internal/handlers/openai.go:269.66,270.42 1 0
ollama-gateway/internal/handlers/openai.go:270.42,271.50 1 0
ollama-gateway/internal/handlers/openai.go:271.50,273.4 1 0
ollama-gateway/internal/handlers/openai.go:275.2,275.24 1 0
ollama-gateway/internal/handlers/openai.go:275.24,277.3 1 0
ollama-gateway/internal/handlers/openai.go:278.2,278.34 1 0
ollama-gateway/internal/handlers/openai.go:281.48,282.14 1 0
ollama-gateway/internal/handlers/openai.go:282.14,284.3 1 0
ollama-gateway/internal/handlers/openai.go:285.2,285.90 1 0
ollama-gateway/internal/handlers/openai.go:285.90,287.3 1 0
ollama-gateway/internal/handlers/openai.go:288.2,288.20 1 0
ollama-gateway/internal/handlers/openai.go:291.53,293.35 2 0
ollama-gateway/internal/handlers/openai.go:293.35,295.3 1 0
ollama-gateway/internal/handlers/openai.go:296.2,296.34 1 0
ollama-gateway/internal/handlers/openai.go:299.55,300.35 1 0
ollama-gateway/internal/handlers/openai.go:300.35,301.67 1 0
ollama-gateway/internal/handlers/openai.go:301.67,303.4 1 0
ollama-gateway/internal/handlers/openai.go:305.2,305.14 1 0
ollama-gateway/internal/handlers/patch.go:23.80,25.2 1 1
ollama-gateway/internal/handlers/patch.go:27.70,29.61 2 1
ollama-gateway/internal/handlers/patch.go:29.61,32.3 2 0
ollama-gateway/internal/handlers/patch.go:33.2,33.24 1 1
ollama-gateway/internal/handlers/patch.go:33.24,36.3 2 0
ollama-gateway/internal/handlers/patch.go:38.2,42.15 4 1
ollama-gateway/internal/handlers/patch.go:42.15,43.27 1 1
ollama-gateway/internal/handlers/patch.go:43.27,44.67 1 0
ollama-gateway/internal/handlers/patch.go:44.67,47.5 2 0
ollama-gateway/internal/handlers/patch.go:48.4,48.13 1 0
ollama-gateway/internal/handlers/patch.go:52.2,57.4 1 1
ollama-gateway/internal/handlers/patch.go:60.72,62.20 2 1
ollama-gateway/internal/handlers/patch.go:62.20,65.3 2 1
ollama-gateway/internal/handlers/patch.go:67.2,68.50 2 1
ollama-gateway/internal/handlers/patch.go:68.50,69.83 1 1
ollama-gateway/internal/handlers/patch.go:69.83,71.4 1 1
ollama-gateway/internal/handlers/patch.go:74.2,75.24 2 1
ollama-gateway/internal/handlers/patch.go:75.24,77.3 1 0
ollama-gateway/internal/handlers/patch.go:79.2,82.4 1 1
ollama-gateway/internal/handlers/profile.go:23.65,25.2 1 1
ollama-gateway/internal/handlers/profile.go:34.70,36.18 2 1
ollama-gateway/internal/handlers/profile.go:36.18,39.3 2 1
ollama-gateway/internal/handlers/profile.go:40.2,40.23 1 0
ollama-gateway/internal/handlers/profile.go:40.23,43.3 2 0
ollama-gateway/internal/handlers/profile.go:45.2,46.16 2 0
ollama-gateway/internal/handlers/profile.go:46.16,49.3 2 0
ollama-gateway/internal/handlers/profile.go:51.2,51.20 1 0
ollama-gateway/internal/handlers/profile.go:51.20,54.3 2 0
ollama-gateway/internal/handlers/profile.go:56.2,56.47 1 0
ollama-gateway/internal/handlers/profile.go:59.70,61.18 2 0
ollama-gateway/internal/handlers/profile.go:61.18,64.3 2 0
ollama-gateway/internal/handlers/profile.go:65.2,65.23 1 0
ollama-gateway/internal/handlers/profile.go:65.23,68.3 2 0
ollama-gateway/internal/handlers/profile.go:70.2,71.61 2 0
ollama-gateway/internal/handlers/profile.go:71.61,74.3 2 0
ollama-gateway/internal/handlers/profile.go:76.2,81.28 2 0
ollama-gateway/internal/handlers/profile.go:81.28,83.3 1 0
ollama-gateway/internal/handlers/profile.go:84.2,84.26 1 0
ollama-gateway/internal/handlers/profile.go:84.26,86.3 1 0
ollama-gateway/internal/handlers/profile.go:88.2,89.16 2 0
ollama-gateway/internal/handlers/profile.go:89.16,92.3 2 0
ollama-gateway/internal/handlers/profile.go:94.2,94.47 1 0
ollama-gateway/internal/handlers/prompt_context.go:9.65,10.14 1 1
ollama-gateway/internal/handlers/prompt_context.go:10.14,12.3 1 0
ollama-gateway/internal/handlers/prompt_context.go:13.2,14.21 2 1
ollama-gateway/internal/handlers/prompt_context.go:14.21,16.3 1 1
ollama-gateway/internal/handlers/prompt_context.go:17.2,17.52 1 0
ollama-gateway/internal/handlers/repo.go:21.59,23.2 1 1
ollama-gateway/internal/handlers/repo.go:25.72,27.61 2 1
ollama-gateway/internal/handlers/repo.go:27.61,30.3 2 0
ollama-gateway/internal/handlers/repo.go:32.2,32.20 1 1
ollama-gateway/internal/handlers/repo.go:32.20,35.3 2 1
ollama-gateway/internal/handlers/repo.go:37.2,38.16 2 1
ollama-gateway/internal/handlers/repo.go:38.16,41.3 2 0
ollama-gateway/internal/handlers/repo.go:43.2,44.16 2 1
ollama-gateway/internal/handlers/repo.go:44.16,47.3 2 0
ollama-gateway/internal/handlers/repo.go:49.2,49.77 1 1
ollama-gateway/internal/handlers/repo.go:52.71,54.16 2 1
ollama-gateway/internal/handlers/repo.go:54.16,57.3 2 0
ollama-gateway/internal/handlers/repo.go:59.2,59.77 1 1
ollama-gateway/internal/handlers/review.go:27.77,29.2 1 1
ollama-gateway/internal/handlers/review.go:31.76,33.61 2 1
ollama-gateway/internal/handlers/review.go:33.61,36.3 2 0
ollama-gateway/internal/handlers/review.go:37.2,37.20 1 1
ollama-gateway/internal/handlers/review.go:37.20,40.3 2 1
ollama-gateway/internal/handlers/review.go:42.2,43.16 2 0
ollama-gateway/internal/handlers/review.go:43.16,46.3 2 0
ollama-gateway/internal/handlers/review.go:48.2,51.4 1 0
ollama-gateway/internal/handlers/review.go:54.76,56.61 2 1
ollama-gateway/internal/handlers/review.go:56.61,59.3 2 0
ollama-gateway/internal/handlers/review.go:60.2,60.20 1 1
ollama-gateway/internal/handlers/review.go:60.20,63.3 2 0
ollama-gateway/internal/handlers/review.go:65.2,66.16 2 1
ollama-gateway/internal/handlers/review.go:66.16,68.10 2 0
ollama-gateway/internal/handlers/review.go:69.76,70.54 1 0
ollama-gateway/internal/handlers/review.go:71.39,72.72 1 0
ollama-gateway/internal/handlers/review.go:73.11,74.63 1 0
ollama-gateway/internal/handlers/review.go:76.3,76.9 1 0
ollama-gateway/internal/handlers/review.go:79.2,82.4 1 1
ollama-gateway/internal/handlers/search.go:20.99,22.2 1 1
ollama-gateway/internal/handlers/search.go:29.72,31.61 2 1
ollama-gateway/internal/handlers/search.go:31.61,34.3 2 0
ollama-gateway/internal/handlers/search.go:35.2,35.18 1 1
ollama-gateway/internal/handlers/search.go:35.18,37.3 1 0
ollama-gateway/internal/handlers/search.go:38.2,39.16 2 1
ollama-gateway/internal/handlers/search.go:39.16,42.3 2 0
ollama-gateway/internal/handlers/search.go:43.2,45.41 3 1
ollama-gateway/internal/handlers/search.go:45.41,47.17 2 1
ollama-gateway/internal/handlers/search.go:47.17,48.12 1 0
ollama-gateway/internal/handlers/search.go:50.3,51.10 2 1
ollama-gateway/internal/handlers/search.go:51.10,52.12 1 0
ollama-gateway/internal/handlers/search.go:54.3,54.30 1 1
ollama-gateway/internal/handlers/search.go:54.30,55.50 1 0
ollama-gateway/internal/handlers/search.go:55.50,57.5 1 0
ollama-gateway/internal/handlers/search.go:61.2,61.22 1 1
ollama-gateway/internal/handlers/search.go:61.22,64.3 2 1
ollama-gateway/internal/handlers/search.go:66.2,66.41 1 0
ollama-gateway/internal/handlers/search.go:66.41,68.3 1 0
ollama-gateway/internal/handlers/search.go:69.2,69.42 1 0
ollama-gateway/internal/handlers/search.go:69.42,71.3 1 0
ollama-gateway/internal/handlers/search.go:72.2,74.77 2 0
ollama-gateway/internal/handlers/search.go:74.77,76.10 2 0
ollama-gateway/internal/handlers/search.go:76.10,79.4 2 0
ollama-gateway/internal/handlers/search.go:80.3,83.20 4 0
ollama-gateway/internal/handlers/search.go:83.20,85.4 1 0
ollama-gateway/internal/handlers/search.go:86.3,87.18 2 0
ollama-gateway/internal/handlers/search.go:87.18,89.4 1 0
ollama-gateway/internal/handlers/search.go:90.3,91.9 2 0
ollama-gateway/internal/handlers/search.go:94.2,94.43 1 0
ollama-gateway/internal/handlers/search.go:97.73,99.22 2 1
ollama-gateway/internal/handlers/search.go:99.22,100.72 1 0
ollama-gateway/internal/handlers/search.go:100.72,102.4 1 0
ollama-gateway/internal/handlers/search.go:105.2,105.23 1 1
ollama-gateway/internal/handlers/search.go:105.23,107.3 1 0
ollama-gateway/internal/handlers/search.go:108.2,110.31 3 1
ollama-gateway/internal/handlers/search.go:110.31,112.30 2 1
ollama-gateway/internal/handlers/search.go:112.30,113.12 1 0
ollama-gateway/internal/handlers/search.go:115.3,116.26 2 1
ollama-gateway/internal/handlers/search.go:118.2,118.12 1 1
ollama-gateway/internal/handlers/search.go:121.51,123.9 2 0
ollama-gateway/internal/handlers/search.go:123.9,125.3 1 0
ollama-gateway/internal/handlers/search.go:126.2,127.9 2 0
ollama-gateway/internal/handlers/search.go:127.9,129.3 1 0
ollama-gateway/internal/handlers/search.go:130.2,130.10 1 0
ollama-gateway/internal/handlers/search.go:133.69,135.27 2 0
ollama-gateway/internal/handlers/search.go:135.27,137.3 1 0
ollama-gateway/internal/handlers/search.go:138.2,138.12 1 0
ollama-gateway/internal/handlers/security.go:22.85,24.2 1 1
ollama-gateway/internal/handlers/security.go:26.76,28.61 2 1
ollama-gateway/internal/handlers/security.go:28.61,31.3 2 0
ollama-gateway/internal/handlers/security.go:32.2,32.39 1 1
ollama-gateway/internal/handlers/security.go:32.39,35.3 2 1
ollama-gateway/internal/handlers/security.go:37.2,38.16 2 1
ollama-gateway/internal/handlers/security.go:38.16,41.3 2 0
ollama-gateway/internal/handlers/security.go:43.2,44.35 2 1
ollama-gateway/internal/handlers/security.go:44.35,46.3 1 0
ollama-gateway/internal/handlers/security.go:48.2,53.4 1 1
ollama-gateway/internal/handlers/security.go:56.76,58.16 2 0
ollama-gateway/internal/handlers/security.go:58.16,61.3 2 0
ollama-gateway/internal/handlers/security.go:62.2,62.46 1 0
ollama-gateway/internal/handlers/security.go:65.79,67.9 2 0
ollama-gateway/internal/handlers/security.go:68.142,69.53 1 0
ollama-gateway/internal/handlers/security.go:70.38,71.71 1 0
ollama-gateway/internal/handlers/security.go:72.10,73.62 1 0
ollama-gateway/internal/handlers/session.go:31.87,33.2 1 1
ollama-gateway/internal/handlers/session.go:35.73,37.18 2 1
ollama-gateway/internal/handlers/session.go:37.18,40.3 2 1
ollama-gateway/internal/handlers/session.go:41.2,42.16 2 0
ollama-gateway/internal/handlers/session.go:42.16,45.3 2 0
ollama-gateway/internal/handlers/session.go:46.2,46.88 1 0
ollama-gateway/internal/handlers/session.go:49.71,52.21 3 0
ollama-gateway/internal/handlers/session.go:52.21,55.3 2 0
ollama-gateway/internal/handlers/session.go:56.2,56.18 1 0
ollama-gateway/internal/handlers/session.go:56.18,59.3 2 0
ollama-gateway/internal/handlers/session.go:60.2,60.59 1 0
ollama-gateway/internal/handlers/session.go:60.59,63.3 2 0
ollama-gateway/internal/handlers/session.go:64.2,64.102 1 0
ollama-gateway/internal/handlers/session.go:67.78,69.21 2 0
ollama-gateway/internal/handlers/session.go:69.21,72.3 2 0
ollama-gateway/internal/handlers/session.go:74.2,76.16 3 0
ollama-gateway/internal/handlers/session.go:76.16,79.3 2 0
ollama-gateway/internal/handlers/session.go:80.2,84.4 1 0
ollama-gateway/internal/handlers/session.go:87.71,90.21 3 0
ollama-gateway/internal/handlers/session.go:90.21,93.3 2 0
ollama-gateway/internal/handlers/session.go:94.2,94.18 1 0
ollama-gateway/internal/handlers/session.go:94.18,97.3 2 0
ollama-gateway/internal/handlers/session.go:99.2,100.61 2 0
ollama-gateway/internal/handlers/session.go:100.61,103.3 2 0
ollama-gateway/internal/handlers/session.go:104.2,104.42 1 0
ollama-gateway/internal/handlers/session.go:104.42,107.3 2 0
ollama-gateway/internal/handlers/session.go:109.2,109.59 1 0
ollama-gateway/internal/handlers/session.go:109.59,112.3 2 0
ollama-gateway/internal/handlers/session.go:113.2,113.109 1 0
ollama-gateway/internal/handlers/session.go:113.109,116.3 2 0
ollama-gateway/internal/handlers/session.go:118.2,120.16 3 0
ollama-gateway/internal/handlers/session.go:120.16,123.3 2 0
ollama-gateway/internal/handlers/session.go:125.2,126.71 2 0
ollama-gateway/internal/handlers/session.go:126.71,129.3 2 0
ollama-gateway/internal/handlers/session.go:131.2,134.4 1 0
ollama-gateway/internal/handlers/session.go:137.39,139.15 2 0
ollama-gateway/internal/handlers/session.go:139.15,141.3 1 0
ollama-gateway/internal/handlers/session.go:142.2,142.57 1 0
ollama-gateway/internal/handlers/session.go:142.57,144.3 1 0
ollama-gateway/internal/handlers/session.go:145.2,145.61 1 0
ollama-gateway/internal/handlers/session.go:145.61,147.3 1 0
ollama-gateway/internal/handlers/session.go:148.2,148.57 1 0
ollama-gateway/internal/handlers/session.go:148.57,150.3 1 0
ollama-gateway/internal/handlers/session.go:151.2,151.20 1 0
ollama-gateway/internal/handlers/sqlgen.go:35.57,37.2 1 1
ollama-gateway/internal/handlers/sqlgen.go:39.79,41.61 2 1
ollama-gateway/internal/handlers/sqlgen.go:41.61,44.3 2 0
ollama-gateway/internal/handlers/sqlgen.go:45.2,45.46 1 1
ollama-gateway/internal/handlers/sqlgen.go:45.46,48.3 2 1
ollama-gateway/internal/handlers/sqlgen.go:49.2,49.42 1 1
ollama-gateway/internal/handlers/sqlgen.go:49.42,52.3 2 0
ollama-gateway/internal/handlers/sqlgen.go:54.2,55.16 2 1
ollama-gateway/internal/handlers/sqlgen.go:55.16,56.127 1 0
ollama-gateway/internal/handlers/sqlgen.go:56.127,59.4 2 0
ollama-gateway/internal/handlers/sqlgen.go:60.3,61.9 2 0
ollama-gateway/internal/handlers/sqlgen.go:64.2,68.4 1 1
ollama-gateway/internal/handlers/sqlgen.go:71.83,73.61 2 1
ollama-gateway/internal/handlers/sqlgen.go:73.61,76.3 2 0
ollama-gateway/internal/handlers/sqlgen.go:77.2,77.46 1 1
ollama-gateway/internal/handlers/sqlgen.go:77.46,80.3 2 0
ollama-gateway/internal/handlers/sqlgen.go:81.2,81.42 1 1
ollama-gateway/internal/handlers/sqlgen.go:81.42,84.3 2 0
ollama-gateway/internal/handlers/sqlgen.go:86.2,87.16 2 1
ollama-gateway/internal/handlers/sqlgen.go:87.16,88.127 1 0
ollama-gateway/internal/handlers/sqlgen.go:88.127,91.4 2 0
ollama-gateway/internal/handlers/sqlgen.go:92.3,93.9 2 0
ollama-gateway/internal/handlers/sqlgen.go:96.2,100.4 1 1
ollama-gateway/internal/handlers/sqlgen.go:103.78,105.61 2 1
ollama-gateway/internal/handlers/sqlgen.go:105.61,108.3 2 0
ollama-gateway/internal/handlers/sqlgen.go:109.2,109.38 1 1
ollama-gateway/internal/handlers/sqlgen.go:109.38,112.3 2 0
ollama-gateway/internal/handlers/sqlgen.go:114.2,115.16 2 1
ollama-gateway/internal/handlers/sqlgen.go:115.16,118.3 2 0
ollama-gateway/internal/handlers/sqlgen.go:120.2,123.4 1 1
ollama-gateway/internal/handlers/testgen.go:33.60,35.2 1 1
ollama-gateway/internal/handlers/testgen.go:37.75,39.61 2 1
ollama-gateway/internal/handlers/testgen.go:39.61,42.3 2 0
ollama-gateway/internal/handlers/testgen.go:43.2,43.39 1 1
ollama-gateway/internal/handlers/testgen.go:43.39,46.3 2 1
ollama-gateway/internal/handlers/testgen.go:47.2,47.39 1 1
ollama-gateway/internal/handlers/testgen.go:47.39,50.3 2 0
ollama-gateway/internal/handlers/testgen.go:52.2,53.16 2 1
ollama-gateway/internal/handlers/testgen.go:53.16,56.3 2 0
ollama-gateway/internal/handlers/testgen.go:57.2,57.77 1 1
ollama-gateway/internal/handlers/testgen.go:60.82,62.61 2 1
ollama-gateway/internal/handlers/testgen.go:62.61,65.3 2 0
ollama-gateway/internal/handlers/testgen.go:66.2,66.39 1 1
ollama-gateway/internal/handlers/testgen.go:66.39,69.3 2 0
ollama-gateway/internal/handlers/testgen.go:71.2,72.16 2 1
ollama-gateway/internal/handlers/testgen.go:72.16,75.3 2 0
ollama-gateway/internal/handlers/testgen.go:77.2,79.15 3 1
ollama-gateway/internal/handlers/testgen.go:79.15,81.17 2 1
ollama-gateway/internal/handlers/testgen.go:81.17,84.4 2 0
ollama-gateway/internal/handlers/testgen.go:87.2,92.4 1 1
ollama-gateway/internal/handlers/testgen.go:95.78,97.9 2 0
ollama-gateway/internal/handlers/testgen.go:98.92,99.53 1 0
ollama-gateway/internal/handlers/testgen.go:100.38,101.71 1 0
ollama-gateway/internal/handlers/testgen.go:102.10,103.62 1 0
ollama-gateway/internal/handlers/translator.go:33.69,35.2 1 1
ollama-gateway/internal/handlers/translator.go:37.79,39.61 2 1
ollama-gateway/internal/handlers/translator.go:39.61,42.3 2 0
ollama-gateway/internal/handlers/translator.go:43.2,43.39 1 1
ollama-gateway/internal/handlers/translator.go:43.39,46.3 2 1
ollama-gateway/internal/handlers/translator.go:47.2,47.37 1 1
ollama-gateway/internal/handlers/translator.go:47.37,50.3 2 0
ollama-gateway/internal/handlers/translator.go:52.2,53.16 2 1
ollama-gateway/internal/handlers/translator.go:53.16,56.3 2 0
ollama-gateway/internal/handlers/translator.go:57.2,57.88 1 1
ollama-gateway/internal/handlers/translator.go:60.83,62.61 2 1
ollama-gateway/internal/handlers/translator.go:62.61,65.3 2 0
ollama-gateway/internal/handlers/translator.go:66.2,66.39 1 1
ollama-gateway/internal/handlers/translator.go:66.39,69.3 2 0
ollama-gateway/internal/handlers/translator.go:70.2,70.37 1 1
ollama-gateway/internal/handlers/translator.go:70.37,73.3 2 0
ollama-gateway/internal/handlers/translator.go:75.2,76.16 2 1
ollama-gateway/internal/handlers/translator.go:76.16,78.10 2 0
ollama-gateway/internal/handlers/translator.go:79.93,80.54 1 0
ollama-gateway/internal/handlers/translator.go:81.39,82.72 1 0
ollama-gateway/internal/handlers/translator.go:83.11,84.63 1 0
ollama-gateway/internal/handlers/translator.go:86.3,86.9 1 0
ollama-gateway/internal/handlers/translator.go:88.2,88.88 1 1
ollama-gateway/internal/handlers/ws.go:32.70,37.44 1 0
ollama-gateway/internal/handlers/ws.go:37.44,39.5 1 0
ollama-gateway/internal/handlers/ws.go:44.68,45.32 1 0
ollama-gateway/internal/handlers/ws.go:45.32,48.3 2 0
ollama-gateway/internal/handlers/ws.go:50.2,51.17 2 0
ollama-gateway/internal/handlers/ws.go:51.17,54.3 2 0
ollama-gateway/internal/handlers/ws.go:55.2,55.50 1 0
ollama-gateway/internal/handlers/ws.go:55.50,58.3 2 0
ollama-gateway/internal/handlers/ws.go:60.2,61.16 2 0
ollama-gateway/internal/handlers/ws.go:61.16,63.3 1 0
ollama-gateway/internal/handlers/ws.go:64.2,67.58 3 0
ollama-gateway/internal/handlers/ws.go:67.58,71.3 3 0
ollama-gateway/internal/handlers/ws.go:73.2,77.6 4 0
ollama-gateway/internal/handlers/ws.go:77.6,79.45 2 0
ollama-gateway/internal/handlers/ws.go:79.45,81.28 2 0
ollama-gateway/internal/handlers/ws.go:81.28,83.5 1 0
ollama-gateway/internal/handlers/ws.go:84.4,85.10 2 0
ollama-gateway/internal/handlers/ws.go:88.3,88.55 1 0
ollama-gateway/internal/handlers/ws.go:89.15,91.12 2 0
ollama-gateway/internal/handlers/ws.go:92.17,96.21 4 0
ollama-gateway/internal/handlers/ws.go:96.21,98.5 1 0
ollama-gateway/internal/handlers/ws.go:99.4,100.12 2 0
ollama-gateway/internal/handlers/ws.go:103.3,103.29 1 0
ollama-gateway/internal/handlers/ws.go:103.29,105.12 2 0
ollama-gateway/internal/handlers/ws.go:108.3,111.18 3 0
ollama-gateway/internal/handlers/ws.go:111.18,115.12 4 0
ollama-gateway/internal/handlers/ws.go:115.12,117.13 2 0
ollama-gateway/internal/handlers/ws.go:119.4,120.18 2 0
ollama-gateway/internal/handlers/ws.go:120.18,122.13 2 0
ollama-gateway/internal/handlers/ws.go:124.4,126.12 3 0
ollama-gateway/internal/handlers/ws.go:129.3,130.19 2 0
ollama-gateway/internal/handlers/ws.go:130.19,133.12 3 0
ollama-gateway/internal/handlers/ws.go:135.3,136.26 2 0
ollama-gateway/internal/handlers/ws.go:136.26,138.4 1 0
ollama-gateway/internal/handlers/ws.go:139.3,142.55 3 0
ollama-gateway/internal/handlers/ws.go:142.55,143.17 1 0
ollama-gateway/internal/handlers/ws.go:143.17,148.5 4 0
ollama-gateway/internal/handlers/ws.go:150.4,150.82 1 0
ollama-gateway/internal/handlers/ws.go:150.82,151.24 1 0
ollama-gateway/internal/handlers/ws.go:151.24,153.6 1 0
ollama-gateway/internal/handlers/ws.go:154.5,154.80 1 0
ollama-gateway/internal/handlers/ws.go:157.4,157.18 1 0
ollama-gateway/internal/handlers/ws.go:157.18,158.42 1 0
ollama-gateway/internal/handlers/ws.go:158.42,160.6 1 0
ollama-gateway/internal/handlers/ws.go:161.5,162.11 2 0
ollama-gateway/internal/handlers/ws.go:165.4,165.24 1 0
ollama-gateway/internal/handlers/ws.go:165.24,167.5 1 0
ollama-gateway/internal/handlers/ws.go:172.68,173.76 1 0
ollama-gateway/internal/handlers/ws.go:173.76,174.54 1 0
ollama-gateway/internal/handlers/ws.go:174.54,176.4 1 0
ollama-gateway/internal/handlers/ws.go:177.3,177.26 1 0
ollama-gateway/internal/handlers/ws.go:179.2,179.32 1 0
ollama-gateway/internal/handlers/ws.go:179.32,181.3 1 0
ollama-gateway/internal/handlers/ws.go:182.2,183.9 2 0
ollama-gateway/internal/handlers/ws.go:183.9,185.3 1 0
ollama-gateway/internal/handlers/ws.go:186.2,186.78 1 0
ollama-gateway/internal/handlers/ws.go:186.78,187.42 1 0
ollama-gateway/internal/handlers/ws.go:187.42,188.56 1 0
ollama-gateway/internal/handlers/ws.go:188.56,190.5 1 0
ollama-gateway/internal/handlers/ws.go:193.2,193.25 1 0
ollama-gateway/internal/observability/log_stream.go:22.44,23.19 1 1
ollama-gateway/internal/observability/log_stream.go:23.19,25.3 1 0
ollama-gateway/internal/observability/log_stream.go:26.2,30.3 1 1
ollama-gateway/internal/observability/log_stream.go:33.45,34.30 1 1
ollama-gateway/internal/observability/log_stream.go:34.30,36.3 1 1
ollama-gateway/internal/observability/log_stream.go:38.2,39.33 2 1
ollama-gateway/internal/observability/log_stream.go:39.33,42.3 2 1
ollama-gateway/internal/observability/log_stream.go:42.8,44.3 1 1
ollama-gateway/internal/observability/log_stream.go:45.2,45.32 1 1
ollama-gateway/internal/observability/log_stream.go:45.32,46.10 1 1
ollama-gateway/internal/observability/log_stream.go:47.20,47.20 0 1
ollama-gateway/internal/observability/log_stream.go:48.11,48.11 0 0
ollama-gateway/internal/observability/log_stream.go:51.2,51.15 1 1
ollama-gateway/internal/observability/log_stream.go:54.50,58.41 3 1
ollama-gateway/internal/observability/log_stream.go:58.41,60.3 1 1
ollama-gateway/internal/observability/log_stream.go:61.2,64.12 4 1
ollama-gateway/internal/observability/log_stream.go:67.59,74.24 5 1
ollama-gateway/internal/observability/log_stream.go:74.24,76.37 2 1
ollama-gateway/internal/observability/log_stream.go:76.37,79.4 2 1
ollama-gateway/internal/observability/log_stream.go:80.3,80.16 1 1
ollama-gateway/internal/observability/log_stream.go:83.2,83.24 1 1
ollama-gateway/internal/observability/metrics.go:37.46,42.2 1 1
ollama-gateway/internal/observability/metrics.go:44.93,52.18 6 1
ollama-gateway/internal/observability/metrics.go:52.18,55.3 2 1
ollama-gateway/internal/observability/metrics.go:57.2,59.19 3 1
ollama-gateway/internal/observability/metrics.go:59.19,61.3 1 1
ollama-gateway/internal/observability/metrics.go:64.55,69.35 4 1
ollama-gateway/internal/observability/metrics.go:69.35,72.25 3 1
ollama-gateway/internal/observability/metrics.go:72.25,74.4 1 1
ollama-gateway/internal/observability/metrics.go:75.3,81.5 1 1
ollama-gateway/internal/observability/metrics.go:84.2,84.41 1 1
ollama-gateway/internal/observability/metrics.go:84.41,85.39 1 0
ollama-gateway/internal/observability/metrics.go:85.39,87.4 1 0
ollama-gateway/internal/observability/metrics.go:88.3,88.41 1 0
ollama-gateway/internal/observability/metrics.go:91.2,96.3 1 1
ollama-gateway/internal/observability/metrics.go:99.50,100.32 1 1
ollama-gateway/internal/observability/metrics.go:100.32,101.20 1 1
ollama-gateway/internal/observability/metrics.go:101.20,103.4 1 1
ollama-gateway/internal/observability/metrics.go:105.2,105.16 1 0
ollama-gateway/internal/observability/prometheus.go:44.13,46.2 1 1
ollama-gateway/internal/observability/prometheus.go:49.81,51.19 2 1
ollama-gateway/internal/observability/prometheus.go:51.19,53.3 1 1
ollama-gateway/internal/observability/prometheus.go:54.2,54.79 1 1
ollama-gateway/internal/observability/prometheus.go:57.56,58.18 1 1
ollama-gateway/internal/observability/prometheus.go:58.18,60.3 1 1
ollama-gateway/internal/observability/prometheus.go:61.2,61.68 1 1
ollama-gateway/internal/observability/rate_limiter.go:29.67,34.2 1 1
ollama-gateway/internal/observability/rate_limiter.go:36.46,37.14 1 0
ollama-gateway/internal/observability/rate_limiter.go:37.14,39.3 1 0
ollama-gateway/internal/observability/rate_limiter.go:40.2,41.25 2 0
ollama-gateway/internal/observability/rate_limiter.go:44.84,45.28 1 1
ollama-gateway/internal/observability/rate_limiter.go:45.28,47.3 1 0
ollama-gateway/internal/observability/rate_limiter.go:49.2,54.42 4 1
ollama-gateway/internal/observability/rate_limiter.go:54.42,55.43 1 1
ollama-gateway/internal/observability/rate_limiter.go:55.43,57.4 1 0
ollama-gateway/internal/observability/rate_limiter.go:60.2,61.18 2 1
ollama-gateway/internal/observability/rate_limiter.go:61.18,64.3 2 1
ollama-gateway/internal/observability/rate_limiter.go:66.2,67.44 2 1
ollama-gateway/internal/observability/rate_limiter.go:67.44,70.3 2 1
ollama-gateway/internal/observability/rate_limiter.go:72.2,73.24 2 1
ollama-gateway/internal/observability/rate_limiter.go:73.24,75.3 1 1
ollama-gateway/internal/observability/rate_limiter.go:76.2,77.19 2 1
ollama-gateway/internal/observability/rate_limiter.go:77.19,79.3 1 0
ollama-gateway/internal/observability/rate_limiter.go:80.2,82.14 3 1
ollama-gateway/internal/observability/rate_limiter.go:82.14,84.21 2 1
ollama-gateway/internal/observability/rate_limiter.go:84.21,86.4 1 0
ollama-gateway/internal/observability/rate_limiter.go:89.2,95.3 1 1
ollama-gateway/internal/middleware/auth.go:20.58,22.2 1 1
ollama-gateway/internal/middleware/auth.go:24.62,25.71 1 1
ollama-gateway/internal/middleware/auth.go:25.71,27.68 2 1
ollama-gateway/internal/middleware/auth.go:27.68,30.4 2 1
ollama-gateway/internal/middleware/auth.go:32.3,34.77 2 1
ollama-gateway/internal/middleware/auth.go:34.77,35.55 1 1
ollama-gateway/internal/middleware/auth.go:35.55,37.5 1 0
ollama-gateway/internal/middleware/auth.go:38.4,38.27 1 1
ollama-gateway/internal/middleware/auth.go:41.3,41.33 1 1
ollama-gateway/internal/middleware/auth.go:41.33,44.4 2 0
ollama-gateway/internal/middleware/auth.go:46.3,47.53 2 1
ollama-gateway/internal/middleware/auth.go:47.53,48.44 1 1
ollama-gateway/internal/middleware/auth.go:48.44,50.5 1 1
ollama-gateway/internal/middleware/auth.go:50.10,50.50 1 0
ollama-gateway/internal/middleware/auth.go:50.50,52.5 1 0
ollama-gateway/internal/middleware/auth.go:52.10,52.54 1 0
ollama-gateway/internal/middleware/auth.go:52.54,54.5 1 0
ollama-gateway/internal/middleware/auth.go:54.10,54.55 1 0
ollama-gateway/internal/middleware/auth.go:54.55,56.5 1 0
ollama-gateway/internal/middleware/auth.go:56.10,56.52 1 0
ollama-gateway/internal/middleware/auth.go:56.52,58.5 1 0
ollama-gateway/internal/middleware/auth.go:61.3,62.40 2 1
ollama-gateway/internal/middleware/auth.go:66.52,67.16 1 1
ollama-gateway/internal/middleware/auth.go:67.16,69.3 1 0
ollama-gateway/internal/middleware/auth.go:70.2,71.10 2 1
ollama-gateway/internal/middleware/compress.go:16.47,17.71 1 1
ollama-gateway/internal/middleware/compress.go:17.71,18.82 1 1
ollama-gateway/internal/middleware/compress.go:18.82,21.4 2 0
ollama-gateway/internal/middleware/compress.go:23.3,25.25 3 1
ollama-gateway/internal/middleware/compress.go:29.58,30.16 1 0
ollama-gateway/internal/middleware/compress.go:30.16,32.3 1 0
ollama-gateway/internal/middleware/compress.go:33.2,33.42 1 0
ollama-gateway/internal/middleware/compress.go:36.62,37.16 1 1
ollama-gateway/internal/middleware/compress.go:37.16,39.3 1 1
ollama-gateway/internal/middleware/compress.go:40.2,40.41 1 1
ollama-gateway/internal/middleware/compress.go:40.41,42.3 1 1
ollama-gateway/internal/middleware/compress.go:43.2,43.37 1 0
ollama-gateway/internal/middleware/compress.go:46.38,47.41 1 0
ollama-gateway/internal/middleware/compress.go:47.41,49.3 1 0
ollama-gateway/internal/middleware/compress.go:50.2,50.56 1 0
ollama-gateway/internal/middleware/compress.go:50.56,52.3 1 0
ollama-gateway/internal/middleware/compress.go:55.38,56.41 1 1
ollama-gateway/internal/middleware/compress.go:56.41,58.3 1 1
ollama-gateway/internal/middleware/compress.go:61.50,64.56 3 1
ollama-gateway/internal/middleware/compress.go:64.56,67.3 2 0
ollama-gateway/internal/middleware/compress.go:68.2,72.49 5 1
ollama-gateway/internal/middleware/localhost.go:11.52,12.71 1 1
ollama-gateway/internal/middleware/localhost.go:12.71,13.25 1 1
ollama-gateway/internal/middleware/localhost.go:13.25,16.4 2 1
ollama-gateway/internal/middleware/localhost.go:17.3,17.23 1 1
ollama-gateway/internal/middleware/localhost.go:21.43,22.14 1 1
ollama-gateway/internal/middleware/localhost.go:22.14,24.3 1 0
ollama-gateway/internal/middleware/localhost.go:26.2,27.16 2 1
ollama-gateway/internal/middleware/localhost.go:27.16,29.17 2 1
ollama-gateway/internal/middleware/localhost.go:29.17,31.4 1 1
ollama-gateway/internal/middleware/localhost.go:31.9,33.4 1 0
ollama-gateway/internal/middleware/localhost.go:36.2,37.16 2 1
ollama-gateway/internal/middleware/localhost.go:37.16,39.3 1 0
ollama-gateway/internal/middleware/localhost.go:40.2,40.59 1 1
ollama-gateway/internal/middleware/localhost.go:40.59,42.3 1 0
ollama-gateway/internal/middleware/localhost.go:43.2,44.15 2 1
ollama-gateway/internal/middleware/localhost.go:44.15,46.3 1 0
ollama-gateway/internal/middleware/localhost.go:47.2,47.24 1 1
ollama-gateway/internal/middleware/localhost.go:50.41,51.13 1 1
ollama-gateway/internal/middleware/localhost.go:51.13,53.3 1 1
ollama-gateway/internal/middleware/localhost.go:54.2,55.21 2 0
ollama-gateway/internal/middleware/localhost.go:55.21,57.3 1 0
ollama-gateway/internal/middleware/localhost.go:58.2,58.36 1 0
ollama-gateway/internal/middleware/metrics.go:10.89,11.46 1 1
ollama-gateway/internal/middleware/metrics.go:11.46,12.72 1 1
ollama-gateway/internal/middleware/metrics.go:12.72,20.4 6 1
ollama-gateway/internal/middleware/middleware.go:16.48,19.2 2 1
ollama-gateway/internal/middleware/middleware.go:21.46,23.2 1 0
ollama-gateway/internal/middleware/middleware.go:25.89,26.46 1 0
ollama-gateway/internal/middleware/middleware.go:26.46,27.72 1 0
ollama-gateway/internal/middleware/middleware.go:27.72,43.21 7 0
ollama-gateway/internal/middleware/middleware.go:43.21,56.5 1 0
ollama-gateway/internal/middleware/middleware.go:61.43,62.71 1 1
ollama-gateway/internal/middleware/middleware.go:62.71,67.37 4 1
ollama-gateway/internal/middleware/middleware.go:67.37,70.4 2 1
ollama-gateway/internal/middleware/middleware.go:72.3,72.23 1 0
ollama-gateway/internal/middleware/rate_limit.go:16.129,18.37 2 1
ollama-gateway/internal/middleware/rate_limit.go:18.37,20.3 1 0
ollama-gateway/internal/middleware/rate_limit.go:22.2,22.46 1 1
ollama-gateway/internal/middleware/rate_limit.go:22.46,23.72 1 1
ollama-gateway/internal/middleware/rate_limit.go:23.72,24.41 1 1
ollama-gateway/internal/middleware/rate_limit.go:24.41,27.5 2 0
ollama-gateway/internal/middleware/rate_limit.go:29.4,34.24 5 1
ollama-gateway/internal/middleware/rate_limit.go:34.24,37.5 2 0
ollama-gateway/internal/middleware/rate_limit.go:39.4,39.43 1 1
ollama-gateway/internal/middleware/rate_limit.go:39.43,41.5 1 1
ollama-gateway/internal/middleware/rate_limit.go:43.4,43.33 1 1
ollama-gateway/internal/middleware/rate_limit.go:43.33,45.26 2 1
ollama-gateway/internal/middleware/rate_limit.go:45.26,50.6 4 1
ollama-gateway/internal/middleware/rate_limit.go:53.4,54.33 2 1
ollama-gateway/internal/middleware/rate_limit.go:54.33,56.43 2 1
ollama-gateway/internal/middleware/rate_limit.go:56.43,58.6 1 0
ollama-gateway/internal/middleware/rate_limit.go:61.4,64.24 3 1
ollama-gateway/internal/middleware/rate_limit.go:74.89,76.40 2 1
ollama-gateway/internal/middleware/rate_limit.go:76.40,78.3 1 1
ollama-gateway/internal/middleware/rate_limit.go:79.2,79.60 1 1
ollama-gateway/internal/middleware/rate_limit.go:79.60,81.3 1 0
ollama-gateway/internal/middleware/rate_limit.go:82.2,82.49 1 1
ollama-gateway/internal/middleware/rate_limit.go:82.49,83.85 1 1
ollama-gateway/internal/middleware/rate_limit.go:83.85,85.4 1 1
ollama-gateway/internal/middleware/rate_limit.go:87.2,87.15 1 1
ollama-gateway/internal/middleware/rate_limit.go:90.91,93.32 3 1
ollama-gateway/internal/middleware/rate_limit.go:93.32,95.3 1 1
ollama-gateway/internal/middleware/rate_limit.go:96.2,96.29 1 1
ollama-gateway/internal/middleware/rate_limit.go:96.29,98.3 1 1
ollama-gateway/internal/middleware/rate_limit.go:101.50,103.24 2 1
ollama-gateway/internal/middleware/rate_limit.go:103.24,105.21 2 0
ollama-gateway/internal/middleware/rate_limit.go:105.21,107.4 1 0
ollama-gateway/internal/middleware/rate_limit.go:110.2,110.65 1 1
ollama-gateway/internal/middleware/rate_limit.go:110.65,112.3 1 1
ollama-gateway/internal/middleware/rate_limit.go:114.2,114.24 1 0
ollama-gateway/internal/middleware/rate_limit.go:114.24,116.3 1 0
ollama-gateway/internal/middleware/rate_limit.go:118.2,118.21 1 0
ollama-gateway/internal/middleware/request_id.go:14.48,15.71 1 1
ollama-gateway/internal/middleware/request_id.go:15.71,17.22 2 1
ollama-gateway/internal/middleware/request_id.go:17.22,19.4 1 1
ollama-gateway/internal/middleware/request_id.go:21.3,23.40 3 1
ollama-gateway/internal/middleware/request_id.go:27.55,30.2 2 1
ollama-gateway/internal/middleware/request_id.go:32.28,34.40 2 1
ollama-gateway/internal/middleware/request_id.go:34.40,36.3 1 0
ollama-gateway/internal/middleware/request_id.go:37.2,37.30 1 1
ollama-gateway/internal/server/server.go:32.46,90.2 1 1
ollama-gateway/internal/server/server.go:92.64,99.2 3 1
ollama-gateway/internal/server/server.go:101.32,107.25 6 1
ollama-gateway/internal/server/server.go:107.25,109.3 1 0
ollama-gateway/internal/server/server.go:112.2,117.16 6 1
ollama-gateway/internal/server/server.go:117.16,119.3 1 0
ollama-gateway/internal/server/server.go:119.8,121.3 1 1
ollama-gateway/internal/server/server.go:122.2,123.16 2 1
ollama-gateway/internal/server/server.go:123.16,125.3 1 0
ollama-gateway/internal/server/server.go:125.8,127.3 1 1
ollama-gateway/internal/server/server.go:128.2,161.52 17 1
ollama-gateway/internal/server/server.go:161.52,162.28 1 0
ollama-gateway/internal/server/server.go:162.28,164.18 2 0
ollama-gateway/internal/server/server.go:164.18,167.5 2 0
ollama-gateway/internal/server/server.go:168.4,168.37 1 0
ollama-gateway/internal/server/server.go:168.37,169.50 1 0
ollama-gateway/internal/server/server.go:169.50,177.6 1 0
ollama-gateway/internal/server/server.go:181.2,295.3 92 1
ollama-gateway/internal/server/server.go:298.32,308.85 3 0
ollama-gateway/internal/server/server.go:308.85,310.3 1 0
ollama-gateway/internal/server/server.go:311.2,311.12 1 0
ollama-gateway/internal/server/server.go:314.54,315.22 1 0
ollama-gateway/internal/server/server.go:315.22,317.3 1 0
ollama-gateway/internal/server/server.go:318.2,318.34 1 0
ollama-gateway/internal/server/server.go:318.34,319.63 1 0
ollama-gateway/internal/server/server.go:319.63,321.4 1 0
ollama-gateway/internal/server/server.go:323.2,323.29 1 0
ollama-gateway/internal/server/server.go:323.29,324.58 1 0
ollama-gateway/internal/server/server.go:324.58,326.4 1 0
ollama-gateway/internal/server/server.go:329.2,331.25 2 0
ollama-gateway/internal/server/server.go:331.25,333.3 1 0
ollama-gateway/internal/server/server.go:334.2,334.35 1 0
ollama-gateway/internal/server/server.go:337.32,338.25 1 0
ollama-gateway/internal/server/server.go:338.25,340.3 1 0
ollama-gateway/internal/server/server.go:341.2,341.29 1 0
ollama-gateway/internal/server/server.go:344.41,346.2 1 1
ollama-gateway/internal/server/server.go:348.95,350.45 2 1
ollama-gateway/internal/server/server.go:350.45,352.3 1 1
ollama-gateway/internal/server/server.go:353.2,353.16 1 1
ollama-gateway/internal/services/agent.go:19.115,20.19 1 0
ollama-gateway/internal/services/agent.go:20.19,22.3 1 0
ollama-gateway/internal/services/agent.go:23.2,23.25 1 0
ollama-gateway/internal/services/agent.go:23.25,25.3 1 0
ollama-gateway/internal/services/agent.go:26.2,30.3 1 0
ollama-gateway/internal/services/agent.go:33.50,35.20 2 0
ollama-gateway/internal/services/agent.go:35.20,37.3 1 0
ollama-gateway/internal/services/agent.go:39.2,51.16 5 0
ollama-gateway/internal/services/agent.go:51.16,53.3 1 0
ollama-gateway/internal/services/agent.go:55.2,61.58 2 0
ollama-gateway/internal/services/agent.go:61.58,63.3 1 0
ollama-gateway/internal/services/agent.go:65.2,65.21 1 0
ollama-gateway/internal/services/agent.go:65.21,67.18 2 0
ollama-gateway/internal/services/agent.go:67.18,69.4 1 0
ollama-gateway/internal/services/agent.go:70.3,70.71 1 0
ollama-gateway/internal/services/agent.go:70.71,72.4 1 0
ollama-gateway/internal/services/agent.go:74.3,75.9 2 0
ollama-gateway/internal/services/agent.go:75.9,77.16 2 0
ollama-gateway/internal/services/agent.go:77.16,80.5 2 0
ollama-gateway/internal/services/agent.go:81.4,81.14 1 0
ollama-gateway/internal/services/agent.go:83.3,84.58 2 0
ollama-gateway/internal/services/agent.go:87.2,87.23 1 0
ollama-gateway/internal/services/agent.go:87.23,89.3 1 0
ollama-gateway/internal/services/agent.go:90.2,90.13 1 0
ollama-gateway/internal/services/architect.go:33.130,34.19 1 1
ollama-gateway/internal/services/architect.go:34.19,36.3 1 1
ollama-gateway/internal/services/architect.go:37.2,37.90 1 1
ollama-gateway/internal/services/architect.go:40.72,41.22 1 0
ollama-gateway/internal/services/architect.go:41.22,42.47 1 0
ollama-gateway/internal/services/architect.go:42.47,44.4 1 0
ollama-gateway/internal/services/architect.go:47.2,48.16 2 0
ollama-gateway/internal/services/architect.go:48.16,50.3 1 0
ollama-gateway/internal/services/architect.go:51.2,51.21 1 0
ollama-gateway/internal/services/architect.go:51.21,53.3 1 0
ollama-gateway/internal/services/architect.go:55.2,65.16 4 0
ollama-gateway/internal/services/architect.go:65.16,67.3 1 0
ollama-gateway/internal/services/architect.go:68.2,68.29 1 0
ollama-gateway/internal/services/architect.go:71.73,73.16 2 0
ollama-gateway/internal/services/architect.go:73.16,75.3 1 0
ollama-gateway/internal/services/architect.go:76.2,77.16 2 0
ollama-gateway/internal/services/architect.go:77.16,79.3 1 0
ollama-gateway/internal/services/architect.go:81.2,94.16 4 0
ollama-gateway/internal/services/architect.go:94.16,96.3 1 0
ollama-gateway/internal/services/architect.go:97.2,97.56 1 0
ollama-gateway/internal/services/architect.go:100.61,102.16 2 1
ollama-gateway/internal/services/architect.go:102.16,104.3 1 0
ollama-gateway/internal/services/architect.go:106.2,107.19 2 1
ollama-gateway/internal/services/architect.go:107.19,109.3 1 0
ollama-gateway/internal/services/architect.go:111.2,112.66 2 1
ollama-gateway/internal/services/architect.go:112.66,114.3 1 0
ollama-gateway/internal/services/architect.go:116.2,128.27 7 1
ollama-gateway/internal/services/architect.go:128.27,130.3 1 0
ollama-gateway/internal/services/architect.go:131.2,131.28 1 1
ollama-gateway/internal/services/architect.go:131.28,133.3 1 0
ollama-gateway/internal/services/architect.go:134.2,134.20 1 1
ollama-gateway/internal/services/architect.go:137.31,138.23 1 1
ollama-gateway/internal/services/architect.go:139.15,140.16 1 1
ollama-gateway/internal/services/architect.go:141.11,142.11 1 0
ollama-gateway/internal/services/architect.go:143.13,144.16 1 0
ollama-gateway/internal/services/architect.go:145.14,147.14 2 0
ollama-gateway/internal/services/architect.go:147.14,149.4 1 0
ollama-gateway/internal/services/architect.go:150.3,152.13 3 0
ollama-gateway/internal/services/architect.go:153.10,154.11 1 0
ollama-gateway/internal/services/architect.go:158.44,160.9 2 1
ollama-gateway/internal/services/architect.go:160.9,162.3 1 0
ollama-gateway/internal/services/architect.go:163.2,164.27 2 1
ollama-gateway/internal/services/architect.go:164.27,165.33 1 1
ollama-gateway/internal/services/architect.go:165.33,167.15 2 1
ollama-gateway/internal/services/architect.go:167.15,169.5 1 1
ollama-gateway/internal/services/architect.go:172.2,172.12 1 1
ollama-gateway/internal/services/architect.go:175.63,177.9 2 1
ollama-gateway/internal/services/architect.go:177.9,179.3 1 0
ollama-gateway/internal/services/architect.go:180.2,181.27 2 1
ollama-gateway/internal/services/architect.go:181.27,182.27 1 1
ollama-gateway/internal/services/architect.go:183.15,185.15 2 1
ollama-gateway/internal/services/architect.go:185.15,187.5 1 1
ollama-gateway/internal/services/architect.go:188.31,194.21 2 0
ollama-gateway/internal/services/architect.go:194.21,196.5 1 0
ollama-gateway/internal/services/architect.go:197.4,197.22 1 0
ollama-gateway/internal/services/architect.go:197.22,199.5 1 0
ollama-gateway/internal/services/architect.go:200.4,200.24 1 0
ollama-gateway/internal/services/architect.go:200.24,202.5 1 0
ollama-gateway/internal/services/architect.go:203.4,203.39 1 0
ollama-gateway/internal/services/architect.go:203.39,205.5 1 0
ollama-gateway/internal/services/architect.go:208.2,208.12 1 1
ollama-gateway/internal/services/architect.go:211.37,212.29 1 0
ollama-gateway/internal/services/architect.go:212.29,214.3 1 0
ollama-gateway/internal/services/architect.go:215.2,215.11 1 0
ollama-gateway/internal/services/architect.go:218.59,220.9 2 1
ollama-gateway/internal/services/architect.go:220.9,222.3 1 0
ollama-gateway/internal/services/architect.go:223.2,224.24 2 1
ollama-gateway/internal/services/architect.go:224.24,226.3 1 1
ollama-gateway/internal/services/architect.go:227.2,227.12 1 1
ollama-gateway/internal/services/architect.go:230.48,233.42 3 1
ollama-gateway/internal/services/architect.go:233.42,235.3 1 0
ollama-gateway/internal/services/architect.go:236.2,236.28 1 1
ollama-gateway/internal/services/architect.go:239.79,240.16 1 0
ollama-gateway/internal/services/architect.go:240.16,242.3 1 0
ollama-gateway/internal/services/architect.go:243.2,244.16 2 0
ollama-gateway/internal/services/architect.go:244.16,246.3 1 0
ollama-gateway/internal/services/architect.go:248.2,249.88 2 0
ollama-gateway/internal/services/architect.go:249.88,250.36 1 0
ollama-gateway/internal/services/architect.go:250.36,252.4 1 0
ollama-gateway/internal/services/architect.go:253.3,253.19 1 0
ollama-gateway/internal/services/architect.go:253.19,255.85 2 0
ollama-gateway/internal/services/architect.go:255.85,257.5 1 0
ollama-gateway/internal/services/architect.go:258.4,258.14 1 0
ollama-gateway/internal/services/architect.go:260.3,260.32 1 0
ollama-gateway/internal/services/architect.go:260.32,262.4 1 0
ollama-gateway/internal/services/architect.go:263.3,266.13 4 0
ollama-gateway/internal/services/architect.go:268.2,268.16 1 0
ollama-gateway/internal/services/architect.go:268.16,270.3 1 0
ollama-gateway/internal/services/architect.go:272.2,272.45 1 0
ollama-gateway/internal/services/architect.go:272.45,273.49 1 0
ollama-gateway/internal/services/architect.go:273.49,275.4 1 0
ollama-gateway/internal/services/architect.go:276.3,276.51 1 0
ollama-gateway/internal/services/architect.go:278.2,278.29 1 0
ollama-gateway/internal/services/architect.go:278.29,280.3 1 0
ollama-gateway/internal/services/architect.go:281.2,281.24 1 0
ollama-gateway/internal/services/architect.go:284.43,287.91 3 0
ollama-gateway/internal/services/architect.go:287.91,289.3 1 0
ollama-gateway/internal/services/architect.go:290.2,290.13 1 0
ollama-gateway/internal/services/architect.go:291.46,292.14 1 0
ollama-gateway/internal/services/architect.go:293.10,294.15 1 0
ollama-gateway/internal/services/architect.go:298.42,300.16 2 0
ollama-gateway/internal/services/architect.go:300.16,302.3 1 0
ollama-gateway/internal/services/architect.go:303.2,306.29 4 0
ollama-gateway/internal/services/architect.go:306.29,308.3 1 0
ollama-gateway/internal/services/architect.go:309.2,309.14 1 0
ollama-gateway/internal/services/architect.go:312.97,313.19 1 1
ollama-gateway/internal/services/architect.go:313.19,315.3 1 0
ollama-gateway/internal/services/architect.go:316.2,318.26 3 1
ollama-gateway/internal/services/architect.go:318.26,319.21 1 1
ollama-gateway/internal/services/architect.go:319.21,320.9 1 0
ollama-gateway/internal/services/architect.go:322.3,323.17 2 1
ollama-gateway/internal/services/architect.go:323.17,324.12 1 1
ollama-gateway/internal/services/architect.go:326.3,330.31 5 0
ollama-gateway/internal/services/architect.go:330.31,332.4 1 0
ollama-gateway/internal/services/architect.go:333.3,335.33 3 0
ollama-gateway/internal/services/architect.go:337.2,337.19 1 1
ollama-gateway/internal/services/architect.go:340.75,342.19 2 0
ollama-gateway/internal/services/architect.go:342.19,344.3 1 0
ollama-gateway/internal/services/architect.go:345.2,346.16 2 0
ollama-gateway/internal/services/architect.go:346.16,348.3 1 0
ollama-gateway/internal/services/architect.go:349.2,350.32 2 0
ollama-gateway/internal/services/architect.go:350.32,352.3 1 0
ollama-gateway/internal/services/architect.go:353.2,354.16 2 0
ollama-gateway/internal/services/architect.go:354.16,356.3 1 0
ollama-gateway/internal/services/architect.go:357.2,357.89 1 0
ollama-gateway/internal/services/architect.go:357.89,359.3 1 0
ollama-gateway/internal/services/architect.go:360.2,360.21 1 0
ollama-gateway/internal/services/architect.go:363.61,365.16 2 0
ollama-gateway/internal/services/architect.go:365.16,367.3 1 0
ollama-gateway/internal/services/architect.go:368.2,369.16 2 0
ollama-gateway/internal/services/architect.go:369.16,371.3 1 0
ollama-gateway/internal/services/architect.go:372.2,372.30 1 0
ollama-gateway/internal/services/ast_analyzer.go:67.54,69.2 1 1
ollama-gateway/internal/services/ast_analyzer.go:71.46,74.29 3 1
ollama-gateway/internal/services/ast_analyzer.go:74.29,76.20 2 1
ollama-gateway/internal/services/ast_analyzer.go:76.20,77.12 1 0
ollama-gateway/internal/services/ast_analyzer.go:79.3,80.17 2 1
ollama-gateway/internal/services/ast_analyzer.go:80.17,81.12 1 0
ollama-gateway/internal/services/ast_analyzer.go:83.3,83.29 1 1
ollama-gateway/internal/services/ast_analyzer.go:83.29,84.12 1 0
ollama-gateway/internal/services/ast_analyzer.go:86.3,87.25 2 1
ollama-gateway/internal/services/ast_analyzer.go:89.2,89.19 1 1
ollama-gateway/internal/services/ast_analyzer.go:89.19,90.40 1 0
ollama-gateway/internal/services/ast_analyzer.go:90.40,92.4 1 0
ollama-gateway/internal/services/ast_analyzer.go:94.2,94.12 1 1
ollama-gateway/internal/services/ast_analyzer.go:97.71,99.16 2 1
ollama-gateway/internal/services/ast_analyzer.go:99.16,101.3 1 1
ollama-gateway/internal/services/ast_analyzer.go:103.2,105.16 3 1
ollama-gateway/internal/services/ast_analyzer.go:105.16,107.3 1 0
ollama-gateway/internal/services/ast_analyzer.go:109.2,119.31 2 1
ollama-gateway/internal/services/ast_analyzer.go:119.31,120.27 1 1
ollama-gateway/internal/services/ast_analyzer.go:121.22,127.6 1 1
ollama-gateway/internal/services/ast_analyzer.go:128.21,129.27 1 1
ollama-gateway/internal/services/ast_analyzer.go:129.27,130.13 1 1
ollama-gateway/internal/services/ast_analyzer.go:132.4,132.33 1 1
ollama-gateway/internal/services/ast_analyzer.go:132.33,134.12 2 1
ollama-gateway/internal/services/ast_analyzer.go:134.12,135.14 1 0
ollama-gateway/internal/services/ast_analyzer.go:137.5,137.32 1 1
ollama-gateway/internal/services/ast_analyzer.go:138.26,143.8 1 1
ollama-gateway/internal/services/ast_analyzer.go:144.29,149.8 1 1
ollama-gateway/internal/services/ast_analyzer.go:155.2,155.16 1 1
ollama-gateway/internal/services/ast_analyzer.go:155.16,157.3 1 1
ollama-gateway/internal/services/ast_analyzer.go:158.2,158.22 1 1
ollama-gateway/internal/services/ast_analyzer.go:161.80,163.16 2 1
ollama-gateway/internal/services/ast_analyzer.go:163.16,165.3 1 0
ollama-gateway/internal/services/ast_analyzer.go:167.2,168.16 2 1
ollama-gateway/internal/services/ast_analyzer.go:168.16,170.3 1 0
ollama-gateway/internal/services/ast_analyzer.go:172.2,173.32 2 1
ollama-gateway/internal/services/ast_analyzer.go:173.32,174.80 1 1
ollama-gateway/internal/services/ast_analyzer.go:174.80,175.12 1 0
ollama-gateway/internal/services/ast_analyzer.go:177.3,178.17 2 1
ollama-gateway/internal/services/ast_analyzer.go:178.17,179.12 1 0
ollama-gateway/internal/services/ast_analyzer.go:181.3,181.29 1 1
ollama-gateway/internal/services/ast_analyzer.go:184.2,185.16 2 1
ollama-gateway/internal/services/ast_analyzer.go:185.16,187.3 1 0
ollama-gateway/internal/services/ast_analyzer.go:189.2,191.19 3 1
ollama-gateway/internal/services/ast_analyzer.go:191.19,193.3 1 0
ollama-gateway/internal/services/ast_analyzer.go:195.2,196.24 2 1
ollama-gateway/internal/services/ast_analyzer.go:196.24,198.3 1 0
ollama-gateway/internal/services/ast_analyzer.go:200.2,205.8 1 1
ollama-gateway/internal/services/ast_analyzer.go:208.86,212.82 3 1
ollama-gateway/internal/services/ast_analyzer.go:212.82,213.17 1 1
ollama-gateway/internal/services/ast_analyzer.go:213.17,215.4 1 0
ollama-gateway/internal/services/ast_analyzer.go:216.3,216.16 1 1
ollama-gateway/internal/services/ast_analyzer.go:216.16,218.68 2 1
ollama-gateway/internal/services/ast_analyzer.go:218.68,220.5 1 0
ollama-gateway/internal/services/ast_analyzer.go:221.4,221.14 1 1
ollama-gateway/internal/services/ast_analyzer.go:223.3,223.55 1 1
ollama-gateway/internal/services/ast_analyzer.go:223.55,225.4 1 0
ollama-gateway/internal/services/ast_analyzer.go:227.3,229.20 3 1
ollama-gateway/internal/services/ast_analyzer.go:229.20,231.4 1 0
ollama-gateway/internal/services/ast_analyzer.go:232.3,235.22 3 1
ollama-gateway/internal/services/ast_analyzer.go:235.22,237.4 1 0
ollama-gateway/internal/services/ast_analyzer.go:238.3,239.13 2 1
ollama-gateway/internal/services/ast_analyzer.go:241.2,241.16 1 1
ollama-gateway/internal/services/ast_analyzer.go:241.16,243.3 1 0
ollama-gateway/internal/services/ast_analyzer.go:245.2,246.26 2 1
ollama-gateway/internal/services/ast_analyzer.go:246.26,248.3 1 1
ollama-gateway/internal/services/ast_analyzer.go:250.2,251.41 2 1
ollama-gateway/internal/services/ast_analyzer.go:251.41,253.3 1 1
ollama-gateway/internal/services/ast_analyzer.go:254.2,254.31 1 1
ollama-gateway/internal/services/ast_analyzer.go:254.31,255.30 1 1
ollama-gateway/internal/services/ast_analyzer.go:255.30,257.4 1 0
ollama-gateway/internal/services/ast_analyzer.go:259.2,259.18 1 1
ollama-gateway/internal/services/ast_analyzer.go:262.53,264.30 2 1
ollama-gateway/internal/services/ast_analyzer.go:264.30,265.32 1 1
ollama-gateway/internal/services/ast_analyzer.go:265.32,266.17 1 1
ollama-gateway/internal/services/ast_analyzer.go:266.17,267.13 1 0
ollama-gateway/internal/services/ast_analyzer.go:269.4,269.53 1 1
ollama-gateway/internal/services/ast_analyzer.go:269.53,271.5 1 1
ollama-gateway/internal/services/ast_analyzer.go:274.2,275.23 2 1
ollama-gateway/internal/services/ast_analyzer.go:275.23,277.3 1 1
ollama-gateway/internal/services/ast_analyzer.go:278.2,279.12 2 1
ollama-gateway/internal/services/ast_analyzer.go:282.44,284.32 2 1
ollama-gateway/internal/services/ast_analyzer.go:284.32,286.17 2 1
ollama-gateway/internal/services/ast_analyzer.go:286.17,288.4 1 1
ollama-gateway/internal/services/ast_analyzer.go:290.2,291.12 2 1
ollama-gateway/internal/services/ast_analyzer.go:294.78,295.40 1 1
ollama-gateway/internal/services/ast_analyzer.go:295.40,297.3 1 0
ollama-gateway/internal/services/ast_analyzer.go:298.2,299.34 2 1
ollama-gateway/internal/services/ast_analyzer.go:299.34,301.28 2 1
ollama-gateway/internal/services/ast_analyzer.go:301.28,303.12 2 1
ollama-gateway/internal/services/ast_analyzer.go:305.3,305.36 1 1
ollama-gateway/internal/services/ast_analyzer.go:305.36,307.4 1 1
ollama-gateway/internal/services/ast_analyzer.go:309.2,309.12 1 1
ollama-gateway/internal/services/ast_analyzer.go:312.79,313.44 1 1
ollama-gateway/internal/services/ast_analyzer.go:313.44,315.3 1 0
ollama-gateway/internal/services/ast_analyzer.go:316.2,317.36 2 1
ollama-gateway/internal/services/ast_analyzer.go:317.36,320.23 3 1
ollama-gateway/internal/services/ast_analyzer.go:320.23,322.4 1 1
ollama-gateway/internal/services/ast_analyzer.go:323.3,323.28 1 1
ollama-gateway/internal/services/ast_analyzer.go:323.28,325.12 2 0
ollama-gateway/internal/services/ast_analyzer.go:327.3,327.36 1 1
ollama-gateway/internal/services/ast_analyzer.go:327.36,329.4 1 1
ollama-gateway/internal/services/ast_analyzer.go:331.2,331.12 1 1
ollama-gateway/internal/services/ast_analyzer.go:334.84,335.44 1 1
ollama-gateway/internal/services/ast_analyzer.go:335.44,337.3 1 0
ollama-gateway/internal/services/ast_analyzer.go:338.2,339.36 2 1
ollama-gateway/internal/services/ast_analyzer.go:339.36,341.10 2 1
ollama-gateway/internal/services/ast_analyzer.go:341.10,342.12 1 0
ollama-gateway/internal/services/ast_analyzer.go:344.3,344.28 1 1
ollama-gateway/internal/services/ast_analyzer.go:344.28,350.12 2 0
ollama-gateway/internal/services/ast_analyzer.go:352.3,352.36 1 1
ollama-gateway/internal/services/ast_analyzer.go:352.36,358.4 1 1
ollama-gateway/internal/services/ast_analyzer.go:360.2,360.12 1 1
ollama-gateway/internal/services/ast_analyzer.go:363.62,364.17 1 1
ollama-gateway/internal/services/ast_analyzer.go:364.17,366.3 1 0
ollama-gateway/internal/services/ast_analyzer.go:367.2,368.55 2 1
ollama-gateway/internal/services/ast_analyzer.go:368.55,370.3 1 0
ollama-gateway/internal/services/ast_analyzer.go:371.2,371.19 1 1
ollama-gateway/internal/services/ast_analyzer.go:374.50,375.18 1 1
ollama-gateway/internal/services/ast_analyzer.go:375.18,377.3 1 1
ollama-gateway/internal/services/ast_analyzer.go:378.2,378.40 1 1
ollama-gateway/internal/services/ast_analyzer.go:381.45,382.27 1 1
ollama-gateway/internal/services/ast_analyzer.go:382.27,383.53 1 1
ollama-gateway/internal/services/ast_analyzer.go:383.53,385.4 1 1
ollama-gateway/internal/services/ast_analyzer.go:387.2,387.11 1 1
ollama-gateway/internal/services/ast_analyzer.go:390.79,392.16 2 1
ollama-gateway/internal/services/ast_analyzer.go:392.16,394.3 1 0
ollama-gateway/internal/services/ast_analyzer.go:395.2,395.35 1 1
ollama-gateway/internal/services/ast_analyzer.go:395.35,396.83 1 1
ollama-gateway/internal/services/ast_analyzer.go:396.83,398.4 1 1
ollama-gateway/internal/services/ast_analyzer.go:400.2,400.67 1 1
ollama-gateway/internal/services/cicd.go:19.94,20.19 1 1
ollama-gateway/internal/services/cicd.go:20.19,22.3 1 1
ollama-gateway/internal/services/cicd.go:23.2,23.67 1 1
ollama-gateway/internal/services/cicd.go:26.83,28.20 2 1
ollama-gateway/internal/services/cicd.go:28.20,30.3 1 1
ollama-gateway/internal/services/cicd.go:32.2,33.16 2 1
ollama-gateway/internal/services/cicd.go:33.16,35.3 1 0
ollama-gateway/internal/services/cicd.go:37.2,47.16 4 1
ollama-gateway/internal/services/cicd.go:47.16,49.3 1 0
ollama-gateway/internal/services/cicd.go:50.2,50.56 1 1
ollama-gateway/internal/services/cicd.go:53.90,55.20 2 1
ollama-gateway/internal/services/cicd.go:55.20,57.3 1 0
ollama-gateway/internal/services/cicd.go:58.2,59.20 2 1
ollama-gateway/internal/services/cicd.go:59.20,61.3 1 0
ollama-gateway/internal/services/cicd.go:63.2,76.16 4 1
ollama-gateway/internal/services/cicd.go:76.16,78.3 1 0
ollama-gateway/internal/services/cicd.go:79.2,79.56 1 1
ollama-gateway/internal/services/cicd.go:82.97,84.20 2 1
ollama-gateway/internal/services/cicd.go:84.20,86.3 1 0
ollama-gateway/internal/services/cicd.go:87.2,87.38 1 1
ollama-gateway/internal/services/cicd.go:87.38,89.3 1 0
ollama-gateway/internal/services/cicd.go:90.2,91.16 2 1
ollama-gateway/internal/services/cicd.go:91.16,93.3 1 0
ollama-gateway/internal/services/cicd.go:95.2,97.16 3 1
ollama-gateway/internal/services/cicd.go:97.16,99.3 1 0
ollama-gateway/internal/services/cicd.go:101.2,101.68 1 1
ollama-gateway/internal/services/cicd.go:101.68,103.3 1 0
ollama-gateway/internal/services/cicd.go:105.2,106.65 2 1
ollama-gateway/internal/services/cicd.go:106.65,108.63 2 0
ollama-gateway/internal/services/cicd.go:108.63,110.4 1 0
ollama-gateway/internal/services/cicd.go:113.2,113.72 1 1
ollama-gateway/internal/services/cicd.go:113.72,115.3 1 0
ollama-gateway/internal/services/cicd.go:116.2,116.31 1 1
ollama-gateway/internal/services/cicd.go:119.49,121.11 2 1
ollama-gateway/internal/services/cicd.go:122.41,123.26 1 1
ollama-gateway/internal/services/cicd.go:124.41,125.21 1 1
ollama-gateway/internal/services/cicd.go:126.32,127.19 1 1
ollama-gateway/internal/services/cicd.go:128.10,129.12 1 1
ollama-gateway/internal/services/cicd.go:133.49,134.45 1 1
ollama-gateway/internal/services/cicd.go:135.24,136.75 1 1
ollama-gateway/internal/services/cicd.go:137.19,138.26 1 0
ollama-gateway/internal/services/cicd.go:139.17,140.23 1 0
ollama-gateway/internal/services/cicd.go:141.10,142.12 1 0
ollama-gateway/internal/services/cicd.go:146.69,148.16 2 1
ollama-gateway/internal/services/cicd.go:148.16,150.3 1 0
ollama-gateway/internal/services/cicd.go:152.2,153.21 2 1
ollama-gateway/internal/services/cicd.go:153.21,155.3 1 1
ollama-gateway/internal/services/cicd.go:156.2,156.32 1 1
ollama-gateway/internal/services/cicd.go:156.32,158.3 1 0
ollama-gateway/internal/services/cicd.go:159.2,160.16 2 1
ollama-gateway/internal/services/cicd.go:160.16,162.3 1 0
ollama-gateway/internal/services/cicd.go:164.2,164.75 1 1
ollama-gateway/internal/services/cicd.go:164.75,166.3 1 0
ollama-gateway/internal/services/cicd.go:167.2,167.17 1 1
ollama-gateway/internal/services/cicd.go:170.86,171.34 1 1
ollama-gateway/internal/services/cicd.go:171.34,173.3 1 0
ollama-gateway/internal/services/cicd.go:174.2,176.16 3 1
ollama-gateway/internal/services/cicd.go:176.16,178.3 1 0
ollama-gateway/internal/services/cicd.go:179.2,179.75 1 1
ollama-gateway/internal/services/cicd.go:179.75,181.3 1 0
ollama-gateway/internal/services/cicd.go:182.2,182.17 1 1
ollama-gateway/internal/services/cicd.go:185.63,187.16 2 1
ollama-gateway/internal/services/cicd.go:187.16,189.3 1 0
ollama-gateway/internal/services/cicd.go:190.2,193.26 3 1
ollama-gateway/internal/services/cicd.go:193.26,195.21 2 1
ollama-gateway/internal/services/cicd.go:195.21,196.12 1 0
ollama-gateway/internal/services/cicd.go:198.3,199.21 2 1
ollama-gateway/internal/services/cicd.go:199.21,200.12 1 1
ollama-gateway/internal/services/cicd.go:202.3,203.20 2 1
ollama-gateway/internal/services/cicd.go:203.20,205.4 1 0
ollama-gateway/internal/services/cicd.go:206.3,210.26 5 1
ollama-gateway/internal/services/cicd.go:210.26,212.4 1 0
ollama-gateway/internal/services/cicd.go:213.3,214.24 2 1
ollama-gateway/internal/services/cicd.go:217.2,217.18 1 1
ollama-gateway/internal/services/cicd.go:217.18,219.3 1 1
ollama-gateway/internal/services/cicd.go:220.2,220.38 1 1
ollama-gateway/internal/services/commitgen.go:22.104,23.19 1 1
[...]
ollama-gateway/internal/services/tool_registry.go:233.16,235.3 1 0
ollama-gateway/internal/services/tool_registry.go:236.2,237.16 2 0
ollama-gateway/internal/services/tool_registry.go:237.16,239.3 1 0
ollama-gateway/internal/services/tool_registry.go:241.2,241.97 1 0
ollama-gateway/internal/services/tool_registry.go:241.97,243.3 1 0
ollama-gateway/internal/services/tool_registry.go:245.2,246.16 2 0
ollama-gateway/internal/services/tool_registry.go:246.16,248.3 1 0
ollama-gateway/internal/services/tool_registry.go:249.2,249.26 1 0
ollama-gateway/internal/services/tool_registry.go:257.38,257.55 1 0
ollama-gateway/internal/services/tool_registry.go:259.68,260.67 1 0
ollama-gateway/internal/services/tool_registry.go:260.67,262.3 1 0
ollama-gateway/internal/services/tool_registry.go:263.2,264.33 2 0
ollama-gateway/internal/services/tool_registry.go:264.33,266.3 1 0
ollama-gateway/internal/services/tool_registry.go:267.2,268.16 2 0
ollama-gateway/internal/services/tool_registry.go:268.16,270.3 1 0
ollama-gateway/internal/services/tool_registry.go:271.2,271.23 1 0
ollama-gateway/internal/services/tool_registry.go:280.34,280.51 1 0
ollama-gateway/internal/services/tool_registry.go:282.64,284.18 2 0
ollama-gateway/internal/services/tool_registry.go:284.18,286.3 1 0
ollama-gateway/internal/services/tool_registry.go:287.2,288.15 2 0
ollama-gateway/internal/services/tool_registry.go:288.15,290.3 1 0
ollama-gateway/internal/services/tool_registry.go:292.2,294.19 3 0
ollama-gateway/internal/services/tool_registry.go:294.19,296.3 1 0
ollama-gateway/internal/services/tool_registry.go:298.2,299.90 2 0
ollama-gateway/internal/services/tool_registry.go:299.90,300.67 1 0
ollama-gateway/internal/services/tool_registry.go:300.67,302.4 1 0
ollama-gateway/internal/services/tool_registry.go:305.2,309.16 4 0
ollama-gateway/internal/services/tool_registry.go:309.16,311.3 1 0
ollama-gateway/internal/services/tool_registry.go:312.2,312.87 1 0
ollama-gateway/internal/services/tool_registry.go:312.87,314.3 1 0
ollama-gateway/internal/services/tool_registry.go:316.2,317.16 2 0
ollama-gateway/internal/services/tool_registry.go:317.16,319.3 1 0
ollama-gateway/internal/services/tool_registry.go:320.2,323.16 3 0
ollama-gateway/internal/services/tool_registry.go:323.16,325.3 1 0
ollama-gateway/internal/services/tool_registry.go:326.2,326.28 1 0
ollama-gateway/internal/services/tool_registry.go:326.28,328.3 1 0
ollama-gateway/internal/services/tool_registry.go:330.2,330.30 1 0
ollama-gateway/internal/services/tool_registry.go:338.35,338.52 1 0
ollama-gateway/internal/services/tool_registry.go:340.65,342.19 2 0
ollama-gateway/internal/services/tool_registry.go:342.19,344.3 1 0
ollama-gateway/internal/services/tool_registry.go:346.2,348.20 3 0
ollama-gateway/internal/services/tool_registry.go:348.20,350.3 1 0
ollama-gateway/internal/services/tool_registry.go:352.2,353.90 2 0
ollama-gateway/internal/services/tool_registry.go:353.90,354.67 1 0
ollama-gateway/internal/services/tool_registry.go:354.67,356.4 1 0
ollama-gateway/internal/services/tool_registry.go:359.2,364.16 5 0
ollama-gateway/internal/services/tool_registry.go:364.16,366.20 2 0
ollama-gateway/internal/services/tool_registry.go:366.20,368.4 1 0
ollama-gateway/internal/services/tool_registry.go:369.3,369.48 1 0
ollama-gateway/internal/services/tool_registry.go:371.2,371.44 1 0
ollama-gateway/internal/services/tool_registry.go:374.91,376.35 2 0
ollama-gateway/internal/services/tool_registry.go:376.35,379.3 2 0
ollama-gateway/internal/services/tool_registry.go:380.2,380.31 1 0
ollama-gateway/internal/services/tool_registry.go:380.31,383.3 2 0
ollama-gateway/internal/services/tool_registry.go:384.2,384.15 1 0
ollama-gateway/internal/services/tool_registry.go:387.50,388.21 1 0
ollama-gateway/internal/services/tool_registry.go:388.21,390.3 1 0
ollama-gateway/internal/services/tool_registry.go:391.2,392.29 2 0
ollama-gateway/internal/services/tool_registry.go:392.29,395.3 2 0
ollama-gateway/internal/services/tool_registry.go:396.2,396.38 1 0
ollama-gateway/internal/services/translator.go:19.106,20.19 1 1
ollama-gateway/internal/services/translator.go:20.19,22.3 1 1
ollama-gateway/internal/services/translator.go:23.2,23.73 1 1
ollama-gateway/internal/services/translator.go:26.86,30.16 4 0
ollama-gateway/internal/services/translator.go:30.16,32.3 1 0
ollama-gateway/internal/services/translator.go:33.2,33.20 1 0
ollama-gateway/internal/services/translator.go:33.20,35.3 1 0
ollama-gateway/internal/services/translator.go:36.2,36.18 1 0
ollama-gateway/internal/services/translator.go:36.18,38.3 1 0
ollama-gateway/internal/services/translator.go:40.2,48.16 3 0
ollama-gateway/internal/services/translator.go:48.16,50.3 1 0
ollama-gateway/internal/services/translator.go:51.2,51.37 1 0
ollama-gateway/internal/services/translator.go:54.80,56.16 2 1
ollama-gateway/internal/services/translator.go:56.16,58.3 1 1
ollama-gateway/internal/services/translator.go:60.2,61.20 2 1
ollama-gateway/internal/services/translator.go:61.20,63.3 1 0
ollama-gateway/internal/services/translator.go:65.2,66.16 2 1
ollama-gateway/internal/services/translator.go:66.16,68.3 1 0
ollama-gateway/internal/services/translator.go:70.2,82.16 4 1
ollama-gateway/internal/services/translator.go:82.16,84.3 1 0
ollama-gateway/internal/services/translator.go:85.2,85.37 1 1
ollama-gateway/internal/services/translator.go:88.76,90.19 2 1
ollama-gateway/internal/services/translator.go:90.19,92.3 1 0
ollama-gateway/internal/services/translator.go:93.2,94.16 2 1
ollama-gateway/internal/services/translator.go:94.16,96.3 1 0
ollama-gateway/internal/services/translator.go:98.2,99.32 2 1
ollama-gateway/internal/services/translator.go:99.32,101.3 1 1
ollama-gateway/internal/services/translator.go:102.2,103.16 2 1
ollama-gateway/internal/services/translator.go:103.16,105.3 1 0
ollama-gateway/internal/services/translator.go:106.2,106.89 1 1
ollama-gateway/internal/services/translator.go:106.89,108.3 1 1
ollama-gateway/internal/services/translator.go:109.2,109.21 1 1
ollama-gateway/internal/services/translator.go:112.62,114.16 2 1
ollama-gateway/internal/services/translator.go:114.16,116.3 1 0
ollama-gateway/internal/services/translator.go:117.2,118.16 2 1
ollama-gateway/internal/services/translator.go:118.16,120.3 1 0
ollama-gateway/internal/services/translator.go:121.2,121.30 1 1
ollama-gateway/internal/services/translator.go:124.41,126.13 2 1
ollama-gateway/internal/services/translator.go:127.13,128.14 1 1
ollama-gateway/internal/services/translator.go:129.13,130.18 1 0
ollama-gateway/internal/services/translator.go:131.13,132.22 1 0
ollama-gateway/internal/services/translator.go:133.13,134.22 1 1
ollama-gateway/internal/services/translator.go:135.15,136.16 1 0
ollama-gateway/internal/services/translator.go:137.13,138.16 1 0
ollama-gateway/internal/services/translator.go:139.13,140.18 1 0
ollama-gateway/internal/services/translator.go:141.29,142.15 1 0
ollama-gateway/internal/services/translator.go:143.12,144.13 1 0
ollama-gateway/internal/services/translator.go:145.13,146.16 1 0
ollama-gateway/internal/services/translator.go:147.14,148.15 1 0
ollama-gateway/internal/services/translator.go:149.10,150.12 1 1
ollama-gateway/internal/services/vector_store.go:30.79,32.16 2 1
ollama-gateway/internal/services/vector_store.go:32.16,34.3 1 0
ollama-gateway/internal/services/vector_store.go:35.2,35.70 1 1
ollama-gateway/internal/services/vector_store.go:35.70,37.3 1 0
ollama-gateway/internal/services/vector_store.go:38.2,42.37 2 1
ollama-gateway/internal/services/vector_store.go:42.37,44.3 1 0
ollama-gateway/internal/services/vector_store.go:45.2,45.19 1 1
ollama-gateway/internal/services/vector_store.go:48.73,50.16 2 1
ollama-gateway/internal/services/vector_store.go:50.16,52.3 1 0
ollama-gateway/internal/services/vector_store.go:53.2,54.27 2 1
ollama-gateway/internal/services/vector_store.go:54.27,56.3 1 1
ollama-gateway/internal/services/vector_store.go:57.2,58.16 2 1
ollama-gateway/internal/services/vector_store.go:58.16,60.3 1 0
ollama-gateway/internal/services/vector_store.go:61.2,62.67 2 1
ollama-gateway/internal/services/vector_store.go:62.67,64.3 1 1
ollama-gateway/internal/services/vector_store.go:65.2,65.21 1 1
ollama-gateway/internal/services/vector_store.go:68.40,70.16 2 1
ollama-gateway/internal/services/vector_store.go:70.16,71.25 1 1
ollama-gateway/internal/services/vector_store.go:71.25,73.4 1 1
ollama-gateway/internal/services/vector_store.go:74.3,74.13 1 0
ollama-gateway/internal/services/vector_store.go:76.2,76.17 1 1
ollama-gateway/internal/services/vector_store.go:76.17,78.3 1 0
ollama-gateway/internal/services/vector_store.go:79.2,80.56 2 1
ollama-gateway/internal/services/vector_store.go:80.56,82.3 1 0
ollama-gateway/internal/services/vector_store.go:83.2,84.12 2 1
ollama-gateway/internal/services/vector_store.go:87.49,89.16 2 1
ollama-gateway/internal/services/vector_store.go:89.16,91.3 1 0
ollama-gateway/internal/services/vector_store.go:92.2,93.58 2 1
ollama-gateway/internal/services/vector_store.go:93.58,95.3 1 0
ollama-gateway/internal/services/vector_store.go:96.2,96.35 1 1
ollama-gateway/internal/services/vector_store.go:99.118,102.45 3 1
ollama-gateway/internal/services/vector_store.go:102.45,104.3 1 1
ollama-gateway/internal/services/vector_store.go:105.2,110.26 2 1
ollama-gateway/internal/services/vector_store.go:113.114,125.31 6 1
ollama-gateway/internal/services/vector_store.go:125.31,131.3 1 1
ollama-gateway/internal/services/vector_store.go:133.2,133.42 1 1
ollama-gateway/internal/services/vector_store.go:133.42,135.3 1 1
ollama-gateway/internal/services/vector_store.go:137.2,137.40 1 1
ollama-gateway/internal/services/vector_store.go:137.40,139.3 1 0
ollama-gateway/internal/services/vector_store.go:140.2,141.39 2 1
ollama-gateway/internal/services/vector_store.go:141.39,147.3 1 1
ollama-gateway/internal/services/vector_store.go:149.2,149.53 1 1
ollama-gateway/internal/services/vector_store.go:152.54,153.39 1 1
ollama-gateway/internal/services/vector_store.go:153.39,155.3 1 0
ollama-gateway/internal/services/vector_store.go:156.2,157.24 2 1
ollama-gateway/internal/services/vector_store.go:157.24,159.3 1 0
ollama-gateway/internal/services/vector_store.go:160.2,163.29 4 1
ollama-gateway/internal/services/vector_store.go:163.29,167.3 3 1
ollama-gateway/internal/services/vector_store.go:168.2,168.37 1 1
ollama-gateway/internal/services/vector_store.go:168.37,170.3 1 0
ollama-gateway/internal/services/vector_store.go:171.2,171.59 1 1
ollama-gateway/pkg/cache/memory.go:17.31,19.2 1 1
ollama-gateway/pkg/cache/memory.go:21.55,23.9 2 1
ollama-gateway/pkg/cache/memory.go:23.9,25.3 1 1
ollama-gateway/pkg/cache/memory.go:26.2,27.9 2 1
ollama-gateway/pkg/cache/memory.go:27.9,30.3 2 0
ollama-gateway/pkg/cache/memory.go:31.2,31.66 1 1
ollama-gateway/pkg/cache/memory.go:31.66,34.3 2 1
ollama-gateway/pkg/cache/memory.go:35.2,37.17 3 1
ollama-gateway/pkg/cache/memory.go:40.76,44.13 4 1
ollama-gateway/pkg/cache/memory.go:44.13,46.3 1 1
ollama-gateway/pkg/cache/memory.go:47.2,48.12 2 1
ollama-gateway/pkg/cache/memory.go:51.48,54.2 2 1
ollama-gateway/pkg/cache/redis.go:15.53,17.16 2 0
ollama-gateway/pkg/cache/redis.go:17.16,19.3 1 0
ollama-gateway/pkg/cache/redis.go:20.2,23.47 4 0
ollama-gateway/pkg/cache/redis.go:23.47,25.3 1 0
ollama-gateway/pkg/cache/redis.go:26.2,26.41 1 0
ollama-gateway/pkg/cache/redis.go:29.54,31.22 2 0
ollama-gateway/pkg/cache/redis.go:31.22,33.3 1 0
ollama-gateway/pkg/cache/redis.go:34.2,34.16 1 0
ollama-gateway/pkg/cache/redis.go:34.16,36.3 1 0
ollama-gateway/pkg/cache/redis.go:37.2,39.17 3 0
ollama-gateway/pkg/cache/redis.go:42.75,44.2 1 0
ollama-gateway/pkg/cache/redis.go:46.47,48.2 1 0
ollama-gateway/pkg/cache/redis.go:50.36,52.2 1 0
ollama-gateway/pkg/reposcope/reposcope.go:12.49,15.29 3 1
ollama-gateway/pkg/reposcope/reposcope.go:15.29,17.20 2 1
ollama-gateway/pkg/reposcope/reposcope.go:17.20,18.12 1 1
ollama-gateway/pkg/reposcope/reposcope.go:20.3,21.17 2 1
ollama-gateway/pkg/reposcope/reposcope.go:21.17,22.12 1 0
ollama-gateway/pkg/reposcope/reposcope.go:24.3,24.29 1 1
ollama-gateway/pkg/reposcope/reposcope.go:24.29,25.12 1 1
ollama-gateway/pkg/reposcope/reposcope.go:27.3,28.25 2 1
ollama-gateway/pkg/reposcope/reposcope.go:30.2,30.12 1 1
ollama-gateway/pkg/reposcope/reposcope.go:33.39,37.19 4 1
ollama-gateway/pkg/reposcope/reposcope.go:37.19,39.3 1 1
ollama-gateway/pkg/reposcope/reposcope.go:40.2,40.12 1 0
ollama-gateway/pkg/reposcope/reposcope.go:43.45,45.13 2 1
ollama-gateway/pkg/reposcope/reposcope.go:45.13,47.3 1 0
ollama-gateway/pkg/reposcope/reposcope.go:48.2,48.20 1 1
ollama-gateway/pkg/reposcope/reposcope.go:51.62,53.13 2 1
ollama-gateway/pkg/reposcope/reposcope.go:53.13,55.3 1 0
ollama-gateway/pkg/reposcope/reposcope.go:57.2,59.44 3 1
ollama-gateway/pkg/reposcope/reposcope.go:59.44,61.32 2 1
ollama-gateway/pkg/reposcope/reposcope.go:61.32,64.4 2 1
ollama-gateway/pkg/reposcope/reposcope.go:66.2,66.15 1 1
ollama-gateway/pkg/reposcope/reposcope.go:66.15,68.3 1 0
ollama-gateway/pkg/reposcope/reposcope.go:69.2,69.70 1 1
ollama-gateway/pkg/reposcope/reposcope.go:72.68,74.18 2 1
ollama-gateway/pkg/reposcope/reposcope.go:74.18,76.3 1 0
ollama-gateway/pkg/reposcope/reposcope.go:78.2,79.28 2 1
ollama-gateway/pkg/reposcope/reposcope.go:79.28,80.51 1 0
ollama-gateway/pkg/reposcope/reposcope.go:80.51,82.4 1 0
ollama-gateway/pkg/reposcope/reposcope.go:85.2,85.29 1 1
ollama-gateway/pkg/reposcope/reposcope.go:85.29,86.43 1 1
ollama-gateway/pkg/reposcope/reposcope.go:86.43,88.4 1 0
ollama-gateway/pkg/reposcope/reposcope.go:89.3,89.53 1 1
ollama-gateway/pkg/reposcope/reposcope.go:89.53,91.4 1 1
ollama-gateway/pkg/reposcope/reposcope.go:92.3,92.21 1 0
ollama-gateway/pkg/reposcope/reposcope.go:92.21,94.4 1 0
ollama-gateway/pkg/reposcope/reposcope.go:96.2,96.18 1 0
ollama-gateway/pkg/reposcope/reposcope.go:99.54,101.16 2 1
ollama-gateway/pkg/reposcope/reposcope.go:101.16,103.3 1 0
ollama-gateway/pkg/reposcope/reposcope.go:104.2,105.29 2 1
ollama-gateway/pkg/reposcope/reposcope.go:105.29,106.83 1 1
ollama-gateway/pkg/reposcope/reposcope.go:106.83,107.32 1 1
ollama-gateway/pkg/reposcope/reposcope.go:107.32,109.5 1 1
ollama-gateway/pkg/reposcope/reposcope.go:112.2,112.16 1 1
ollama-gateway/pkg/httpclient/client.go:18.52,36.2 3 1
ollama-gateway/pkg/httpclient/client.go:38.45,39.23 1 1
ollama-gateway/pkg/httpclient/client.go:39.23,41.3 1 1
ollama-gateway/pkg/httpclient/client.go:42.2,42.26 1 1
ollama-gateway/pkg/httpclient/client.go:42.26,44.3 1 1
ollama-gateway/pkg/httpclient/client.go:45.2,45.28 1 1
ollama-gateway/pkg/httpclient/client.go:45.28,47.3 1 1
ollama-gateway/pkg/httpclient/client.go:48.2,48.35 1 1
ollama-gateway/pkg/httpclient/client.go:48.35,50.3 1 1
ollama-gateway/pkg/httpclient/client.go:51.2,51.31 1 1
ollama-gateway/pkg/httpclient/client.go:51.31,53.3 1 1
ollama-gateway/pkg/httpclient/client.go:54.2,54.35 1 1
ollama-gateway/pkg/httpclient/client.go:54.35,56.3 1 1
ollama-gateway/pkg/httpclient/client.go:57.2,57.13 1 1
ollama-gateway/pkg/httpclient/retry.go:22.86,23.17 1 1
ollama-gateway/pkg/httpclient/retry.go:23.17,25.3 1 0
ollama-gateway/pkg/httpclient/retry.go:26.2,26.22 1 1
ollama-gateway/pkg/httpclient/retry.go:26.22,28.3 1 0
ollama-gateway/pkg/httpclient/retry.go:29.2,34.3 1 1
ollama-gateway/pkg/httpclient/retry.go:37.82,38.16 1 1
ollama-gateway/pkg/httpclient/retry.go:38.16,40.3 1 0
ollama-gateway/pkg/httpclient/retry.go:42.2,45.56 3 1
ollama-gateway/pkg/httpclient/retry.go:45.56,47.17 2 1
ollama-gateway/pkg/httpclient/retry.go:47.17,49.4 1 0
ollama-gateway/pkg/httpclient/retry.go:51.3,52.46 2 1
ollama-gateway/pkg/httpclient/retry.go:52.46,54.4 1 1
ollama-gateway/pkg/httpclient/retry.go:56.3,59.38 3 1
ollama-gateway/pkg/httpclient/retry.go:59.38,62.4 2 1
ollama-gateway/pkg/httpclient/retry.go:64.3,66.48 3 1
ollama-gateway/pkg/httpclient/retry.go:66.48,67.34 1 0
ollama-gateway/pkg/httpclient/retry.go:67.34,69.5 1 0
ollama-gateway/pkg/httpclient/retry.go:70.4,70.9 1 0
ollama-gateway/pkg/httpclient/retry.go:74.2,74.20 1 0
ollama-gateway/pkg/httpclient/retry.go:74.20,76.3 1 0
ollama-gateway/pkg/httpclient/retry.go:77.2,77.22 1 0
ollama-gateway/pkg/httpclient/retry.go:80.110,81.30 1 1
ollama-gateway/pkg/httpclient/retry.go:81.30,83.3 1 1
ollama-gateway/pkg/httpclient/retry.go:85.2,85.31 1 1
ollama-gateway/pkg/httpclient/retry.go:85.31,87.3 1 0
ollama-gateway/pkg/httpclient/retry.go:89.2,89.16 1 1
ollama-gateway/pkg/httpclient/retry.go:89.16,90.83 1 1
ollama-gateway/pkg/httpclient/retry.go:90.83,92.4 1 1
ollama-gateway/pkg/httpclient/retry.go:93.3,93.14 1 0
ollama-gateway/pkg/httpclient/retry.go:96.2,96.17 1 1
ollama-gateway/pkg/httpclient/retry.go:96.17,98.3 1 0
ollama-gateway/pkg/httpclient/retry.go:100.2,100.57 1 1
ollama-gateway/pkg/httpclient/retry.go:103.50,104.48 1 1
ollama-gateway/pkg/httpclient/retry.go:104.48,106.3 1 1
ollama-gateway/pkg/httpclient/retry.go:107.2,107.57 1 0
ollama-gateway/pkg/httpclient/retry.go:107.57,109.3 1 0
ollama-gateway/pkg/httpclient/retry.go:110.2,110.27 1 0
ollama-gateway/pkg/httpclient/retry.go:113.77,114.18 1 1
ollama-gateway/pkg/httpclient/retry.go:114.18,116.3 1 1
ollama-gateway/pkg/httpclient/retry.go:117.2,118.48 2 1
ollama-gateway/pkg/httpclient/retry.go:118.48,120.3 1 1
ollama-gateway/pkg/httpclient/retry.go:121.2,121.24 1 0
ollama-gateway/pkg/httpclient/retry.go:121.24,123.3 1 0
ollama-gateway/pkg/httpclient/retry.go:124.2,125.16 2 0
ollama-gateway/pkg/httpclient/retry.go:125.16,127.3 1 0
ollama-gateway/pkg/httpclient/retry.go:128.2,129.20 2 0
ollama-gateway/pkg/httpclient/retry.go:132.67,133.18 1 1
ollama-gateway/pkg/httpclient/retry.go:133.18,135.3 1 0
ollama-gateway/pkg/httpclient/retry.go:136.2,137.28 2 1
ollama-gateway/pkg/httpclient/retry.go:137.28,139.3 1 0
ollama-gateway/pkg/httpclient/retry.go:140.2,140.16 1 1
ollama-gateway/pkg/httpclient/retry.go:143.66,146.9 3 1
ollama-gateway/pkg/httpclient/retry.go:147.20,148.15 1 1
ollama-gateway/pkg/httpclient/retry.go:149.13,150.14 1 1
ollama-gateway/pkg/httpclient/retry.go:154.119,156.21 2 1
ollama-gateway/pkg/httpclient/retry.go:156.21,158.3 1 1
ollama-gateway/pkg/httpclient/retry.go:159.2,159.16 1 1
ollama-gateway/pkg/httpclient/retry.go:159.16,163.3 2 0
ollama-gateway/pkg/httpclient/retry.go:164.2,165.17 2 1
ollama-gateway/pkg/httpclient/retry.go:165.17,167.3 1 1
ollama-gateway/pkg/httpclient/retry.go:168.2,169.82 1 1
ollama-gateway/pkg/httputil/pagination.go:9.64,13.45 3 1
ollama-gateway/pkg/httputil/pagination.go:13.45,14.63 1 1
ollama-gateway/pkg/httputil/pagination.go:14.63,16.4 1 1
ollama-gateway/pkg/httputil/pagination.go:18.2,18.50 1 1
ollama-gateway/pkg/httputil/pagination.go:18.50,19.63 1 1
ollama-gateway/pkg/httputil/pagination.go:19.63,21.4 1 1
ollama-gateway/pkg/httputil/pagination.go:24.2,24.20 1 1
ollama-gateway/pkg/httputil/pagination.go:24.20,26.3 1 1
ollama-gateway/pkg/httputil/pagination.go:28.2,28.23 1 1
ollama-gateway/pkg/httputil/pagination.go:31.102,33.18 2 1
ollama-gateway/pkg/httputil/pagination.go:33.18,35.3 1 1
ollama-gateway/pkg/httputil/pagination.go:36.2,42.4 1 1
ollama-gateway/pkg/httputil/response.go:14.66,18.2 3 1
ollama-gateway/pkg/httputil/response.go:20.64,22.2 1 1
ollama-gateway/pkg/httputil/response.go:24.51,25.36 1 1
ollama-gateway/pkg/httputil/response.go:25.36,27.3 1 1
ollama-gateway/pkg/httputil/response.go:28.2,31.12 4 1
ollama-gateway/pkg/httputil/response.go:34.69,36.16 2 1
ollama-gateway/pkg/httputil/response.go:36.16,38.3 1 0
ollama-gateway/pkg/httputil/response.go:39.2,39.64 1 1
ollama-gateway/pkg/httputil/response.go:39.64,41.3 1 0
ollama-gateway/pkg/httputil/response.go:42.2,42.41 1 1
ollama-gateway/pkg/httputil/response.go:42.41,44.3 1 1
ollama-gateway/pkg/httputil/response.go:45.2,45.12 1 1
ollama-gateway/pkg/httputil/response.go:48.48,49.61 1 1
ollama-gateway/pkg/httputil/response.go:49.61,51.3 1 0
ollama-gateway/pkg/httputil/response.go:52.2,52.41 1 1
ollama-gateway/pkg/httputil/response.go:52.41,54.3 1 1
ollama-gateway/pkg/httputil/response.go:55.2,55.12 1 1
